{"meta": {"format": 3, "version": "7.11.0", "timestamp": "2025-11-06T12:54:18.602658", "branch_coverage": true, "show_contexts": false}, "files": {"squiggy/__init__.py": {"executed_lines": [1, 26, 30, 31, 32, 41, 69, 76, 77, 80, 91, 107, 108, 113, 114, 119, 204], "summary": {"covered_lines": 16, "num_statements": 20, "percent_covered": 80.0, "percent_covered_display": "80.00", "missing_lines": 4, "excluded_lines": 0, "num_branches": 0, "num_partial_branches": 0, "covered_branches": 0, "missing_branches": 0}, "missing_lines": [109, 110, 115, 116], "excluded_lines": [], "executed_branches": [], "missing_branches": [], "functions": {"": {"executed_lines": [1, 26, 30, 31, 32, 41, 69, 76, 77, 80, 91, 107, 108, 113, 114, 119, 204], "summary": {"covered_lines": 16, "num_statements": 20, "percent_covered": 80.0, "percent_covered_display": "80.00", "missing_lines": 4, "excluded_lines": 0, "num_branches": 0, "num_partial_branches": 0, "covered_branches": 0, "missing_branches": 0}, "missing_lines": [109, 110, 115, 116], "excluded_lines": [], "executed_branches": [], "missing_branches": []}}, "classes": {"": {"executed_lines": [1, 26, 30, 31, 32, 41, 69, 76, 77, 80, 91, 107, 108, 113, 114, 119, 204], "summary": {"covered_lines": 16, "num_statements": 20, "percent_covered": 80.0, "percent_covered_display": "80.00", "missing_lines": 4, "excluded_lines": 0, "num_branches": 0, "num_partial_branches": 0, "covered_branches": 0, "missing_branches": 0}, "missing_lines": [109, 110, 115, 116], "excluded_lines": [], "executed_branches": [], "missing_branches": []}}}, "squiggy/alignment.py": {"executed_lines": [1, 3, 4, 6, 7, 9, 11, 14, 15, 16, 18, 19, 20, 21, 22, 23, 26, 27, 28, 30, 31, 32, 33, 34, 35, 36, 37, 38, 43, 66, 171], "summary": {"covered_lines": 28, "num_statements": 83, "percent_covered": 25.68807339449541, "percent_covered_display": "25.69", "missing_lines": 55, "excluded_lines": 0, "num_branches": 26, "num_partial_branches": 0, "covered_branches": 0, "missing_branches": 26}, "missing_lines": [53, 54, 55, 56, 57, 58, 59, 63, 76, 77, 78, 81, 82, 84, 89, 90, 94, 95, 96, 97, 98, 101, 102, 103, 105, 106, 107, 110, 112, 113, 115, 116, 119, 122, 125, 126, 127, 129, 137, 138, 140, 143, 144, 145, 146, 149, 150, 151, 153, 154, 156, 158, 180, 181, 183], "excluded_lines": [], "executed_branches": [], "missing_branches": [[55, 56], [55, 63], [56, 55], [56, 57], [77, 78], [77, 81], [81, 82], [81, 84], [95, 96], [95, 101], [96, 97], [96, 101], [97, 96], [97, 98], [105, 106], [105, 143], [106, 107], [106, 140], [107, 110], [107, 140], [112, 113], [112, 119], [113, 112], [113, 115], [126, 127], [126, 129]], "functions": {"extract_alignment_from_bam": {"executed_lines": [], "summary": {"covered_lines": 0, "num_statements": 8, "percent_covered": 0.0, "percent_covered_display": "0.00", "missing_lines": 8, "excluded_lines": 0, "num_branches": 4, "num_partial_branches": 0, "covered_branches": 0, "missing_branches": 4}, "missing_lines": [53, 54, 55, 56, 57, 58, 59, 63], "excluded_lines": [], "executed_branches": [], "missing_branches": [[55, 56], [55, 63], [56, 55], [56, 57]]}, "_parse_alignment": {"executed_lines": [], "summary": {"covered_lines": 0, "num_statements": 44, "percent_covered": 0.0, "percent_covered_display": "0.00", "missing_lines": 44, "excluded_lines": 0, "num_branches": 22, "num_partial_branches": 0, "covered_branches": 0, "missing_branches": 22}, "missing_lines": [76, 77, 78, 81, 82, 84, 89, 90, 94, 95, 96, 97, 98, 101, 102, 103, 105, 106, 107, 110, 112, 113, 115, 116, 119, 122, 125, 126, 127, 129, 137, 138, 140, 143, 144, 145, 146, 149, 150, 151, 153, 154, 156, 158], "excluded_lines": [], "executed_branches": [], "missing_branches": [[77, 78], [77, 81], [81, 82], [81, 84], [95, 96], [95, 101], [96, 97], [96, 101], [97, 96], [97, 98], [105, 106], [105, 143], [106, 107], [106, 140], [107, 110], [107, 140], [112, 113], [112, 119], [113, 112], [113, 115], [126, 127], [126, 129]]}, "get_base_to_signal_mapping": {"executed_lines": [], "summary": {"covered_lines": 0, "num_statements": 3, "percent_covered": 0.0, "percent_covered_display": "0.00", "missing_lines": 3, "excluded_lines": 0, "num_branches": 0, "num_partial_branches": 0, "covered_branches": 0, "missing_branches": 0}, "missing_lines": [180, 181, 183], "excluded_lines": [], "executed_branches": [], "missing_branches": []}, "": {"executed_lines": [1, 3, 4, 6, 7, 9, 11, 14, 15, 16, 18, 19, 20, 21, 22, 23, 26, 27, 28, 30, 31, 32, 33, 34, 35, 36, 37, 38, 43, 66, 171], "summary": {"covered_lines": 28, "num_statements": 28, "percent_covered": 100.0, "percent_covered_display": "100.00", "missing_lines": 0, "excluded_lines": 0, "num_branches": 0, "num_partial_branches": 0, "covered_branches": 0, "missing_branches": 0}, "missing_lines": [], "excluded_lines": [], "executed_branches": [], "missing_branches": []}}, "classes": {"BaseAnnotation": {"executed_lines": [], "summary": {"covered_lines": 0, "num_statements": 0, "percent_covered": 100.0, "percent_covered_display": "100.00", "missing_lines": 0, "excluded_lines": 0, "num_branches": 0, "num_partial_branches": 0, "covered_branches": 0, "missing_branches": 0}, "missing_lines": [], "excluded_lines": [], "executed_branches": [], "missing_branches": []}, "AlignedRead": {"executed_lines": [], "summary": {"covered_lines": 0, "num_statements": 0, "percent_covered": 100.0, "percent_covered_display": "100.00", "missing_lines": 0, "excluded_lines": 0, "num_branches": 0, "num_partial_branches": 0, "covered_branches": 0, "missing_branches": 0}, "missing_lines": [], "excluded_lines": [], "executed_branches": [], "missing_branches": []}, "": {"executed_lines": [1, 3, 4, 6, 7, 9, 11, 14, 15, 16, 18, 19, 20, 21, 22, 23, 26, 27, 28, 30, 31, 32, 33, 34, 35, 36, 37, 38, 43, 66, 171], "summary": {"covered_lines": 28, "num_statements": 83, "percent_covered": 25.68807339449541, "percent_covered_display": "25.69", "missing_lines": 55, "excluded_lines": 0, "num_branches": 26, "num_partial_branches": 0, "covered_branches": 0, "missing_branches": 26}, "missing_lines": [53, 54, 55, 56, 57, 58, 59, 63, 76, 77, 78, 81, 82, 84, 89, 90, 94, 95, 96, 97, 98, 101, 102, 103, 105, 106, 107, 110, 112, 113, 115, 116, 119, 122, 125, 126, 127, 129, 137, 138, 140, 143, 144, 145, 146, 149, 150, 151, 153, 154, 156, 158, 180, 181, 183], "excluded_lines": [], "executed_branches": [], "missing_branches": [[55, 56], [55, 63], [56, 55], [56, 57], [77, 78], [77, 81], [81, 82], [81, 84], [95, 96], [95, 101], [96, 97], [96, 101], [97, 96], [97, 98], [105, 106], [105, 143], [106, 107], [106, 140], [107, 110], [107, 140], [112, 113], [112, 119], [113, 112], [113, 115], [126, 127], [126, 129]]}}}, "squiggy/api.py": {"executed_lines": [1, 38, 39, 41, 42, 43, 44, 46, 47, 48, 49, 50, 51, 53, 56, 57, 72, 89, 90, 96, 100, 120, 141, 147, 151, 156, 160, 161, 172, 187, 188, 192, 193, 197, 198, 202, 222, 248, 357, 361, 362, 377, 403, 404, 412, 430, 455, 480, 541, 547, 551, 556, 561, 562, 578, 607, 608, 614, 635, 661, 685, 691, 695, 700, 705, 731], "summary": {"covered_lines": 61, "num_statements": 213, "percent_covered": 21.863799283154123, "percent_covered_display": "21.86", "missing_lines": 152, "excluded_lines": 1, "num_branches": 66, "num_partial_branches": 0, "covered_branches": 0, "missing_branches": 66}, "missing_lines": [74, 76, 77, 78, 81, 84, 87, 92, 93, 94, 98, 113, 114, 115, 117, 118, 134, 135, 136, 137, 138, 139, 143, 144, 145, 149, 153, 154, 157, 180, 183, 184, 185, 190, 195, 200, 217, 218, 220, 241, 242, 243, 245, 246, 289, 292, 293, 294, 295, 298, 299, 300, 303, 305, 306, 307, 308, 310, 311, 312, 316, 321, 322, 327, 333, 334, 338, 346, 350, 352, 353, 355, 358, 379, 381, 382, 383, 386, 389, 390, 392, 393, 394, 397, 400, 401, 406, 407, 410, 428, 448, 450, 451, 452, 453, 471, 472, 475, 477, 478, 509, 512, 513, 515, 518, 521, 523, 525, 528, 531, 532, 533, 534, 536, 537, 539, 543, 544, 545, 549, 553, 554, 557, 558, 580, 582, 583, 584, 587, 590, 591, 592, 596, 602, 605, 610, 611, 612, 633, 659, 683, 687, 688, 689, 693, 697, 698, 701, 702, 725, 726, 728], "excluded_lines": [562], "executed_branches": [], "missing_branches": [[76, 77], [76, 81], [92, 93], [92, 94], [113, 114], [113, 117], [114, 113], [114, 115], [135, -120], [135, 136], [136, 137], [136, 138], [143, -141], [143, 144], [217, 218], [217, 220], [241, 242], [241, 245], [292, 293], [292, 294], [294, 295], [294, 298], [305, 306], [305, 321], [306, 307], [306, 310], [311, 312], [311, 321], [321, 322], [321, 333], [333, 334], [333, 346], [381, 382], [381, 386], [390, 392], [390, 397], [393, 394], [393, 397], [406, 407], [406, 410], [450, -430], [450, 451], [452, 450], [452, 453], [471, 472], [471, 475], [512, 513], [512, 515], [523, 525], [523, 539], [531, 532], [531, 536], [533, 531], [533, 534], [536, 523], [536, 537], [543, -541], [543, 544], [582, 583], [582, 587], [591, 592], [591, 602], [610, 611], [610, 612], [687, -685], [687, 688]], "functions": {"Pod5File.__init__": {"executed_lines": [], "summary": {"covered_lines": 0, "num_statements": 7, "percent_covered": 0.0, "percent_covered_display": "0.00", "missing_lines": 7, "excluded_lines": 0, "num_branches": 2, "num_partial_branches": 0, "covered_branches": 0, "missing_branches": 2}, "missing_lines": [74, 76, 77, 78, 81, 84, 87], "excluded_lines": [], "executed_branches": [], "missing_branches": [[76, 77], [76, 81]]}, "Pod5File.read_ids": {"executed_lines": [], "summary": {"covered_lines": 0, "num_statements": 3, "percent_covered": 0.0, "percent_covered_display": "0.00", "missing_lines": 3, "excluded_lines": 0, "num_branches": 2, "num_partial_branches": 0, "covered_branches": 0, "missing_branches": 2}, "missing_lines": [92, 93, 94], "excluded_lines": [], "executed_branches": [], "missing_branches": [[92, 93], [92, 94]]}, "Pod5File.__len__": {"executed_lines": [], "summary": {"covered_lines": 0, "num_statements": 1, "percent_covered": 0.0, "percent_covered_display": "0.00", "missing_lines": 1, "excluded_lines": 0, "num_branches": 0, "num_partial_branches": 0, "covered_branches": 0, "missing_branches": 0}, "missing_lines": [98], "excluded_lines": [], "executed_branches": [], "missing_branches": []}, "Pod5File.get_read": {"executed_lines": [], "summary": {"covered_lines": 0, "num_statements": 5, "percent_covered": 0.0, "percent_covered_display": "0.00", "missing_lines": 5, "excluded_lines": 0, "num_branches": 4, "num_partial_branches": 0, "covered_branches": 0, "missing_branches": 4}, "missing_lines": [113, 114, 115, 117, 118], "excluded_lines": [], "executed_branches": [], "missing_branches": [[113, 114], [113, 117], [114, 113], [114, 115]]}, "Pod5File.iter_reads": {"executed_lines": [], "summary": {"covered_lines": 0, "num_statements": 6, "percent_covered": 0.0, "percent_covered_display": "0.00", "missing_lines": 6, "excluded_lines": 0, "num_branches": 4, "num_partial_branches": 0, "covered_branches": 0, "missing_branches": 4}, "missing_lines": [134, 135, 136, 137, 138, 139], "excluded_lines": [], "executed_branches": [], "missing_branches": [[135, -120], [135, 136], [136, 137], [136, 138]]}, "Pod5File.close": {"executed_lines": [], "summary": {"covered_lines": 0, "num_statements": 3, "percent_covered": 0.0, "percent_covered_display": "0.00", "missing_lines": 3, "excluded_lines": 0, "num_branches": 2, "num_partial_branches": 0, "covered_branches": 0, "missing_branches": 2}, "missing_lines": [143, 144, 145], "excluded_lines": [], "executed_branches": [], "missing_branches": [[143, -141], [143, 144]]}, "Pod5File.__enter__": {"executed_lines": [], "summary": {"covered_lines": 0, "num_statements": 1, "percent_covered": 0.0, "percent_covered_display": "0.00", "missing_lines": 1, "excluded_lines": 0, "num_branches": 0, "num_partial_branches": 0, "covered_branches": 0, "missing_branches": 0}, "missing_lines": [149], "excluded_lines": [], "executed_branches": [], "missing_branches": []}, "Pod5File.__exit__": {"executed_lines": [], "summary": {"covered_lines": 0, "num_statements": 2, "percent_covered": 0.0, "percent_covered_display": "0.00", "missing_lines": 2, "excluded_lines": 0, "num_branches": 0, "num_partial_branches": 0, "covered_branches": 0, "missing_branches": 0}, "missing_lines": [153, 154], "excluded_lines": [], "executed_branches": [], "missing_branches": []}, "Pod5File.__repr__": {"executed_lines": [], "summary": {"covered_lines": 0, "num_statements": 1, "percent_covered": 0.0, "percent_covered_display": "0.00", "missing_lines": 1, "excluded_lines": 0, "num_branches": 0, "num_partial_branches": 0, "covered_branches": 0, "missing_branches": 0}, "missing_lines": [157], "excluded_lines": [], "executed_branches": [], "missing_branches": []}, "Read.__init__": {"executed_lines": [], "summary": {"covered_lines": 0, "num_statements": 4, "percent_covered": 0.0, "percent_covered_display": "0.00", "missing_lines": 4, "excluded_lines": 0, "num_branches": 0, "num_partial_branches": 0, "covered_branches": 0, "missing_branches": 0}, "missing_lines": [180, 183, 184, 185], "excluded_lines": [], "executed_branches": [], "missing_branches": []}, "Read.read_id": {"executed_lines": [], "summary": {"covered_lines": 0, "num_statements": 1, "percent_covered": 0.0, "percent_covered_display": "0.00", "missing_lines": 1, "excluded_lines": 0, "num_branches": 0, "num_partial_branches": 0, "covered_branches": 0, "missing_branches": 0}, "missing_lines": [190], "excluded_lines": [], "executed_branches": [], "missing_branches": []}, "Read.signal": {"executed_lines": [], "summary": {"covered_lines": 0, "num_statements": 1, "percent_covered": 0.0, "percent_covered_display": "0.00", "missing_lines": 1, "excluded_lines": 0, "num_branches": 0, "num_partial_branches": 0, "covered_branches": 0, "missing_branches": 0}, "missing_lines": [195], "excluded_lines": [], "executed_branches": [], "missing_branches": []}, "Read.sample_rate": {"executed_lines": [], "summary": {"covered_lines": 0, "num_statements": 1, "percent_covered": 0.0, "percent_covered_display": "0.00", "missing_lines": 1, "excluded_lines": 0, "num_branches": 0, "num_partial_branches": 0, "covered_branches": 0, "missing_branches": 0}, "missing_lines": [200], "excluded_lines": [], "executed_branches": [], "missing_branches": []}, "Read.get_normalized": {"executed_lines": [], "summary": {"covered_lines": 0, "num_statements": 3, "percent_covered": 0.0, "percent_covered_display": "0.00", "missing_lines": 3, "excluded_lines": 0, "num_branches": 2, "num_partial_branches": 0, "covered_branches": 0, "missing_branches": 2}, "missing_lines": [217, 218, 220], "excluded_lines": [], "executed_branches": [], "missing_branches": [[217, 218], [217, 220]]}, "Read.get_alignment": {"executed_lines": [], "summary": {"covered_lines": 0, "num_statements": 5, "percent_covered": 0.0, "percent_covered_display": "0.00", "missing_lines": 5, "excluded_lines": 0, "num_branches": 2, "num_partial_branches": 0, "covered_branches": 0, "missing_branches": 2}, "missing_lines": [241, 242, 243, 245, 246], "excluded_lines": [], "executed_branches": [], "missing_branches": [[241, 242], [241, 245]]}, "Read.plot": {"executed_lines": [], "summary": {"covered_lines": 0, "num_statements": 28, "percent_covered": 0.0, "percent_covered_display": "0.00", "missing_lines": 28, "excluded_lines": 0, "num_branches": 14, "num_partial_branches": 0, "covered_branches": 0, "missing_branches": 14}, "missing_lines": [289, 292, 293, 294, 295, 298, 299, 300, 303, 305, 306, 307, 308, 310, 311, 312, 316, 321, 322, 327, 333, 334, 338, 346, 350, 352, 353, 355], "excluded_lines": [], "executed_branches": [], "missing_branches": [[292, 293], [292, 294], [294, 295], [294, 298], [305, 306], [305, 321], [306, 307], [306, 310], [311, 312], [311, 321], [321, 322], [321, 333], [333, 334], [333, 346]]}, "Read.__repr__": {"executed_lines": [], "summary": {"covered_lines": 0, "num_statements": 1, "percent_covered": 0.0, "percent_covered_display": "0.00", "missing_lines": 1, "excluded_lines": 0, "num_branches": 0, "num_partial_branches": 0, "covered_branches": 0, "missing_branches": 0}, "missing_lines": [358], "excluded_lines": [], "executed_branches": [], "missing_branches": []}, "BamFile.__init__": {"executed_lines": [], "summary": {"covered_lines": 0, "num_statements": 13, "percent_covered": 0.0, "percent_covered_display": "0.00", "missing_lines": 13, "excluded_lines": 0, "num_branches": 6, "num_partial_branches": 0, "covered_branches": 0, "missing_branches": 6}, "missing_lines": [379, 381, 382, 383, 386, 389, 390, 392, 393, 394, 397, 400, 401], "excluded_lines": [], "executed_branches": [], "missing_branches": [[381, 382], [381, 386], [390, 392], [390, 397], [393, 394], [393, 397]]}, "BamFile.references": {"executed_lines": [], "summary": {"covered_lines": 0, "num_statements": 3, "percent_covered": 0.0, "percent_covered_display": "0.00", "missing_lines": 3, "excluded_lines": 0, "num_branches": 2, "num_partial_branches": 0, "covered_branches": 0, "missing_branches": 2}, "missing_lines": [406, 407, 410], "excluded_lines": [], "executed_branches": [], "missing_branches": [[406, 407], [406, 410]]}, "BamFile.get_alignment": {"executed_lines": [], "summary": {"covered_lines": 0, "num_statements": 1, "percent_covered": 0.0, "percent_covered_display": "0.00", "missing_lines": 1, "excluded_lines": 0, "num_branches": 0, "num_partial_branches": 0, "covered_branches": 0, "missing_branches": 0}, "missing_lines": [428], "excluded_lines": [], "executed_branches": [], "missing_branches": []}, "BamFile.iter_region": {"executed_lines": [], "summary": {"covered_lines": 0, "num_statements": 5, "percent_covered": 0.0, "percent_covered_display": "0.00", "missing_lines": 5, "excluded_lines": 0, "num_branches": 4, "num_partial_branches": 0, "covered_branches": 0, "missing_branches": 4}, "missing_lines": [448, 450, 451, 452, 453], "excluded_lines": [], "executed_branches": [], "missing_branches": [[450, -430], [450, 451], [452, 450], [452, 453]]}, "BamFile.get_modifications_info": {"executed_lines": [], "summary": {"covered_lines": 0, "num_statements": 5, "percent_covered": 0.0, "percent_covered_display": "0.00", "missing_lines": 5, "excluded_lines": 0, "num_branches": 2, "num_partial_branches": 0, "covered_branches": 0, "missing_branches": 2}, "missing_lines": [471, 472, 475, 477, 478], "excluded_lines": [], "executed_branches": [], "missing_branches": [[471, 472], [471, 475]]}, "BamFile.get_reads_overlapping_motif": {"executed_lines": [], "summary": {"covered_lines": 0, "num_statements": 16, "percent_covered": 0.0, "percent_covered_display": "0.00", "missing_lines": 16, "excluded_lines": 0, "num_branches": 10, "num_partial_branches": 0, "covered_branches": 0, "missing_branches": 10}, "missing_lines": [509, 512, 513, 515, 518, 521, 523, 525, 528, 531, 532, 533, 534, 536, 537, 539], "excluded_lines": [], "executed_branches": [], "missing_branches": [[512, 513], [512, 515], [523, 525], [523, 539], [531, 532], [531, 536], [533, 531], [533, 534], [536, 523], [536, 537]]}, "BamFile.close": {"executed_lines": [], "summary": {"covered_lines": 0, "num_statements": 3, "percent_covered": 0.0, "percent_covered_display": "0.00", "missing_lines": 3, "excluded_lines": 0, "num_branches": 2, "num_partial_branches": 0, "covered_branches": 0, "missing_branches": 2}, "missing_lines": [543, 544, 545], "excluded_lines": [], "executed_branches": [], "missing_branches": [[543, -541], [543, 544]]}, "BamFile.__enter__": {"executed_lines": [], "summary": {"covered_lines": 0, "num_statements": 1, "percent_covered": 0.0, "percent_covered_display": "0.00", "missing_lines": 1, "excluded_lines": 0, "num_branches": 0, "num_partial_branches": 0, "covered_branches": 0, "missing_branches": 0}, "missing_lines": [549], "excluded_lines": [], "executed_branches": [], "missing_branches": []}, "BamFile.__exit__": {"executed_lines": [], "summary": {"covered_lines": 0, "num_statements": 2, "percent_covered": 0.0, "percent_covered_display": "0.00", "missing_lines": 2, "excluded_lines": 0, "num_branches": 0, "num_partial_branches": 0, "covered_branches": 0, "missing_branches": 0}, "missing_lines": [553, 554], "excluded_lines": [], "executed_branches": [], "missing_branches": []}, "BamFile.__repr__": {"executed_lines": [], "summary": {"covered_lines": 0, "num_statements": 2, "percent_covered": 0.0, "percent_covered_display": "0.00", "missing_lines": 2, "excluded_lines": 0, "num_branches": 0, "num_partial_branches": 0, "covered_branches": 0, "missing_branches": 0}, "missing_lines": [557, 558], "excluded_lines": [], "executed_branches": [], "missing_branches": []}, "FastaFile.__init__": {"executed_lines": [], "summary": {"covered_lines": 0, "num_statements": 11, "percent_covered": 0.0, "percent_covered_display": "0.00", "missing_lines": 11, "excluded_lines": 0, "num_branches": 4, "num_partial_branches": 0, "covered_branches": 0, "missing_branches": 4}, "missing_lines": [580, 582, 583, 584, 587, 590, 591, 592, 596, 602, 605], "excluded_lines": [], "executed_branches": [], "missing_branches": [[582, 583], [582, 587], [591, 592], [591, 602]]}, "FastaFile.references": {"executed_lines": [], "summary": {"covered_lines": 0, "num_statements": 3, "percent_covered": 0.0, "percent_covered_display": "0.00", "missing_lines": 3, "excluded_lines": 0, "num_branches": 2, "num_partial_branches": 0, "covered_branches": 0, "missing_branches": 2}, "missing_lines": [610, 611, 612], "excluded_lines": [], "executed_branches": [], "missing_branches": [[610, 611], [610, 612]]}, "FastaFile.fetch": {"executed_lines": [], "summary": {"covered_lines": 0, "num_statements": 1, "percent_covered": 0.0, "percent_covered_display": "0.00", "missing_lines": 1, "excluded_lines": 0, "num_branches": 0, "num_partial_branches": 0, "covered_branches": 0, "missing_branches": 0}, "missing_lines": [633], "excluded_lines": [], "executed_branches": [], "missing_branches": []}, "FastaFile.search_motif": {"executed_lines": [], "summary": {"covered_lines": 0, "num_statements": 1, "percent_covered": 0.0, "percent_covered_display": "0.00", "missing_lines": 1, "excluded_lines": 0, "num_branches": 0, "num_partial_branches": 0, "covered_branches": 0, "missing_branches": 0}, "missing_lines": [659], "excluded_lines": [], "executed_branches": [], "missing_branches": []}, "FastaFile.count_motifs": {"executed_lines": [], "summary": {"covered_lines": 0, "num_statements": 1, "percent_covered": 0.0, "percent_covered_display": "0.00", "missing_lines": 1, "excluded_lines": 0, "num_branches": 0, "num_partial_branches": 0, "covered_branches": 0, "missing_branches": 0}, "missing_lines": [683], "excluded_lines": [], "executed_branches": [], "missing_branches": []}, "FastaFile.close": {"executed_lines": [], "summary": {"covered_lines": 0, "num_statements": 3, "percent_covered": 0.0, "percent_covered_display": "0.00", "missing_lines": 3, "excluded_lines": 0, "num_branches": 2, "num_partial_branches": 0, "covered_branches": 0, "missing_branches": 2}, "missing_lines": [687, 688, 689], "excluded_lines": [], "executed_branches": [], "missing_branches": [[687, -685], [687, 688]]}, "FastaFile.__enter__": {"executed_lines": [], "summary": {"covered_lines": 0, "num_statements": 1, "percent_covered": 0.0, "percent_covered_display": "0.00", "missing_lines": 1, "excluded_lines": 0, "num_branches": 0, "num_partial_branches": 0, "covered_branches": 0, "missing_branches": 0}, "missing_lines": [693], "excluded_lines": [], "executed_branches": [], "missing_branches": []}, "FastaFile.__exit__": {"executed_lines": [], "summary": {"covered_lines": 0, "num_statements": 2, "percent_covered": 0.0, "percent_covered_display": "0.00", "missing_lines": 2, "excluded_lines": 0, "num_branches": 0, "num_partial_branches": 0, "covered_branches": 0, "missing_branches": 0}, "missing_lines": [697, 698], "excluded_lines": [], "executed_branches": [], "missing_branches": []}, "FastaFile.__repr__": {"executed_lines": [], "summary": {"covered_lines": 0, "num_statements": 2, "percent_covered": 0.0, "percent_covered_display": "0.00", "missing_lines": 2, "excluded_lines": 0, "num_branches": 0, "num_partial_branches": 0, "covered_branches": 0, "missing_branches": 0}, "missing_lines": [701, 702], "excluded_lines": [], "executed_branches": [], "missing_branches": []}, "figure_to_html": {"executed_lines": [], "summary": {"covered_lines": 0, "num_statements": 3, "percent_covered": 0.0, "percent_covered_display": "0.00", "missing_lines": 3, "excluded_lines": 0, "num_branches": 0, "num_partial_branches": 0, "covered_branches": 0, "missing_branches": 0}, "missing_lines": [725, 726, 728], "excluded_lines": [], "executed_branches": [], "missing_branches": []}, "": {"executed_lines": [1, 38, 39, 41, 42, 43, 44, 46, 47, 48, 49, 50, 51, 53, 56, 57, 72, 89, 90, 96, 100, 120, 141, 147, 151, 156, 160, 161, 172, 187, 188, 192, 193, 197, 198, 202, 222, 248, 357, 361, 362, 377, 403, 404, 412, 430, 455, 480, 541, 547, 551, 556, 561, 562, 578, 607, 608, 614, 635, 661, 685, 691, 695, 700, 705, 731], "summary": {"covered_lines": 61, "num_statements": 61, "percent_covered": 100.0, "percent_covered_display": "100.00", "missing_lines": 0, "excluded_lines": 1, "num_branches": 0, "num_partial_branches": 0, "covered_branches": 0, "missing_branches": 0}, "missing_lines": [], "excluded_lines": [562], "executed_branches": [], "missing_branches": []}}, "classes": {"Pod5File": {"executed_lines": [], "summary": {"covered_lines": 0, "num_statements": 29, "percent_covered": 0.0, "percent_covered_display": "0.00", "missing_lines": 29, "excluded_lines": 0, "num_branches": 14, "num_partial_branches": 0, "covered_branches": 0, "missing_branches": 14}, "missing_lines": [74, 76, 77, 78, 81, 84, 87, 92, 93, 94, 98, 113, 114, 115, 117, 118, 134, 135, 136, 137, 138, 139, 143, 144, 145, 149, 153, 154, 157], "excluded_lines": [], "executed_branches": [], "missing_branches": [[76, 77], [76, 81], [92, 93], [92, 94], [113, 114], [113, 117], [114, 113], [114, 115], [135, -120], [135, 136], [136, 137], [136, 138], [143, -141], [143, 144]]}, "Read": {"executed_lines": [], "summary": {"covered_lines": 0, "num_statements": 44, "percent_covered": 0.0, "percent_covered_display": "0.00", "missing_lines": 44, "excluded_lines": 0, "num_branches": 18, "num_partial_branches": 0, "covered_branches": 0, "missing_branches": 18}, "missing_lines": [180, 183, 184, 185, 190, 195, 200, 217, 218, 220, 241, 242, 243, 245, 246, 289, 292, 293, 294, 295, 298, 299, 300, 303, 305, 306, 307, 308, 310, 311, 312, 316, 321, 322, 327, 333, 334, 338, 346, 350, 352, 353, 355, 358], "excluded_lines": [], "executed_branches": [], "missing_branches": [[217, 218], [217, 220], [241, 242], [241, 245], [292, 293], [292, 294], [294, 295], [294, 298], [305, 306], [305, 321], [306, 307], [306, 310], [311, 312], [311, 321], [321, 322], [321, 333], [333, 334], [333, 346]]}, "BamFile": {"executed_lines": [], "summary": {"covered_lines": 0, "num_statements": 51, "percent_covered": 0.0, "percent_covered_display": "0.00", "missing_lines": 51, "excluded_lines": 0, "num_branches": 26, "num_partial_branches": 0, "covered_branches": 0, "missing_branches": 26}, "missing_lines": [379, 381, 382, 383, 386, 389, 390, 392, 393, 394, 397, 400, 401, 406, 407, 410, 428, 448, 450, 451, 452, 453, 471, 472, 475, 477, 478, 509, 512, 513, 515, 518, 521, 523, 525, 528, 531, 532, 533, 534, 536, 537, 539, 543, 544, 545, 549, 553, 554, 557, 558], "excluded_lines": [], "executed_branches": [], "missing_branches": [[381, 382], [381, 386], [390, 392], [390, 397], [393, 394], [393, 397], [406, 407], [406, 410], [450, -430], [450, 451], [452, 450], [452, 453], [471, 472], [471, 475], [512, 513], [512, 515], [523, 525], [523, 539], [531, 532], [531, 536], [533, 531], [533, 534], [536, 523], [536, 537], [543, -541], [543, 544]]}, "FastaFile": {"executed_lines": [], "summary": {"covered_lines": 0, "num_statements": 25, "percent_covered": 0.0, "percent_covered_display": "0.00", "missing_lines": 25, "excluded_lines": 0, "num_branches": 8, "num_partial_branches": 0, "covered_branches": 0, "missing_branches": 8}, "missing_lines": [580, 582, 583, 584, 587, 590, 591, 592, 596, 602, 605, 610, 611, 612, 633, 659, 683, 687, 688, 689, 693, 697, 698, 701, 702], "excluded_lines": [], "executed_branches": [], "missing_branches": [[582, 583], [582, 587], [591, 592], [591, 602], [610, 611], [610, 612], [687, -685], [687, 688]]}, "": {"executed_lines": [1, 38, 39, 41, 42, 43, 44, 46, 47, 48, 49, 50, 51, 53, 56, 57, 72, 89, 90, 96, 100, 120, 141, 147, 151, 156, 160, 161, 172, 187, 188, 192, 193, 197, 198, 202, 222, 248, 357, 361, 362, 377, 403, 404, 412, 430, 455, 480, 541, 547, 551, 556, 561, 562, 578, 607, 608, 614, 635, 661, 685, 691, 695, 700, 705, 731], "summary": {"covered_lines": 61, "num_statements": 64, "percent_covered": 95.3125, "percent_covered_display": "95.31", "missing_lines": 3, "excluded_lines": 1, "num_branches": 0, "num_partial_branches": 0, "covered_branches": 0, "missing_branches": 0}, "missing_lines": [725, 726, 728], "excluded_lines": [562], "executed_branches": [], "missing_branches": []}}}, "squiggy/cache.py": {"executed_lines": [1, 8, 9, 10, 11, 13, 15, 18, 19, 39, 47, 48, 50, 51, 52, 54, 70, 86, 123, 157, 193, 223, 260, 297, 351, 400], "summary": {"covered_lines": 24, "num_statements": 153, "percent_covered": 13.089005235602095, "percent_covered_display": "13.09", "missing_lines": 129, "excluded_lines": 1, "num_branches": 38, "num_partial_branches": 1, "covered_branches": 1, "missing_branches": 37}, "missing_lines": [67, 68, 81, 82, 83, 84, 96, 97, 99, 100, 101, 102, 104, 105, 106, 109, 110, 111, 112, 114, 117, 119, 120, 121, 134, 135, 137, 139, 140, 149, 150, 152, 154, 155, 167, 168, 170, 171, 172, 174, 175, 176, 179, 180, 181, 182, 184, 187, 189, 190, 191, 201, 202, 204, 206, 207, 215, 216, 218, 220, 221, 233, 234, 236, 237, 238, 239, 241, 242, 243, 246, 247, 248, 249, 251, 254, 256, 257, 258, 270, 271, 273, 275, 276, 277, 286, 287, 289, 294, 295, 322, 323, 325, 326, 327, 328, 330, 331, 332, 335, 336, 337, 338, 340, 345, 347, 348, 349, 374, 375, 377, 379, 380, 388, 389, 391, 397, 398, 407, 408, 410, 411, 412, 413, 414, 415, 416, 418, 419], "excluded_lines": [19], "executed_branches": [[50, 51]], "missing_branches": [[50, -39], [96, 97], [96, 99], [100, 101], [100, 104], [110, 111], [110, 114], [134, 135], [134, 137], [167, 168], [167, 170], [171, 172], [171, 174], [180, 181], [180, 184], [201, 202], [201, 204], [233, 234], [233, 236], [237, 238], [237, 241], [247, 248], [247, 251], [270, 271], [270, 273], [322, 323], [322, 325], [326, 327], [326, 330], [336, 337], [336, 340], [374, 375], [374, 377], [407, 408], [407, 410], [411, 412], [411, 418]], "functions": {"SquiggyCache.__init__": {"executed_lines": [47, 48, 50, 51, 52], "summary": {"covered_lines": 5, "num_statements": 5, "percent_covered": 85.71428571428571, "percent_covered_display": "85.71", "missing_lines": 0, "excluded_lines": 0, "num_branches": 2, "num_partial_branches": 1, "covered_branches": 1, "missing_branches": 1}, "missing_lines": [], "excluded_lines": [], "executed_branches": [[50, 51]], "missing_branches": [[50, -39]]}, "SquiggyCache._get_cache_path": {"executed_lines": [], "summary": {"covered_lines": 0, "num_statements": 2, "percent_covered": 0.0, "percent_covered_display": "0.00", "missing_lines": 2, "excluded_lines": 0, "num_branches": 0, "num_partial_branches": 0, "covered_branches": 0, "missing_branches": 0}, "missing_lines": [67, 68], "excluded_lines": [], "executed_branches": [], "missing_branches": []}, "SquiggyCache._file_hash": {"executed_lines": [], "summary": {"covered_lines": 0, "num_statements": 4, "percent_covered": 0.0, "percent_covered_display": "0.00", "missing_lines": 4, "excluded_lines": 0, "num_branches": 0, "num_partial_branches": 0, "covered_branches": 0, "missing_branches": 0}, "missing_lines": [81, 82, 83, 84], "excluded_lines": [], "executed_branches": [], "missing_branches": []}, "SquiggyCache.load_pod5_index": {"executed_lines": [], "summary": {"covered_lines": 0, "num_statements": 18, "percent_covered": 0.0, "percent_covered_display": "0.00", "missing_lines": 18, "excluded_lines": 0, "num_branches": 6, "num_partial_branches": 0, "covered_branches": 0, "missing_branches": 6}, "missing_lines": [96, 97, 99, 100, 101, 102, 104, 105, 106, 109, 110, 111, 112, 114, 117, 119, 120, 121], "excluded_lines": [], "executed_branches": [], "missing_branches": [[96, 97], [96, 99], [100, 101], [100, 104], [110, 111], [110, 114]]}, "SquiggyCache.save_pod5_index": {"executed_lines": [], "summary": {"covered_lines": 0, "num_statements": 10, "percent_covered": 0.0, "percent_covered_display": "0.00", "missing_lines": 10, "excluded_lines": 0, "num_branches": 2, "num_partial_branches": 0, "covered_branches": 0, "missing_branches": 2}, "missing_lines": [134, 135, 137, 139, 140, 149, 150, 152, 154, 155], "excluded_lines": [], "executed_branches": [], "missing_branches": [[134, 135], [134, 137]]}, "SquiggyCache.load_pod5_read_ids": {"executed_lines": [], "summary": {"covered_lines": 0, "num_statements": 17, "percent_covered": 0.0, "percent_covered_display": "0.00", "missing_lines": 17, "excluded_lines": 0, "num_branches": 6, "num_partial_branches": 0, "covered_branches": 0, "missing_branches": 6}, "missing_lines": [167, 168, 170, 171, 172, 174, 175, 176, 179, 180, 181, 182, 184, 187, 189, 190, 191], "excluded_lines": [], "executed_branches": [], "missing_branches": [[167, 168], [167, 170], [171, 172], [171, 174], [180, 181], [180, 184]]}, "SquiggyCache.save_pod5_read_ids": {"executed_lines": [], "summary": {"covered_lines": 0, "num_statements": 10, "percent_covered": 0.0, "percent_covered_display": "0.00", "missing_lines": 10, "excluded_lines": 0, "num_branches": 2, "num_partial_branches": 0, "covered_branches": 0, "missing_branches": 2}, "missing_lines": [201, 202, 204, 206, 207, 215, 216, 218, 220, 221], "excluded_lines": [], "executed_branches": [], "missing_branches": [[201, 202], [201, 204]]}, "SquiggyCache.load_bam_ref_mapping": {"executed_lines": [], "summary": {"covered_lines": 0, "num_statements": 18, "percent_covered": 0.0, "percent_covered_display": "0.00", "missing_lines": 18, "excluded_lines": 0, "num_branches": 6, "num_partial_branches": 0, "covered_branches": 0, "missing_branches": 6}, "missing_lines": [233, 234, 236, 237, 238, 239, 241, 242, 243, 246, 247, 248, 249, 251, 254, 256, 257, 258], "excluded_lines": [], "executed_branches": [], "missing_branches": [[233, 234], [233, 236], [237, 238], [237, 241], [247, 248], [247, 251]]}, "SquiggyCache.save_bam_ref_mapping": {"executed_lines": [], "summary": {"covered_lines": 0, "num_statements": 11, "percent_covered": 0.0, "percent_covered_display": "0.00", "missing_lines": 11, "excluded_lines": 0, "num_branches": 2, "num_partial_branches": 0, "covered_branches": 0, "missing_branches": 2}, "missing_lines": [270, 271, 273, 275, 276, 277, 286, 287, 289, 294, 295], "excluded_lines": [], "executed_branches": [], "missing_branches": [[270, 271], [270, 273]]}, "SquiggyCache.load_bam_metadata": {"executed_lines": [], "summary": {"covered_lines": 0, "num_statements": 18, "percent_covered": 0.0, "percent_covered_display": "0.00", "missing_lines": 18, "excluded_lines": 0, "num_branches": 6, "num_partial_branches": 0, "covered_branches": 0, "missing_branches": 6}, "missing_lines": [322, 323, 325, 326, 327, 328, 330, 331, 332, 335, 336, 337, 338, 340, 345, 347, 348, 349], "excluded_lines": [], "executed_branches": [], "missing_branches": [[322, 323], [322, 325], [326, 327], [326, 330], [336, 337], [336, 340]]}, "SquiggyCache.save_bam_metadata": {"executed_lines": [], "summary": {"covered_lines": 0, "num_statements": 10, "percent_covered": 0.0, "percent_covered_display": "0.00", "missing_lines": 10, "excluded_lines": 0, "num_branches": 2, "num_partial_branches": 0, "covered_branches": 0, "missing_branches": 2}, "missing_lines": [374, 375, 377, 379, 380, 388, 389, 391, 397, 398], "excluded_lines": [], "executed_branches": [], "missing_branches": [[374, 375], [374, 377]]}, "SquiggyCache.clear_cache": {"executed_lines": [], "summary": {"covered_lines": 0, "num_statements": 11, "percent_covered": 0.0, "percent_covered_display": "0.00", "missing_lines": 11, "excluded_lines": 0, "num_branches": 4, "num_partial_branches": 0, "covered_branches": 0, "missing_branches": 4}, "missing_lines": [407, 408, 410, 411, 412, 413, 414, 415, 416, 418, 419], "excluded_lines": [], "executed_branches": [], "missing_branches": [[407, 408], [407, 410], [411, 412], [411, 418]]}, "": {"executed_lines": [1, 8, 9, 10, 11, 13, 15, 18, 19, 39, 54, 70, 86, 123, 157, 193, 223, 260, 297, 351, 400], "summary": {"covered_lines": 19, "num_statements": 19, "percent_covered": 100.0, "percent_covered_display": "100.00", "missing_lines": 0, "excluded_lines": 1, "num_branches": 0, "num_partial_branches": 0, "covered_branches": 0, "missing_branches": 0}, "missing_lines": [], "excluded_lines": [19], "executed_branches": [], "missing_branches": []}}, "classes": {"SquiggyCache": {"executed_lines": [47, 48, 50, 51, 52], "summary": {"covered_lines": 5, "num_statements": 134, "percent_covered": 3.488372093023256, "percent_covered_display": "3.49", "missing_lines": 129, "excluded_lines": 0, "num_branches": 38, "num_partial_branches": 1, "covered_branches": 1, "missing_branches": 37}, "missing_lines": [67, 68, 81, 82, 83, 84, 96, 97, 99, 100, 101, 102, 104, 105, 106, 109, 110, 111, 112, 114, 117, 119, 120, 121, 134, 135, 137, 139, 140, 149, 150, 152, 154, 155, 167, 168, 170, 171, 172, 174, 175, 176, 179, 180, 181, 182, 184, 187, 189, 190, 191, 201, 202, 204, 206, 207, 215, 216, 218, 220, 221, 233, 234, 236, 237, 238, 239, 241, 242, 243, 246, 247, 248, 249, 251, 254, 256, 257, 258, 270, 271, 273, 275, 276, 277, 286, 287, 289, 294, 295, 322, 323, 325, 326, 327, 328, 330, 331, 332, 335, 336, 337, 338, 340, 345, 347, 348, 349, 374, 375, 377, 379, 380, 388, 389, 391, 397, 398, 407, 408, 410, 411, 412, 413, 414, 415, 416, 418, 419], "excluded_lines": [], "executed_branches": [[50, 51]], "missing_branches": [[50, -39], [96, 97], [96, 99], [100, 101], [100, 104], [110, 111], [110, 114], [134, 135], [134, 137], [167, 168], [167, 170], [171, 172], [171, 174], [180, 181], [180, 184], [201, 202], [201, 204], [233, 234], [233, 236], [237, 238], [237, 241], [247, 248], [247, 251], [270, 271], [270, 273], [322, 323], [322, 325], [326, 327], [326, 330], [336, 337], [336, 340], [374, 375], [374, 377], [407, 408], [407, 410], [411, 412], [411, 418]]}, "": {"executed_lines": [1, 8, 9, 10, 11, 13, 15, 18, 19, 39, 54, 70, 86, 123, 157, 193, 223, 260, 297, 351, 400], "summary": {"covered_lines": 19, "num_statements": 19, "percent_covered": 100.0, "percent_covered_display": "100.00", "missing_lines": 0, "excluded_lines": 1, "num_branches": 0, "num_partial_branches": 0, "covered_branches": 0, "missing_branches": 0}, "missing_lines": [], "excluded_lines": [19], "executed_branches": [], "missing_branches": []}}}, "squiggy/constants.py": {"executed_lines": [1, 3, 10, 18, 28, 38, 41, 49, 50, 52, 53, 54, 55, 56, 57, 58, 61, 67, 68, 70, 71, 72, 73, 81, 84, 85, 92, 111, 112, 114, 115, 119, 142, 173, 204, 239, 240, 243, 244, 245, 246, 247, 248], "summary": {"covered_lines": 39, "num_statements": 39, "percent_covered": 100.0, "percent_covered_display": "100.00", "missing_lines": 0, "excluded_lines": 0, "num_branches": 0, "num_partial_branches": 0, "covered_branches": 0, "missing_branches": 0}, "missing_lines": [], "excluded_lines": [], "executed_branches": [], "missing_branches": [], "functions": {"": {"executed_lines": [1, 3, 10, 18, 28, 38, 41, 49, 50, 52, 53, 54, 55, 56, 57, 58, 61, 67, 68, 70, 71, 72, 73, 81, 84, 85, 92, 111, 112, 114, 115, 119, 142, 173, 204, 239, 240, 243, 244, 245, 246, 247, 248], "summary": {"covered_lines": 39, "num_statements": 39, "percent_covered": 100.0, "percent_covered_display": "100.00", "missing_lines": 0, "excluded_lines": 0, "num_branches": 0, "num_partial_branches": 0, "covered_branches": 0, "missing_branches": 0}, "missing_lines": [], "excluded_lines": [], "executed_branches": [], "missing_branches": []}}, "classes": {"PlotMode": {"executed_lines": [], "summary": {"covered_lines": 0, "num_statements": 0, "percent_covered": 100.0, "percent_covered_display": "100.00", "missing_lines": 0, "excluded_lines": 0, "num_branches": 0, "num_partial_branches": 0, "covered_branches": 0, "missing_branches": 0}, "missing_lines": [], "excluded_lines": [], "executed_branches": [], "missing_branches": []}, "NormalizationMethod": {"executed_lines": [], "summary": {"covered_lines": 0, "num_statements": 0, "percent_covered": 100.0, "percent_covered_display": "100.00", "missing_lines": 0, "excluded_lines": 0, "num_branches": 0, "num_partial_branches": 0, "covered_branches": 0, "missing_branches": 0}, "missing_lines": [], "excluded_lines": [], "executed_branches": [], "missing_branches": []}, "Theme": {"executed_lines": [], "summary": {"covered_lines": 0, "num_statements": 0, "percent_covered": 100.0, "percent_covered_display": "100.00", "missing_lines": 0, "excluded_lines": 0, "num_branches": 0, "num_partial_branches": 0, "covered_branches": 0, "missing_branches": 0}, "missing_lines": [], "excluded_lines": [], "executed_branches": [], "missing_branches": []}, "": {"executed_lines": [1, 3, 10, 18, 28, 38, 41, 49, 50, 52, 53, 54, 55, 56, 57, 58, 61, 67, 68, 70, 71, 72, 73, 81, 84, 85, 92, 111, 112, 114, 115, 119, 142, 173, 204, 239, 240, 243, 244, 245, 246, 247, 248], "summary": {"covered_lines": 39, "num_statements": 39, "percent_covered": 100.0, "percent_covered_display": "100.00", "missing_lines": 0, "excluded_lines": 0, "num_branches": 0, "num_partial_branches": 0, "covered_branches": 0, "missing_branches": 0}, "missing_lines": [], "excluded_lines": [], "executed_branches": [], "missing_branches": []}}}, "squiggy/io.py": {"executed_lines": [1, 7, 8, 9, 10, 12, 13, 15, 17, 25, 26, 49, 54, 65, 90, 98, 115, 116, 135, 138, 150, 162, 174, 179, 242, 288, 358, 359, 383, 395, 420, 434, 435, 465, 467, 470, 471, 472, 473, 474, 475, 476, 477, 480, 483, 485, 486, 488, 535, 731, 759, 773, 790, 792, 795, 796, 797, 799, 801, 802, 803, 805, 807, 808, 810, 813, 815, 818, 819, 820, 824, 827, 905, 954, 1037, 1152, 1237, 1297, 1367, 1419, 1432, 1449, 1462, 1465, 1480, 1483, 1502, 1530, 1547, 1562, 1576, 1584, 1590, 1635, 1681], "summary": {"covered_lines": 90, "num_statements": 588, "percent_covered": 10.926365795724466, "percent_covered_display": "10.93", "missing_lines": 498, "excluded_lines": 1, "num_branches": 254, "num_partial_branches": 2, "covered_branches": 2, "missing_branches": 252}, "missing_lines": [50, 51, 52, 56, 57, 58, 60, 61, 62, 63, 68, 69, 71, 73, 74, 75, 76, 77, 78, 79, 80, 83, 84, 85, 86, 87, 88, 92, 93, 95, 96, 105, 106, 107, 110, 111, 112, 136, 145, 146, 147, 148, 160, 172, 176, 208, 209, 210, 211, 215, 216, 218, 219, 220, 221, 223, 224, 226, 227, 228, 229, 230, 231, 232, 233, 235, 236, 237, 239, 272, 273, 274, 275, 276, 279, 280, 281, 282, 283, 285, 317, 318, 319, 320, 324, 325, 326, 328, 329, 330, 331, 332, 339, 340, 341, 342, 345, 346, 347, 348, 351, 352, 353, 354, 355, 385, 386, 387, 388, 389, 390, 391, 392, 393, 397, 399, 400, 401, 403, 404, 405, 406, 408, 409, 410, 413, 415, 416, 418, 422, 423, 424, 425, 426, 427, 428, 429, 430, 431, 490, 492, 493, 494, 495, 496, 497, 498, 501, 503, 504, 505, 507, 508, 509, 510, 512, 513, 514, 517, 518, 519, 521, 522, 523, 526, 528, 529, 531, 560, 561, 564, 567, 568, 569, 571, 572, 573, 575, 576, 580, 581, 582, 583, 586, 587, 588, 589, 591, 596, 599, 604, 618, 619, 622, 623, 624, 626, 627, 629, 630, 635, 641, 642, 645, 646, 653, 654, 655, 656, 659, 660, 661, 667, 669, 671, 672, 675, 683, 685, 686, 689, 691, 692, 693, 695, 696, 702, 709, 710, 713, 714, 721, 724, 725, 729, 745, 748, 749, 750, 754, 757, 771, 784, 785, 786, 793, 794, 814, 856, 858, 859, 860, 863, 866, 869, 872, 873, 874, 875, 878, 879, 881, 882, 883, 886, 887, 890, 891, 893, 895, 898, 899, 900, 902, 925, 927, 928, 929, 931, 933, 934, 936, 937, 938, 941, 942, 943, 945, 947, 948, 949, 951, 973, 974, 975, 977, 979, 980, 981, 982, 983, 985, 986, 988, 989, 990, 992, 996, 997, 1001, 1008, 1011, 1012, 1014, 1016, 1017, 1018, 1027, 1029, 1070, 1073, 1074, 1075, 1076, 1077, 1078, 1079, 1081, 1083, 1084, 1085, 1090, 1091, 1094, 1095, 1097, 1100, 1101, 1104, 1107, 1109, 1110, 1111, 1116, 1119, 1120, 1123, 1124, 1127, 1128, 1131, 1134, 1137, 1138, 1140, 1185, 1187, 1188, 1189, 1192, 1193, 1194, 1195, 1198, 1199, 1200, 1201, 1207, 1208, 1210, 1216, 1227, 1230, 1231, 1232, 1234, 1271, 1272, 1275, 1279, 1280, 1281, 1285, 1290, 1292, 1293, 1294, 1324, 1326, 1327, 1328, 1331, 1332, 1333, 1334, 1335, 1336, 1337, 1338, 1344, 1346, 1348, 1349, 1352, 1360, 1363, 1364, 1383, 1384, 1385, 1387, 1388, 1389, 1392, 1395, 1397, 1398, 1399, 1400, 1402, 1403, 1405, 1406, 1408, 1411, 1414, 1416, 1426, 1439, 1440, 1441, 1444, 1445, 1446, 1498, 1527, 1544, 1559, 1573, 1610, 1611, 1614, 1615, 1616, 1620, 1623, 1626, 1627, 1628, 1629, 1630, 1632, 1658, 1659, 1660, 1662, 1665, 1667, 1672, 1673, 1674, 1675, 1676, 1678, 1703, 1706, 1707, 1708, 1712, 1714, 1721, 1722, 1723, 1730, 1731, 1732, 1733, 1734, 1735, 1736, 1741, 1742, 1743, 1744, 1745, 1746, 1747, 1748, 1752, 1753, 1754, 1755, 1756, 1757, 1758, 1759, 1760, 1762], "excluded_lines": [116], "executed_branches": [[792, 795], [813, 815]], "missing_branches": [[56, 57], [56, 63], [57, 58], [57, 60], [68, 69], [68, 71], [71, 73], [71, 83], [75, 76], [75, 80], [76, 77], [76, 78], [78, 75], [78, 79], [83, 84], [83, 85], [85, 86], [85, 88], [86, 85], [86, 87], [92, 93], [92, 95], [95, -90], [95, 96], [105, 106], [105, 112], [146, 147], [146, 148], [208, 209], [208, 218], [210, 211], [210, 216], [218, 219], [218, 221], [227, 228], [227, 235], [229, 227], [229, 230], [231, 227], [231, 232], [235, 236], [235, 239], [273, 274], [273, 279], [274, 275], [274, 276], [280, 281], [280, 285], [317, 318], [317, 328], [319, 320], [319, 325], [328, 329], [328, 331], [339, 340], [339, 351], [341, 342], [341, 345], [345, 346], [345, 348], [346, 345], [346, 347], [352, 353], [352, 355], [353, 352], [353, 354], [399, 400], [399, 403], [403, 404], [403, 408], [408, 409], [408, 415], [415, 416], [415, 418], [422, 423], [422, 425], [490, 492], [490, 501], [493, 494], [493, 498], [495, 493], [495, 496], [503, 504], [503, 507], [507, 508], [507, 521], [512, 513], [512, 521], [513, 514], [513, 518], [518, 519], [518, 521], [521, 522], [521, 528], [528, 529], [528, 531], [560, 561], [560, 564], [568, 569], [568, 571], [586, 587], [586, 653], [588, 589], [588, 591], [623, 624], [623, 626], [629, 630], [629, 641], [645, 646], [645, 653], [653, 654], [653, 721], [655, 656], [655, 659], [660, 661], [660, 667], [689, 691], [689, 721], [695, 696], [695, 709], [713, 714], [713, 721], [749, 750], [749, 754], [784, -773], [784, 785], [792, 793], [813, 814], [858, 859], [858, 863], [873, 874], [873, 878], [878, 879], [878, 895], [879, 881], [879, 886], [890, 891], [890, 893], [927, 928], [927, 931], [936, 937], [936, 945], [937, 938], [937, 941], [941, 936], [941, 942], [973, 974], [973, 977], [988, 989], [988, 1014], [989, 990], [989, 992], [996, 997], [996, 1011], [1001, 1008], [1001, 1011], [1011, 988], [1011, 1012], [1084, 1085], [1084, 1090], [1090, 1091], [1090, 1127], [1094, 1095], [1094, 1097], [1100, 1101], [1100, 1104], [1107, 1090], [1107, 1109], [1109, 1110], [1109, 1119], [1111, 1116], [1111, 1119], [1119, 1120], [1119, 1123], [1123, 1090], [1123, 1124], [1127, 1128], [1127, 1131], [1137, 1138], [1137, 1140], [1187, 1188], [1187, 1192], [1193, 1194], [1193, 1198], [1198, 1199], [1198, 1210], [1207, 1208], [1207, 1216], [1271, 1272], [1271, 1279], [1279, 1280], [1279, 1290], [1292, 1293], [1292, 1294], [1326, 1327], [1326, 1331], [1332, 1333], [1332, 1344], [1383, 1384], [1383, 1387], [1387, 1388], [1387, 1392], [1398, 1399], [1398, 1411], [1399, 1400], [1399, 1402], [1405, 1406], [1405, 1408], [1439, 1440], [1439, 1444], [1444, 1445], [1444, 1446], [1610, 1611], [1610, 1614], [1615, 1616], [1615, 1623], [1626, 1627], [1626, 1632], [1628, 1629], [1628, 1630], [1659, 1660], [1659, 1662], [1665, 1667], [1665, 1672], [1672, 1673], [1672, 1678], [1674, 1675], [1674, 1676], [1706, 1707], [1706, 1714], [1707, 1706], [1707, 1708], [1721, 1722], [1721, 1730], [1730, 1731], [1730, 1741], [1731, 1732], [1731, 1741], [1732, 1731], [1732, 1733], [1741, 1742], [1741, 1762], [1743, 1744], [1743, 1752], [1744, 1743], [1744, 1745], [1747, 1744], [1747, 1748], [1752, 1753], [1752, 1762], [1754, 1755], [1754, 1762]], "functions": {"LazyReadList.__init__": {"executed_lines": [], "summary": {"covered_lines": 0, "num_statements": 3, "percent_covered": 0.0, "percent_covered_display": "0.00", "missing_lines": 3, "excluded_lines": 0, "num_branches": 0, "num_partial_branches": 0, "covered_branches": 0, "missing_branches": 0}, "missing_lines": [50, 51, 52], "excluded_lines": [], "executed_branches": [], "missing_branches": []}, "LazyReadList.__len__": {"executed_lines": [], "summary": {"covered_lines": 0, "num_statements": 7, "percent_covered": 0.0, "percent_covered_display": "0.00", "missing_lines": 7, "excluded_lines": 0, "num_branches": 4, "num_partial_branches": 0, "covered_branches": 0, "missing_branches": 4}, "missing_lines": [56, 57, 58, 60, 61, 62, 63], "excluded_lines": [], "executed_branches": [], "missing_branches": [[56, 57], [56, 63], [57, 58], [57, 60]]}, "LazyReadList.__getitem__": {"executed_lines": [], "summary": {"covered_lines": 0, "num_statements": 17, "percent_covered": 0.0, "percent_covered_display": "0.00", "missing_lines": 17, "excluded_lines": 0, "num_branches": 16, "num_partial_branches": 0, "covered_branches": 0, "missing_branches": 16}, "missing_lines": [68, 69, 71, 73, 74, 75, 76, 77, 78, 79, 80, 83, 84, 85, 86, 87, 88], "excluded_lines": [], "executed_branches": [], "missing_branches": [[68, 69], [68, 71], [71, 73], [71, 83], [75, 76], [75, 80], [76, 77], [76, 78], [78, 75], [78, 79], [83, 84], [83, 85], [85, 86], [85, 88], [86, 85], [86, 87]]}, "LazyReadList.__iter__": {"executed_lines": [], "summary": {"covered_lines": 0, "num_statements": 4, "percent_covered": 0.0, "percent_covered_display": "0.00", "missing_lines": 4, "excluded_lines": 0, "num_branches": 4, "num_partial_branches": 0, "covered_branches": 0, "missing_branches": 4}, "missing_lines": [92, 93, 95, 96], "excluded_lines": [], "executed_branches": [], "missing_branches": [[92, 93], [92, 95], [95, -90], [95, 96]]}, "LazyReadList.materialize": {"executed_lines": [], "summary": {"covered_lines": 0, "num_statements": 6, "percent_covered": 0.0, "percent_covered_display": "0.00", "missing_lines": 6, "excluded_lines": 0, "num_branches": 2, "num_partial_branches": 0, "covered_branches": 0, "missing_branches": 2}, "missing_lines": [105, 106, 107, 110, 111, 112], "excluded_lines": [], "executed_branches": [], "missing_branches": [[105, 106], [105, 112]]}, "Pod5Index.__init__": {"executed_lines": [], "summary": {"covered_lines": 0, "num_statements": 1, "percent_covered": 0.0, "percent_covered_display": "0.00", "missing_lines": 1, "excluded_lines": 0, "num_branches": 0, "num_partial_branches": 0, "covered_branches": 0, "missing_branches": 0}, "missing_lines": [136], "excluded_lines": [], "executed_branches": [], "missing_branches": []}, "Pod5Index.build": {"executed_lines": [], "summary": {"covered_lines": 0, "num_statements": 4, "percent_covered": 0.0, "percent_covered_display": "0.00", "missing_lines": 4, "excluded_lines": 0, "num_branches": 2, "num_partial_branches": 0, "covered_branches": 0, "missing_branches": 2}, "missing_lines": [145, 146, 147, 148], "excluded_lines": [], "executed_branches": [], "missing_branches": [[146, 147], [146, 148]]}, "Pod5Index.get_position": {"executed_lines": [], "summary": {"covered_lines": 0, "num_statements": 1, "percent_covered": 0.0, "percent_covered_display": "0.00", "missing_lines": 1, "excluded_lines": 0, "num_branches": 0, "num_partial_branches": 0, "covered_branches": 0, "missing_branches": 0}, "missing_lines": [160], "excluded_lines": [], "executed_branches": [], "missing_branches": []}, "Pod5Index.has_read": {"executed_lines": [], "summary": {"covered_lines": 0, "num_statements": 1, "percent_covered": 0.0, "percent_covered_display": "0.00", "missing_lines": 1, "excluded_lines": 0, "num_branches": 0, "num_partial_branches": 0, "covered_branches": 0, "missing_branches": 0}, "missing_lines": [172], "excluded_lines": [], "executed_branches": [], "missing_branches": []}, "Pod5Index.__len__": {"executed_lines": [], "summary": {"covered_lines": 0, "num_statements": 1, "percent_covered": 0.0, "percent_covered_display": "0.00", "missing_lines": 1, "excluded_lines": 0, "num_branches": 0, "num_partial_branches": 0, "covered_branches": 0, "missing_branches": 0}, "missing_lines": [176], "excluded_lines": [], "executed_branches": [], "missing_branches": []}, "get_reads_batch": {"executed_lines": [], "summary": {"covered_lines": 0, "num_statements": 24, "percent_covered": 0.0, "percent_covered_display": "0.00", "missing_lines": 24, "excluded_lines": 0, "num_branches": 14, "num_partial_branches": 0, "covered_branches": 0, "missing_branches": 14}, "missing_lines": [208, 209, 210, 211, 215, 216, 218, 219, 220, 221, 223, 224, 226, 227, 228, 229, 230, 231, 232, 233, 235, 236, 237, 239], "excluded_lines": [], "executed_branches": [], "missing_branches": [[208, 209], [208, 218], [210, 211], [210, 216], [218, 219], [218, 221], [227, 228], [227, 235], [229, 227], [229, 230], [231, 227], [231, 232], [235, 236], [235, 239]]}, "get_reads_batch_multi_sample": {"executed_lines": [], "summary": {"covered_lines": 0, "num_statements": 11, "percent_covered": 0.0, "percent_covered_display": "0.00", "missing_lines": 11, "excluded_lines": 0, "num_branches": 6, "num_partial_branches": 0, "covered_branches": 0, "missing_branches": 6}, "missing_lines": [272, 273, 274, 275, 276, 279, 280, 281, 282, 283, 285], "excluded_lines": [], "executed_branches": [], "missing_branches": [[273, 274], [273, 279], [274, 275], [274, 276], [280, 281], [280, 285]]}, "get_read_by_id": {"executed_lines": [], "summary": {"covered_lines": 0, "num_statements": 25, "percent_covered": 0.0, "percent_covered_display": "0.00", "missing_lines": 25, "excluded_lines": 0, "num_branches": 18, "num_partial_branches": 0, "covered_branches": 0, "missing_branches": 18}, "missing_lines": [317, 318, 319, 320, 324, 325, 326, 328, 329, 330, 331, 332, 339, 340, 341, 342, 345, 346, 347, 348, 351, 352, 353, 354, 355], "excluded_lines": [], "executed_branches": [], "missing_branches": [[317, 318], [317, 328], [319, 320], [319, 325], [328, 329], [328, 331], [339, 340], [339, 351], [341, 342], [341, 345], [345, 346], [345, 348], [346, 345], [346, 347], [352, 353], [352, 355], [353, 352], [353, 354]]}, "Sample.__init__": {"executed_lines": [], "summary": {"covered_lines": 0, "num_statements": 9, "percent_covered": 0.0, "percent_covered_display": "0.00", "missing_lines": 9, "excluded_lines": 0, "num_branches": 0, "num_partial_branches": 0, "covered_branches": 0, "missing_branches": 0}, "missing_lines": [385, 386, 387, 388, 389, 390, 391, 392, 393], "excluded_lines": [], "executed_branches": [], "missing_branches": []}, "Sample.__repr__": {"executed_lines": [], "summary": {"covered_lines": 0, "num_statements": 15, "percent_covered": 0.0, "percent_covered_display": "0.00", "missing_lines": 15, "excluded_lines": 0, "num_branches": 8, "num_partial_branches": 0, "covered_branches": 0, "missing_branches": 8}, "missing_lines": [397, 399, 400, 401, 403, 404, 405, 406, 408, 409, 410, 413, 415, 416, 418], "excluded_lines": [], "executed_branches": [], "missing_branches": [[399, 400], [399, 403], [403, 404], [403, 408], [408, 409], [408, 415], [415, 416], [415, 418]]}, "Sample.close": {"executed_lines": [], "summary": {"covered_lines": 0, "num_statements": 10, "percent_covered": 0.0, "percent_covered_display": "0.00", "missing_lines": 10, "excluded_lines": 0, "num_branches": 2, "num_partial_branches": 0, "covered_branches": 0, "missing_branches": 2}, "missing_lines": [422, 423, 424, 425, 426, 427, 428, 429, 430, 431], "excluded_lines": [], "executed_branches": [], "missing_branches": [[422, 423], [422, 425]]}, "SquiggySession.__init__": {"executed_lines": [467, 470, 471, 472, 473, 474, 475, 476, 477, 480, 483, 485, 486], "summary": {"covered_lines": 13, "num_statements": 13, "percent_covered": 100.0, "percent_covered_display": "100.00", "missing_lines": 0, "excluded_lines": 0, "num_branches": 0, "num_partial_branches": 0, "covered_branches": 0, "missing_branches": 0}, "missing_lines": [], "excluded_lines": [], "executed_branches": [], "missing_branches": []}, "SquiggySession.__repr__": {"executed_lines": [], "summary": {"covered_lines": 0, "num_statements": 29, "percent_covered": 0.0, "percent_covered_display": "0.00", "missing_lines": 29, "excluded_lines": 0, "num_branches": 20, "num_partial_branches": 0, "covered_branches": 0, "missing_branches": 20}, "missing_lines": [490, 492, 493, 494, 495, 496, 497, 498, 501, 503, 504, 505, 507, 508, 509, 510, 512, 513, 514, 517, 518, 519, 521, 522, 523, 526, 528, 529, 531], "excluded_lines": [], "executed_branches": [], "missing_branches": [[490, 492], [490, 501], [493, 494], [493, 498], [495, 493], [495, 496], [503, 504], [503, 507], [507, 508], [507, 521], [512, 513], [512, 521], [513, 514], [513, 518], [518, 519], [518, 521], [521, 522], [521, 528], [528, 529], [528, 531]]}, "SquiggySession.load_sample": {"executed_lines": [], "summary": {"covered_lines": 0, "num_statements": 67, "percent_covered": 0.0, "percent_covered_display": "0.00", "missing_lines": 67, "excluded_lines": 0, "num_branches": 26, "num_partial_branches": 0, "covered_branches": 0, "missing_branches": 26}, "missing_lines": [560, 561, 564, 567, 568, 569, 571, 572, 573, 575, 576, 580, 581, 582, 583, 586, 587, 588, 589, 591, 596, 599, 604, 618, 619, 622, 623, 624, 626, 627, 629, 630, 635, 641, 642, 645, 646, 653, 654, 655, 656, 659, 660, 661, 667, 669, 671, 672, 675, 683, 685, 686, 689, 691, 692, 693, 695, 696, 702, 709, 710, 713, 714, 721, 724, 725, 729], "excluded_lines": [], "executed_branches": [], "missing_branches": [[560, 561], [560, 564], [568, 569], [568, 571], [586, 587], [586, 653], [588, 589], [588, 591], [623, 624], [623, 626], [629, 630], [629, 641], [645, 646], [645, 653], [653, 654], [653, 721], [655, 656], [655, 659], [660, 661], [660, 667], [689, 691], [689, 721], [695, 696], [695, 709], [713, 714], [713, 721]]}, "SquiggySession.get_sample": {"executed_lines": [], "summary": {"covered_lines": 0, "num_statements": 6, "percent_covered": 0.0, "percent_covered_display": "0.00", "missing_lines": 6, "excluded_lines": 0, "num_branches": 2, "num_partial_branches": 0, "covered_branches": 0, "missing_branches": 2}, "missing_lines": [745, 748, 749, 750, 754, 757], "excluded_lines": [], "executed_branches": [], "missing_branches": [[749, 750], [749, 754]]}, "SquiggySession.list_samples": {"executed_lines": [], "summary": {"covered_lines": 0, "num_statements": 1, "percent_covered": 0.0, "percent_covered_display": "0.00", "missing_lines": 1, "excluded_lines": 0, "num_branches": 0, "num_partial_branches": 0, "covered_branches": 0, "missing_branches": 0}, "missing_lines": [771], "excluded_lines": [], "executed_branches": [], "missing_branches": []}, "SquiggySession.remove_sample": {"executed_lines": [], "summary": {"covered_lines": 0, "num_statements": 3, "percent_covered": 0.0, "percent_covered_display": "0.00", "missing_lines": 3, "excluded_lines": 0, "num_branches": 2, "num_partial_branches": 0, "covered_branches": 0, "missing_branches": 2}, "missing_lines": [784, 785, 786], "excluded_lines": [], "executed_branches": [], "missing_branches": [[784, -773], [784, 785]]}, "SquiggySession.close_pod5": {"executed_lines": [792, 795, 796, 797], "summary": {"covered_lines": 4, "num_statements": 6, "percent_covered": 62.5, "percent_covered_display": "62.50", "missing_lines": 2, "excluded_lines": 0, "num_branches": 2, "num_partial_branches": 1, "covered_branches": 1, "missing_branches": 1}, "missing_lines": [793, 794], "excluded_lines": [], "executed_branches": [[792, 795]], "missing_branches": [[792, 793]]}, "SquiggySession.close_bam": {"executed_lines": [801, 802, 803], "summary": {"covered_lines": 3, "num_statements": 3, "percent_covered": 100.0, "percent_covered_display": "100.00", "missing_lines": 0, "excluded_lines": 0, "num_branches": 0, "num_partial_branches": 0, "covered_branches": 0, "missing_branches": 0}, "missing_lines": [], "excluded_lines": [], "executed_branches": [], "missing_branches": []}, "SquiggySession.close_fasta": {"executed_lines": [807, 808], "summary": {"covered_lines": 2, "num_statements": 2, "percent_covered": 100.0, "percent_covered_display": "100.00", "missing_lines": 0, "excluded_lines": 0, "num_branches": 0, "num_partial_branches": 0, "covered_branches": 0, "missing_branches": 0}, "missing_lines": [], "excluded_lines": [], "executed_branches": [], "missing_branches": []}, "SquiggySession.close_all": {"executed_lines": [813, 815, 818, 819, 820], "summary": {"covered_lines": 5, "num_statements": 6, "percent_covered": 75.0, "percent_covered_display": "75.00", "missing_lines": 1, "excluded_lines": 0, "num_branches": 2, "num_partial_branches": 1, "covered_branches": 1, "missing_branches": 1}, "missing_lines": [814], "excluded_lines": [], "executed_branches": [[813, 815]], "missing_branches": [[813, 814]]}, "load_pod5": {"executed_lines": [], "summary": {"covered_lines": 0, "num_statements": 26, "percent_covered": 0.0, "percent_covered_display": "0.00", "missing_lines": 26, "excluded_lines": 0, "num_branches": 10, "num_partial_branches": 0, "covered_branches": 0, "missing_branches": 10}, "missing_lines": [856, 858, 859, 860, 863, 866, 869, 872, 873, 874, 875, 878, 879, 881, 882, 883, 886, 887, 890, 891, 893, 895, 898, 899, 900, 902], "excluded_lines": [], "executed_branches": [], "missing_branches": [[858, 859], [858, 863], [873, 874], [873, 878], [878, 879], [878, 895], [879, 881], [879, 886], [890, 891], [890, 893]]}, "get_bam_event_alignment_status": {"executed_lines": [], "summary": {"covered_lines": 0, "num_statements": 18, "percent_covered": 0.0, "percent_covered_display": "0.00", "missing_lines": 18, "excluded_lines": 0, "num_branches": 8, "num_partial_branches": 0, "covered_branches": 0, "missing_branches": 8}, "missing_lines": [925, 927, 928, 929, 931, 933, 934, 936, 937, 938, 941, 942, 943, 945, 947, 948, 949, 951], "excluded_lines": [], "executed_branches": [], "missing_branches": [[927, 928], [927, 931], [936, 937], [936, 945], [937, 938], [937, 941], [941, 936], [941, 942]]}, "get_bam_modification_info": {"executed_lines": [], "summary": {"covered_lines": 0, "num_statements": 27, "percent_covered": 0.0, "percent_covered_display": "0.00", "missing_lines": 27, "excluded_lines": 0, "num_branches": 12, "num_partial_branches": 0, "covered_branches": 0, "missing_branches": 12}, "missing_lines": [973, 974, 975, 977, 979, 980, 981, 982, 983, 985, 986, 988, 989, 990, 992, 996, 997, 1001, 1008, 1011, 1012, 1014, 1016, 1017, 1018, 1027, 1029], "excluded_lines": [], "executed_branches": [], "missing_branches": [[973, 974], [973, 977], [988, 989], [988, 1014], [989, 990], [989, 992], [996, 997], [996, 1011], [1001, 1008], [1001, 1011], [1011, 988], [1011, 1012]]}, "_collect_bam_metadata_single_pass": {"executed_lines": [], "summary": {"covered_lines": 0, "num_statements": 36, "percent_covered": 0.0, "percent_covered_display": "0.00", "missing_lines": 36, "excluded_lines": 0, "num_branches": 22, "num_partial_branches": 0, "covered_branches": 0, "missing_branches": 22}, "missing_lines": [1070, 1073, 1074, 1075, 1076, 1077, 1078, 1079, 1081, 1083, 1084, 1085, 1090, 1091, 1094, 1095, 1097, 1100, 1101, 1104, 1107, 1109, 1110, 1111, 1116, 1119, 1120, 1123, 1124, 1127, 1128, 1131, 1134, 1137, 1138, 1140], "excluded_lines": [], "executed_branches": [], "missing_branches": [[1084, 1085], [1084, 1090], [1090, 1091], [1090, 1127], [1094, 1095], [1094, 1097], [1100, 1101], [1100, 1104], [1107, 1090], [1107, 1109], [1109, 1110], [1109, 1119], [1111, 1116], [1111, 1119], [1119, 1120], [1119, 1123], [1123, 1090], [1123, 1124], [1127, 1128], [1127, 1131], [1137, 1138], [1137, 1140]]}, "load_bam": {"executed_lines": [], "summary": {"covered_lines": 0, "num_statements": 21, "percent_covered": 0.0, "percent_covered_display": "0.00", "missing_lines": 21, "excluded_lines": 0, "num_branches": 8, "num_partial_branches": 0, "covered_branches": 0, "missing_branches": 8}, "missing_lines": [1185, 1187, 1188, 1189, 1192, 1193, 1194, 1195, 1198, 1199, 1200, 1201, 1207, 1208, 1210, 1216, 1227, 1230, 1231, 1232, 1234], "excluded_lines": [], "executed_branches": [], "missing_branches": [[1187, 1188], [1187, 1192], [1193, 1194], [1193, 1198], [1198, 1199], [1198, 1210], [1207, 1208], [1207, 1216]]}, "get_reads_for_reference_paginated": {"executed_lines": [], "summary": {"covered_lines": 0, "num_statements": 11, "percent_covered": 0.0, "percent_covered_display": "0.00", "missing_lines": 11, "excluded_lines": 0, "num_branches": 6, "num_partial_branches": 0, "covered_branches": 0, "missing_branches": 6}, "missing_lines": [1271, 1272, 1275, 1279, 1280, 1281, 1285, 1290, 1292, 1293, 1294], "excluded_lines": [], "executed_branches": [], "missing_branches": [[1271, 1272], [1271, 1279], [1279, 1280], [1279, 1290], [1292, 1293], [1292, 1294]]}, "load_fasta": {"executed_lines": [], "summary": {"covered_lines": 0, "num_statements": 20, "percent_covered": 0.0, "percent_covered_display": "0.00", "missing_lines": 20, "excluded_lines": 0, "num_branches": 4, "num_partial_branches": 0, "covered_branches": 0, "missing_branches": 4}, "missing_lines": [1324, 1326, 1327, 1328, 1331, 1332, 1333, 1334, 1335, 1336, 1337, 1338, 1344, 1346, 1348, 1349, 1352, 1360, 1363, 1364], "excluded_lines": [], "executed_branches": [], "missing_branches": [[1326, 1327], [1326, 1331], [1332, 1333], [1332, 1344]]}, "get_read_to_reference_mapping": {"executed_lines": [], "summary": {"covered_lines": 0, "num_statements": 20, "percent_covered": 0.0, "percent_covered_display": "0.00", "missing_lines": 20, "excluded_lines": 0, "num_branches": 10, "num_partial_branches": 0, "covered_branches": 0, "missing_branches": 10}, "missing_lines": [1383, 1384, 1385, 1387, 1388, 1389, 1392, 1395, 1397, 1398, 1399, 1400, 1402, 1403, 1405, 1406, 1408, 1411, 1414, 1416], "excluded_lines": [], "executed_branches": [], "missing_branches": [[1383, 1384], [1383, 1387], [1387, 1388], [1387, 1392], [1398, 1399], [1398, 1411], [1399, 1400], [1399, 1402], [1405, 1406], [1405, 1408]]}, "get_current_files": {"executed_lines": [], "summary": {"covered_lines": 0, "num_statements": 1, "percent_covered": 0.0, "percent_covered_display": "0.00", "missing_lines": 1, "excluded_lines": 0, "num_branches": 0, "num_partial_branches": 0, "covered_branches": 0, "missing_branches": 0}, "missing_lines": [1426], "excluded_lines": [], "executed_branches": [], "missing_branches": []}, "get_read_ids": {"executed_lines": [], "summary": {"covered_lines": 0, "num_statements": 6, "percent_covered": 0.0, "percent_covered_display": "0.00", "missing_lines": 6, "excluded_lines": 0, "num_branches": 4, "num_partial_branches": 0, "covered_branches": 0, "missing_branches": 4}, "missing_lines": [1439, 1440, 1441, 1444, 1445, 1446], "excluded_lines": [], "executed_branches": [], "missing_branches": [[1439, 1440], [1439, 1444], [1444, 1445], [1444, 1446]]}, "close_pod5": {"executed_lines": [1462], "summary": {"covered_lines": 1, "num_statements": 1, "percent_covered": 100.0, "percent_covered_display": "100.00", "missing_lines": 0, "excluded_lines": 0, "num_branches": 0, "num_partial_branches": 0, "covered_branches": 0, "missing_branches": 0}, "missing_lines": [], "excluded_lines": [], "executed_branches": [], "missing_branches": []}, "close_bam": {"executed_lines": [1480], "summary": {"covered_lines": 1, "num_statements": 1, "percent_covered": 100.0, "percent_covered_display": "100.00", "missing_lines": 0, "excluded_lines": 0, "num_branches": 0, "num_partial_branches": 0, "covered_branches": 0, "missing_branches": 0}, "missing_lines": [], "excluded_lines": [], "executed_branches": [], "missing_branches": []}, "close_fasta": {"executed_lines": [], "summary": {"covered_lines": 0, "num_statements": 1, "percent_covered": 0.0, "percent_covered_display": "0.00", "missing_lines": 1, "excluded_lines": 0, "num_branches": 0, "num_partial_branches": 0, "covered_branches": 0, "missing_branches": 0}, "missing_lines": [1498], "excluded_lines": [], "executed_branches": [], "missing_branches": []}, "load_sample": {"executed_lines": [], "summary": {"covered_lines": 0, "num_statements": 1, "percent_covered": 0.0, "percent_covered_display": "0.00", "missing_lines": 1, "excluded_lines": 0, "num_branches": 0, "num_partial_branches": 0, "covered_branches": 0, "missing_branches": 0}, "missing_lines": [1527], "excluded_lines": [], "executed_branches": [], "missing_branches": []}, "get_sample": {"executed_lines": [], "summary": {"covered_lines": 0, "num_statements": 1, "percent_covered": 0.0, "percent_covered_display": "0.00", "missing_lines": 1, "excluded_lines": 0, "num_branches": 0, "num_partial_branches": 0, "covered_branches": 0, "missing_branches": 0}, "missing_lines": [1544], "excluded_lines": [], "executed_branches": [], "missing_branches": []}, "list_samples": {"executed_lines": [], "summary": {"covered_lines": 0, "num_statements": 1, "percent_covered": 0.0, "percent_covered_display": "0.00", "missing_lines": 1, "excluded_lines": 0, "num_branches": 0, "num_partial_branches": 0, "covered_branches": 0, "missing_branches": 0}, "missing_lines": [1559], "excluded_lines": [], "executed_branches": [], "missing_branches": []}, "remove_sample": {"executed_lines": [], "summary": {"covered_lines": 0, "num_statements": 1, "percent_covered": 0.0, "percent_covered_display": "0.00", "missing_lines": 1, "excluded_lines": 0, "num_branches": 0, "num_partial_branches": 0, "covered_branches": 0, "missing_branches": 0}, "missing_lines": [1573], "excluded_lines": [], "executed_branches": [], "missing_branches": []}, "close_all_samples": {"executed_lines": [1584], "summary": {"covered_lines": 1, "num_statements": 1, "percent_covered": 100.0, "percent_covered_display": "100.00", "missing_lines": 0, "excluded_lines": 0, "num_branches": 0, "num_partial_branches": 0, "covered_branches": 0, "missing_branches": 0}, "missing_lines": [], "excluded_lines": [], "executed_branches": [], "missing_branches": []}, "get_common_reads": {"executed_lines": [], "summary": {"covered_lines": 0, "num_statements": 13, "percent_covered": 0.0, "percent_covered_display": "0.00", "missing_lines": 13, "excluded_lines": 0, "num_branches": 8, "num_partial_branches": 0, "covered_branches": 0, "missing_branches": 8}, "missing_lines": [1610, 1611, 1614, 1615, 1616, 1620, 1623, 1626, 1627, 1628, 1629, 1630, 1632], "excluded_lines": [], "executed_branches": [], "missing_branches": [[1610, 1611], [1610, 1614], [1615, 1616], [1615, 1623], [1626, 1627], [1626, 1632], [1628, 1629], [1628, 1630]]}, "get_unique_reads": {"executed_lines": [], "summary": {"covered_lines": 0, "num_statements": 12, "percent_covered": 0.0, "percent_covered_display": "0.00", "missing_lines": 12, "excluded_lines": 0, "num_branches": 8, "num_partial_branches": 0, "covered_branches": 0, "missing_branches": 8}, "missing_lines": [1658, 1659, 1660, 1662, 1665, 1667, 1672, 1673, 1674, 1675, 1676, 1678], "excluded_lines": [], "executed_branches": [], "missing_branches": [[1659, 1660], [1659, 1662], [1665, 1667], [1665, 1672], [1672, 1673], [1672, 1678], [1674, 1675], [1674, 1676]]}, "compare_samples": {"executed_lines": [], "summary": {"covered_lines": 0, "num_statements": 34, "percent_covered": 0.0, "percent_covered_display": "0.00", "missing_lines": 34, "excluded_lines": 0, "num_branches": 24, "num_partial_branches": 0, "covered_branches": 0, "missing_branches": 24}, "missing_lines": [1703, 1706, 1707, 1708, 1712, 1714, 1721, 1722, 1723, 1730, 1731, 1732, 1733, 1734, 1735, 1736, 1741, 1742, 1743, 1744, 1745, 1746, 1747, 1748, 1752, 1753, 1754, 1755, 1756, 1757, 1758, 1759, 1760, 1762], "excluded_lines": [], "executed_branches": [], "missing_branches": [[1706, 1707], [1706, 1714], [1707, 1706], [1707, 1708], [1721, 1722], [1721, 1730], [1730, 1731], [1730, 1741], [1731, 1732], [1731, 1741], [1732, 1731], [1732, 1733], [1741, 1742], [1741, 1762], [1743, 1744], [1743, 1752], [1744, 1743], [1744, 1745], [1747, 1744], [1747, 1748], [1752, 1753], [1752, 1762], [1754, 1755], [1754, 1762]]}, "": {"executed_lines": [1, 7, 8, 9, 10, 12, 13, 15, 17, 25, 26, 49, 54, 65, 90, 98, 115, 116, 135, 138, 150, 162, 174, 179, 242, 288, 358, 359, 383, 395, 420, 434, 435, 465, 488, 535, 731, 759, 773, 790, 799, 805, 810, 824, 827, 905, 954, 1037, 1152, 1237, 1297, 1367, 1419, 1432, 1449, 1465, 1483, 1502, 1530, 1547, 1562, 1576, 1590, 1635, 1681], "summary": {"covered_lines": 60, "num_statements": 60, "percent_covered": 100.0, "percent_covered_display": "100.00", "missing_lines": 0, "excluded_lines": 1, "num_branches": 0, "num_partial_branches": 0, "covered_branches": 0, "missing_branches": 0}, "missing_lines": [], "excluded_lines": [116], "executed_branches": [], "missing_branches": []}}, "classes": {"LazyReadList": {"executed_lines": [], "summary": {"covered_lines": 0, "num_statements": 37, "percent_covered": 0.0, "percent_covered_display": "0.00", "missing_lines": 37, "excluded_lines": 0, "num_branches": 26, "num_partial_branches": 0, "covered_branches": 0, "missing_branches": 26}, "missing_lines": [50, 51, 52, 56, 57, 58, 60, 61, 62, 63, 68, 69, 71, 73, 74, 75, 76, 77, 78, 79, 80, 83, 84, 85, 86, 87, 88, 92, 93, 95, 96, 105, 106, 107, 110, 111, 112], "excluded_lines": [], "executed_branches": [], "missing_branches": [[56, 57], [56, 63], [57, 58], [57, 60], [68, 69], [68, 71], [71, 73], [71, 83], [75, 76], [75, 80], [76, 77], [76, 78], [78, 75], [78, 79], [83, 84], [83, 85], [85, 86], [85, 88], [86, 85], [86, 87], [92, 93], [92, 95], [95, -90], [95, 96], [105, 106], [105, 112]]}, "Pod5Index": {"executed_lines": [], "summary": {"covered_lines": 0, "num_statements": 8, "percent_covered": 0.0, "percent_covered_display": "0.00", "missing_lines": 8, "excluded_lines": 0, "num_branches": 2, "num_partial_branches": 0, "covered_branches": 0, "missing_branches": 2}, "missing_lines": [136, 145, 146, 147, 148, 160, 172, 176], "excluded_lines": [], "executed_branches": [], "missing_branches": [[146, 147], [146, 148]]}, "Sample": {"executed_lines": [], "summary": {"covered_lines": 0, "num_statements": 34, "percent_covered": 0.0, "percent_covered_display": "0.00", "missing_lines": 34, "excluded_lines": 0, "num_branches": 10, "num_partial_branches": 0, "covered_branches": 0, "missing_branches": 10}, "missing_lines": [385, 386, 387, 388, 389, 390, 391, 392, 393, 397, 399, 400, 401, 403, 404, 405, 406, 408, 409, 410, 413, 415, 416, 418, 422, 423, 424, 425, 426, 427, 428, 429, 430, 431], "excluded_lines": [], "executed_branches": [], "missing_branches": [[399, 400], [399, 403], [403, 404], [403, 408], [408, 409], [408, 415], [415, 416], [415, 418], [422, 423], [422, 425]]}, "SquiggySession": {"executed_lines": [467, 470, 471, 472, 473, 474, 475, 476, 477, 480, 483, 485, 486, 792, 795, 796, 797, 801, 802, 803, 807, 808, 813, 815, 818, 819, 820], "summary": {"covered_lines": 27, "num_statements": 136, "percent_covered": 15.263157894736842, "percent_covered_display": "15.26", "missing_lines": 109, "excluded_lines": 0, "num_branches": 54, "num_partial_branches": 2, "covered_branches": 2, "missing_branches": 52}, "missing_lines": [490, 492, 493, 494, 495, 496, 497, 498, 501, 503, 504, 505, 507, 508, 509, 510, 512, 513, 514, 517, 518, 519, 521, 522, 523, 526, 528, 529, 531, 560, 561, 564, 567, 568, 569, 571, 572, 573, 575, 576, 580, 581, 582, 583, 586, 587, 588, 589, 591, 596, 599, 604, 618, 619, 622, 623, 624, 626, 627, 629, 630, 635, 641, 642, 645, 646, 653, 654, 655, 656, 659, 660, 661, 667, 669, 671, 672, 675, 683, 685, 686, 689, 691, 692, 693, 695, 696, 702, 709, 710, 713, 714, 721, 724, 725, 729, 745, 748, 749, 750, 754, 757, 771, 784, 785, 786, 793, 794, 814], "excluded_lines": [], "executed_branches": [[792, 795], [813, 815]], "missing_branches": [[490, 492], [490, 501], [493, 494], [493, 498], [495, 493], [495, 496], [503, 504], [503, 507], [507, 508], [507, 521], [512, 513], [512, 521], [513, 514], [513, 518], [518, 519], [518, 521], [521, 522], [521, 528], [528, 529], [528, 531], [560, 561], [560, 564], [568, 569], [568, 571], [586, 587], [586, 653], [588, 589], [588, 591], [623, 624], [623, 626], [629, 630], [629, 641], [645, 646], [645, 653], [653, 654], [653, 721], [655, 656], [655, 659], [660, 661], [660, 667], [689, 691], [689, 721], [695, 696], [695, 709], [713, 714], [713, 721], [749, 750], [749, 754], [784, -773], [784, 785], [792, 793], [813, 814]]}, "": {"executed_lines": [1, 7, 8, 9, 10, 12, 13, 15, 17, 25, 26, 49, 54, 65, 90, 98, 115, 116, 135, 138, 150, 162, 174, 179, 242, 288, 358, 359, 383, 395, 420, 434, 435, 465, 488, 535, 731, 759, 773, 790, 799, 805, 810, 824, 827, 905, 954, 1037, 1152, 1237, 1297, 1367, 1419, 1432, 1449, 1462, 1465, 1480, 1483, 1502, 1530, 1547, 1562, 1576, 1584, 1590, 1635, 1681], "summary": {"covered_lines": 63, "num_statements": 373, "percent_covered": 11.77570093457944, "percent_covered_display": "11.78", "missing_lines": 310, "excluded_lines": 1, "num_branches": 162, "num_partial_branches": 0, "covered_branches": 0, "missing_branches": 162}, "missing_lines": [208, 209, 210, 211, 215, 216, 218, 219, 220, 221, 223, 224, 226, 227, 228, 229, 230, 231, 232, 233, 235, 236, 237, 239, 272, 273, 274, 275, 276, 279, 280, 281, 282, 283, 285, 317, 318, 319, 320, 324, 325, 326, 328, 329, 330, 331, 332, 339, 340, 341, 342, 345, 346, 347, 348, 351, 352, 353, 354, 355, 856, 858, 859, 860, 863, 866, 869, 872, 873, 874, 875, 878, 879, 881, 882, 883, 886, 887, 890, 891, 893, 895, 898, 899, 900, 902, 925, 927, 928, 929, 931, 933, 934, 936, 937, 938, 941, 942, 943, 945, 947, 948, 949, 951, 973, 974, 975, 977, 979, 980, 981, 982, 983, 985, 986, 988, 989, 990, 992, 996, 997, 1001, 1008, 1011, 1012, 1014, 1016, 1017, 1018, 1027, 1029, 1070, 1073, 1074, 1075, 1076, 1077, 1078, 1079, 1081, 1083, 1084, 1085, 1090, 1091, 1094, 1095, 1097, 1100, 1101, 1104, 1107, 1109, 1110, 1111, 1116, 1119, 1120, 1123, 1124, 1127, 1128, 1131, 1134, 1137, 1138, 1140, 1185, 1187, 1188, 1189, 1192, 1193, 1194, 1195, 1198, 1199, 1200, 1201, 1207, 1208, 1210, 1216, 1227, 1230, 1231, 1232, 1234, 1271, 1272, 1275, 1279, 1280, 1281, 1285, 1290, 1292, 1293, 1294, 1324, 1326, 1327, 1328, 1331, 1332, 1333, 1334, 1335, 1336, 1337, 1338, 1344, 1346, 1348, 1349, 1352, 1360, 1363, 1364, 1383, 1384, 1385, 1387, 1388, 1389, 1392, 1395, 1397, 1398, 1399, 1400, 1402, 1403, 1405, 1406, 1408, 1411, 1414, 1416, 1426, 1439, 1440, 1441, 1444, 1445, 1446, 1498, 1527, 1544, 1559, 1573, 1610, 1611, 1614, 1615, 1616, 1620, 1623, 1626, 1627, 1628, 1629, 1630, 1632, 1658, 1659, 1660, 1662, 1665, 1667, 1672, 1673, 1674, 1675, 1676, 1678, 1703, 1706, 1707, 1708, 1712, 1714, 1721, 1722, 1723, 1730, 1731, 1732, 1733, 1734, 1735, 1736, 1741, 1742, 1743, 1744, 1745, 1746, 1747, 1748, 1752, 1753, 1754, 1755, 1756, 1757, 1758, 1759, 1760, 1762], "excluded_lines": [116], "executed_branches": [], "missing_branches": [[208, 209], [208, 218], [210, 211], [210, 216], [218, 219], [218, 221], [227, 228], [227, 235], [229, 227], [229, 230], [231, 227], [231, 232], [235, 236], [235, 239], [273, 274], [273, 279], [274, 275], [274, 276], [280, 281], [280, 285], [317, 318], [317, 328], [319, 320], [319, 325], [328, 329], [328, 331], [339, 340], [339, 351], [341, 342], [341, 345], [345, 346], [345, 348], [346, 345], [346, 347], [352, 353], [352, 355], [353, 352], [353, 354], [858, 859], [858, 863], [873, 874], [873, 878], [878, 879], [878, 895], [879, 881], [879, 886], [890, 891], [890, 893], [927, 928], [927, 931], [936, 937], [936, 945], [937, 938], [937, 941], [941, 936], [941, 942], [973, 974], [973, 977], [988, 989], [988, 1014], [989, 990], [989, 992], [996, 997], [996, 1011], [1001, 10
[...]
es": 44}, "missing_lines": [1765, 1768, 1769, 1770, 1771, 1772, 1777, 1779, 1780, 1782, 1783, 1788, 1791, 1792, 1793, 1796, 1798, 1800, 1801, 1803, 1804, 1805, 1806, 1809, 1810, 1812, 1813, 1814, 1819, 1823, 1824, 1826, 1827, 1828, 1829, 1830, 1833, 1834, 1837, 1838, 1841, 1842, 1843, 1844, 1850, 1851, 1852, 1853, 1854, 1855, 1856, 1857, 1860, 1862, 1863, 1867, 1888, 1889, 1892, 1893, 1895, 1896, 1897, 1898, 1900, 1903, 1904, 1907, 1913, 1914, 1917, 1918, 1919, 1920, 1922, 1927, 1934, 1936, 1937], "excluded_lines": [], "executed_branches": [], "missing_branches": [[1768, 1769], [1768, 1771], [1771, 1772], [1771, 1777], [1779, 1780], [1779, 1782], [1782, 1783], [1782, 1788], [1804, 1805], [1804, 1888], [1805, 1806], [1805, 1809], [1809, 1810], [1809, 1812], [1826, 1827], [1826, 1833], [1827, 1826], [1827, 1828], [1828, 1826], [1828, 1829], [1833, 1834], [1833, 1837], [1843, 1844], [1843, 1850], [1853, 1854], [1853, 1867], [1854, 1855], [1854, 1856], [1856, 1857], [1856, 1862], [1862, 1853], [1862, 1863], [1888, 1889], [1888, 1892], [1896, 1897], [1896, 1917], [1898, 1896], [1898, 1900], [1913, 1896], [1913, 1914], [1918, 1919], [1918, 1934], [1920, 1918], [1920, 1922]]}, "align_reads_to_motif_center": {"executed_lines": [], "summary": {"covered_lines": 0, "num_statements": 7, "percent_covered": 0.0, "percent_covered_display": "0.00", "missing_lines": 7, "excluded_lines": 0, "num_branches": 2, "num_partial_branches": 0, "covered_branches": 0, "missing_branches": 2}, "missing_lines": [1958, 1960, 1961, 1963, 1964, 1965, 1967], "excluded_lines": [], "executed_branches": [], "missing_branches": [[1960, 1961], [1960, 1967]]}, "clip_reads_to_window": {"executed_lines": [], "summary": {"covered_lines": 0, "num_statements": 50, "percent_covered": 0.0, "percent_covered_display": "0.00", "missing_lines": 50, "excluded_lines": 0, "num_branches": 16, "num_partial_branches": 0, "covered_branches": 0, "missing_branches": 16}, "missing_lines": [1985, 1987, 1988, 1989, 1990, 1991, 1992, 1993, 1994, 1997, 1998, 2001, 2002, 2003, 2004, 2005, 2006, 2007, 2008, 2009, 2010, 2012, 2014, 2015, 2016, 2017, 2018, 2021, 2022, 2023, 2024, 2025, 2027, 2028, 2029, 2031, 2034, 2035, 2036, 2037, 2040, 2041, 2042, 2043, 2044, 2047, 2049, 2050, 2052, 2054], "excluded_lines": [], "executed_branches": [], "missing_branches": [[1987, 1988], [1987, 2054], [1997, 1998], [1997, 2001], [2012, 2014], [2012, 2034], [2014, 2015], [2014, 2021], [2021, 2022], [2021, 2027], [2027, 2028], [2027, 2031], [2034, 2035], [2034, 2040], [2049, 2050], [2049, 2052]]}, "_route_to_plots_pane": {"executed_lines": [], "summary": {"covered_lines": 0, "num_statements": 9, "percent_covered": 0.0, "percent_covered_display": "0.00", "missing_lines": 9, "excluded_lines": 0, "num_branches": 2, "num_partial_branches": 0, "covered_branches": 0, "missing_branches": 2}, "missing_lines": [2070, 2071, 2074, 2075, 2077, 2078, 2080, 2081, 2083], "excluded_lines": [], "executed_branches": [], "missing_branches": [[2074, 2075], [2074, 2077]]}, "extract_model_provenance": {"executed_lines": [], "summary": {"covered_lines": 0, "num_statements": 28, "percent_covered": 0.0, "percent_covered_display": "0.00", "missing_lines": 28, "excluded_lines": 0, "num_branches": 22, "num_partial_branches": 0, "covered_branches": 0, "missing_branches": 22}, "missing_lines": [2106, 2107, 2109, 2111, 2112, 2114, 2115, 2118, 2119, 2122, 2124, 2125, 2128, 2129, 2132, 2133, 2136, 2137, 2139, 2140, 2141, 2142, 2143, 2146, 2147, 2149, 2151, 2153], "excluded_lines": [], "executed_branches": [], "missing_branches": [[2106, 2107], [2106, 2109], [2114, 2115], [2114, 2153], [2118, 2119], [2118, 2122], [2122, 2124], [2122, 2153], [2124, 2125], [2124, 2128], [2128, 2129], [2128, 2132], [2132, 2133], [2132, 2146], [2137, 2139], [2137, 2146], [2140, 2141], [2140, 2146], [2141, 2140], [2141, 2142], [2146, 2122], [2146, 2147]]}, "validate_sq_headers": {"executed_lines": [], "summary": {"covered_lines": 0, "num_statements": 20, "percent_covered": 0.0, "percent_covered_display": "0.00", "missing_lines": 20, "excluded_lines": 0, "num_branches": 4, "num_partial_branches": 0, "covered_branches": 0, "missing_branches": 4}, "missing_lines": [2185, 2186, 2188, 2189, 2191, 2192, 2194, 2196, 2197, 2200, 2201, 2203, 2204, 2207, 2208, 2210, 2211, 2212, 2214, 2216], "excluded_lines": [], "executed_branches": [], "missing_branches": [[2185, 2186], [2185, 2188], [2188, 2189], [2188, 2191]]}, "compare_read_sets": {"executed_lines": [], "summary": {"covered_lines": 0, "num_statements": 8, "percent_covered": 0.0, "percent_covered_display": "0.00", "missing_lines": 8, "excluded_lines": 0, "num_branches": 0, "num_partial_branches": 0, "covered_branches": 0, "missing_branches": 0}, "missing_lines": [2258, 2259, 2261, 2262, 2263, 2266, 2267, 2269], "excluded_lines": [], "executed_branches": [], "missing_branches": []}, "calculate_delta_stats": {"executed_lines": [], "summary": {"covered_lines": 0, "num_statements": 32, "percent_covered": 0.0, "percent_covered_display": "0.00", "missing_lines": 32, "excluded_lines": 0, "num_branches": 26, "num_partial_branches": 0, "covered_branches": 0, "missing_branches": 26}, "missing_lines": [2307, 2310, 2311, 2312, 2313, 2314, 2317, 2318, 2319, 2320, 2322, 2323, 2325, 2326, 2327, 2328, 2330, 2333, 2334, 2337, 2338, 2339, 2341, 2342, 2344, 2345, 2346, 2349, 2350, 2351, 2352, 2354], "excluded_lines": [], "executed_branches": [], "missing_branches": [[2310, 2311], [2310, 2317], [2312, 2313], [2312, 2317], [2313, 2312], [2313, 2314], [2318, 2319], [2318, 2333], [2319, 2320], [2319, 2322], [2325, 2318], [2325, 2326], [2327, 2328], [2327, 2330], [2333, 2334], [2333, 2337], [2337, 2338], [2337, 2349], [2338, 2339], [2338, 2341], [2344, 2337], [2344, 2345], [2349, 2350], [2349, 2351], [2351, 2352], [2351, 2354]]}, "compare_signal_distributions": {"executed_lines": [], "summary": {"covered_lines": 0, "num_statements": 1, "percent_covered": 0.0, "percent_covered_display": "0.00", "missing_lines": 1, "excluded_lines": 0, "num_branches": 0, "num_partial_branches": 0, "covered_branches": 0, "missing_branches": 0}, "missing_lines": [2383], "excluded_lines": [], "executed_branches": [], "missing_branches": []}, "parse_plot_parameters": {"executed_lines": [], "summary": {"covered_lines": 0, "num_statements": 5, "percent_covered": 0.0, "percent_covered_display": "0.00", "missing_lines": 5, "excluded_lines": 0, "num_branches": 2, "num_partial_branches": 0, "covered_branches": 0, "missing_branches": 2}, "missing_lines": [2437, 2439, 2444, 2445, 2447], "excluded_lines": [], "executed_branches": [], "missing_branches": [[2444, 2445], [2444, 2447]]}, "open_bam_safe": {"executed_lines": [], "summary": {"covered_lines": 0, "num_statements": 9, "percent_covered": 0.0, "percent_covered_display": "0.00", "missing_lines": 9, "excluded_lines": 0, "num_branches": 4, "num_partial_branches": 0, "covered_branches": 0, "missing_branches": 4}, "missing_lines": [2478, 2480, 2481, 2483, 2484, 2486, 2487, 2489, 2490], "excluded_lines": [], "executed_branches": [], "missing_branches": [[2480, 2481], [2480, 2483], [2489, -2450], [2489, 2490]]}, "": {"executed_lines": [1, 3, 4, 5, 6, 7, 8, 9, 10, 12, 13, 14, 16, 18, 21, 22, 23, 37, 38, 39, 40, 41, 43, 61, 74, 75, 99, 150, 190, 278, 325, 343, 455, 501, 526, 579, 638, 659, 712, 757, 834, 848, 910, 943, 1088, 1167, 1199, 1261, 1395, 1485, 1581, 1683, 1728, 1940, 1970, 2057, 2086, 2156, 2229, 2281, 2357, 2399, 2450, 2451], "summary": {"covered_lines": 62, "num_statements": 62, "percent_covered": 100.0, "percent_covered_display": "100.00", "missing_lines": 0, "excluded_lines": 0, "num_branches": 0, "num_partial_branches": 0, "covered_branches": 0, "missing_branches": 0}, "missing_lines": [], "excluded_lines": [], "executed_branches": [], "missing_branches": []}}, "classes": {"ModelProvenance": {"executed_lines": [], "summary": {"covered_lines": 0, "num_statements": 13, "percent_covered": 0.0, "percent_covered_display": "0.00", "missing_lines": 13, "excluded_lines": 0, "num_branches": 10, "num_partial_branches": 0, "covered_branches": 0, "missing_branches": 10}, "missing_lines": [45, 47, 48, 50, 51, 53, 54, 56, 57, 59, 63, 64, 68], "excluded_lines": [], "executed_branches": [], "missing_branches": [[47, 48], [47, 50], [50, 51], [50, 53], [53, 54], [53, 56], [56, 57], [56, 59], [63, 64], [63, 68]]}, "": {"executed_lines": [1, 3, 4, 5, 6, 7, 8, 9, 10, 12, 13, 14, 16, 18, 21, 22, 23, 37, 38, 39, 40, 41, 43, 61, 74, 75, 99, 150, 190, 278, 325, 343, 455, 501, 526, 579, 638, 659, 712, 757, 834, 848, 910, 943, 1088, 1167, 1199, 1261, 1395, 1485, 1581, 1683, 1728, 1940, 1970, 2057, 2086, 2156, 2229, 2281, 2357, 2399, 2450, 2451], "summary": {"covered_lines": 62, "num_statements": 935, "percent_covered": 4.515659140568099, "percent_covered_display": "4.52", "missing_lines": 873, "excluded_lines": 0, "num_branches": 438, "num_partial_branches": 0, "covered_branches": 0, "missing_branches": 438}, "missing_lines": [88, 89, 90, 92, 93, 94, 96, 109, 110, 111, 112, 114, 118, 119, 120, 121, 124, 125, 127, 128, 129, 130, 131, 132, 133, 134, 137, 138, 139, 140, 143, 144, 145, 147, 158, 159, 160, 161, 164, 165, 167, 168, 169, 170, 171, 172, 173, 174, 177, 178, 179, 180, 183, 184, 185, 187, 204, 205, 206, 208, 210, 212, 214, 215, 218, 219, 222, 223, 224, 225, 229, 232, 233, 235, 238, 243, 244, 245, 248, 251, 252, 254, 256, 257, 259, 260, 265, 266, 267, 268, 270, 271, 273, 274, 275, 299, 301, 303, 304, 305, 308, 310, 311, 314, 315, 316, 318, 320, 321, 322, 334, 335, 336, 337, 338, 339, 340, 356, 357, 358, 359, 361, 363, 364, 366, 368, 369, 370, 373, 374, 375, 378, 379, 380, 381, 382, 383, 384, 385, 386, 387, 390, 392, 393, 395, 397, 402, 403, 406, 407, 412, 413, 414, 417, 420, 421, 422, 424, 426, 427, 429, 430, 435, 436, 438, 439, 444, 445, 446, 447, 449, 451, 452, 477, 478, 479, 480, 481, 484, 485, 486, 487, 490, 492, 514, 516, 517, 519, 520, 523, 538, 539, 541, 542, 545, 546, 548, 551, 552, 557, 558, 561, 562, 563, 564, 565, 566, 568, 569, 571, 573, 574, 576, 601, 602, 604, 607, 608, 609, 610, 612, 613, 616, 617, 618, 619, 620, 621, 622, 623, 624, 625, 628, 629, 630, 631, 632, 635, 650, 651, 653, 654, 655, 656, 674, 675, 677, 679, 680, 682, 683, 690, 691, 692, 694, 695, 696, 698, 703, 704, 706, 707, 709, 727, 728, 730, 731, 733, 734, 735, 737, 738, 740, 743, 744, 747, 748, 750, 752, 754, 783, 784, 787, 788, 789, 794, 796, 797, 799, 800, 801, 807, 809, 812, 815, 816, 817, 819, 828, 829, 831, 844, 845, 860, 861, 863, 864, 865, 866, 867, 869, 870, 873, 874, 877, 879, 880, 882, 884, 888, 889, 891, 892, 893, 894, 896, 897, 900, 902, 904, 906, 907, 923, 924, 925, 926, 927, 928, 931, 932, 933, 935, 937, 938, 968, 971, 973, 974, 975, 976, 977, 980, 981, 982, 985, 986, 988, 989, 990, 993, 998, 999, 1000, 1002, 1003, 1004, 1005, 1007, 1011, 1012, 1013, 1015, 1017, 1018, 1020, 1021, 1025, 1026, 1027, 1028, 1030, 1047, 1048, 1049, 1051, 1054, 1055, 1057, 1058, 1059, 1060, 1061, 1065, 1066, 1069, 1070, 1071, 1072, 1073, 1080, 1082, 1083, 1141, 1143, 1145, 1151, 1152, 1155, 1156, 1159, 1162, 1164, 1192, 1193, 1194, 1196, 1227, 1228, 1229, 1232, 1234, 1236, 1238, 1239, 1241, 1242, 1244, 1246, 1248, 1252, 1254, 1255, 1256, 1258, 1303, 1304, 1306, 1307, 1308, 1309, 1310, 1312, 1313, 1316, 1319, 1320, 1323, 1324, 1325, 1326, 1327, 1331, 1332, 1333, 1334, 1335, 1336, 1339, 1340, 1343, 1344, 1346, 1348, 1349, 1350, 1351, 1357, 1358, 1360, 1361, 1362, 1364, 1365, 1366, 1371, 1372, 1375, 1377, 1387, 1392, 1413, 1415, 1416, 1417, 1418, 1419, 1422, 1424, 1426, 1429, 1430, 1432, 1433, 1435, 1438, 1440, 1441, 1442, 1443, 1445, 1448, 1449, 1452, 1454, 1455, 1456, 1458, 1460, 1463, 1464, 1465, 1466, 1467, 1469, 1470, 1471, 1472, 1473, 1474, 1476, 1500, 1503, 1504, 1506, 1507, 1511, 1512, 1513, 1514, 1518, 1519, 1522, 1524, 1526, 1530, 1533, 1537, 1539, 1540, 1541, 1544, 1546, 1547, 1548, 1549, 1550, 1553, 1554, 1557, 1558, 1559, 1560, 1561, 1563, 1564, 1565, 1566, 1567, 1568, 1572, 1599, 1601, 1602, 1605, 1606, 1607, 1609, 1610, 1611, 1612, 1613, 1618, 1620, 1626, 1627, 1630, 1631, 1632, 1634, 1636, 1637, 1640, 1643, 1644, 1645, 1646, 1648, 1650, 1651, 1652, 1653, 1655, 1658, 1659, 1661, 1662, 1666, 1668, 1670, 1671, 1672, 1674, 1675, 1676, 1678, 1680, 1695, 1697, 1698, 1699, 1701, 1704, 1705, 1706, 1708, 1709, 1710, 1712, 1713, 1714, 1716, 1717, 1718, 1719, 1721, 1765, 1768, 1769, 1770, 1771, 1772, 1777, 1779, 1780, 1782, 1783, 1788, 1791, 1792, 1793, 1796, 1798, 1800, 1801, 1803, 1804, 1805, 1806, 1809, 1810, 1812, 1813, 1814, 1819, 1823, 1824, 1826, 1827, 1828, 1829, 1830, 1833, 1834, 1837, 1838, 1841, 1842, 1843, 1844, 1850, 1851, 1852, 1853, 1854, 1855, 1856, 1857, 1860, 1862, 1863, 1867, 1888, 1889, 1892, 1893, 1895, 1896, 1897, 1898, 1900, 1903, 1904, 1907, 1913, 1914, 1917, 1918, 1919, 1920, 1922, 1927, 1934, 1936, 1937, 1958, 1960, 1961, 1963, 1964, 1965, 1967, 1985, 1987, 1988, 1989, 1990, 1991, 1992, 1993, 1994, 1997, 1998, 2001, 2002, 2003, 2004, 2005, 2006, 2007, 2008, 2009, 2010, 2012, 2014, 2015, 2016, 2017, 2018, 2021, 2022, 2023, 2024, 2025, 2027, 2028, 2029, 2031, 2034, 2035, 2036, 2037, 2040, 2041, 2042, 2043, 2044, 2047, 2049, 2050, 2052, 2054, 2070, 2071, 2074, 2075, 2077, 2078, 2080, 2081, 2083, 2106, 2107, 2109, 2111, 2112, 2114, 2115, 2118, 2119, 2122, 2124, 2125, 2128, 2129, 2132, 2133, 2136, 2137, 2139, 2140, 2141, 2142, 2143, 2146, 2147, 2149, 2151, 2153, 2185, 2186, 2188, 2189, 2191, 2192, 2194, 2196, 2197, 2200, 2201, 2203, 2204, 2207, 2208, 2210, 2211, 2212, 2214, 2216, 2258, 2259, 2261, 2262, 2263, 2266, 2267, 2269, 2307, 2310, 2311, 2312, 2313, 2314, 2317, 2318, 2319, 2320, 2322, 2323, 2325, 2326, 2327, 2328, 2330, 2333, 2334, 2337, 2338, 2339, 2341, 2342, 2344, 2345, 2346, 2349, 2350, 2351, 2352, 2354, 2383, 2437, 2439, 2444, 2445, 2447, 2478, 2480, 2481, 2483, 2484, 2486, 2487, 2489, 2490], "excluded_lines": [], "executed_branches": [], "missing_branches": [[109, 110], [109, 111], [111, 112], [111, 114], [118, 119], [118, 124], [120, 121], [120, 124], [129, 130], [129, 137], [131, 132], [131, 137], [139, 140], [139, 143], [144, 145], [144, 147], [158, 159], [158, 164], [160, 161], [160, 164], [169, 170], [169, 177], [171, 172], [171, 177], [179, 180], [179, 183], [184, 185], [184, 187], [218, 219], [218, 222], [222, 223], [222, 225], [229, 232], [229, 251], [235, 238], [235, 248], [243, 244], [243, 245], [254, 256], [254, 270], [259, 260], [259, 268], [265, 266], [265, 267], [304, 305], [304, 310], [314, 315], [314, 318], [373, 374], [373, 378], [378, 379], [378, 381], [381, 382], [381, 387], [390, 392], [390, 420], [395, 397], [395, 417], [402, 403], [402, 406], [406, 407], [406, 414], [412, 413], [412, 414], [424, 426], [424, 449], [429, 430], [429, 447], [435, 436], [435, 438], [438, 439], [438, 446], [444, 445], [444, 446], [480, 481], [480, 484], [486, 487], [486, 490], [516, 517], [516, 519], [519, 520], [519, 523], [538, 539], [538, 541], [545, 546], [545, 571], [546, 545], [546, 548], [551, 545], [551, 552], [563, 564], [563, 568], [564, 565], [564, 566], [601, 602], [601, 604], [607, 608], [607, 635], [609, 610], [609, 612], [616, 617], [616, 628], [618, 619], [618, 620], [650, 651], [650, 653], [674, 675], [674, 677], [682, 683], [682, 709], [691, 692], [691, 703], [703, 682], [703, 704], [727, 728], [727, 730], [735, 737], [735, 754], [737, 738], [737, 740], [743, 744], [743, 747], [783, 784], [783, 787], [788, 789], [788, 794], [799, 800], [799, 807], [807, 809], [807, 812], [815, 816], [815, 831], [816, 817], [816, 819], [864, 865], [864, 869], [865, 864], [865, 866], [869, 870], [869, 873], [877, 879], [877, 888], [879, 880], [879, 888], [880, 879], [880, 882], [882, 879], [882, 884], [891, 892], [891, 902], [892, 891], [892, 893], [894, 896], [894, 900], [926, 927], [926, 935], [927, 928], [927, 931], [932, 926], [932, 933], [975, 976], [975, 1047], [976, 977], [976, 980], [981, 982], [981, 985], [985, 986], [985, 988], [1003, 1004], [1003, 1011], [1015, 1017], [1015, 1025], [1017, 1018], [1017, 1020], [1020, 1021], [1020, 1025], [1026, 1027], [1026, 1030], [1027, 1026], [1027, 1028], [1047, 1048], [1047, 1054], [1048, 1049], [1048, 1051], [1058, 1059], [1058, 1069], [1060, 1058], [1060, 1061], [1065, 1058], [1065, 1066], [1070, 1071], [1070, 1080], [1072, 1070], [1072, 1073], [1143, 1145], [1143, 1151], [1155, 1156], [1155, 1159], [1234, 1236], [1234, 1238], [1241, -1199], [1241, 1242], [1242, 1241], [1242, 1244], [1244, 1246], [1244, 1258], [1246, 1248], [1246, 1252], [1254, 1255], [1254, 1256], [1306, 1307], [1306, 1339], [1308, 1306], [1308, 1309], [1309, 1310], [1309, 1312], [1319, 1320], [1319, 1323], [1323, 1324], [1323, 1325], [1325, 1326], [1325, 1327], [1331, 1308], [1331, 1332], [1332, 1333], [1332, 1334], [1334, 1335], [1334, 1336], [1340, 1343], [1340, 1357], [1346, 1340], [1346, 1348], [1348, 1340], [1348, 1349], [1349, 1350], [1349, 1351], [1360, 1361], [1360, 1387], [1364, 1360], [1364, 1365], [1365, 1366], [1365, 1371], [1415, 1416], [1415, 1463], [1424, 1426], [1424, 1429], [1432, 1415], [1432, 1433], [1433, 1435], [1433, 1460], [1435, 1438], [1435, 1460], [1440, 1441], [1440, 1445], [1441, 1440], [1441, 1442], [1454, 1455], [1454, 1456], [1469, 1470], [1469, 1476], [1506, 1507], [1506, 1557], [1524, 1526], [1524, 1530], [1539, 1506], [1539, 1540], [1544, 1546], [1544, 1553], [1546, 1547], [1546, 1549], [1553, 1539], [1553, 1554], [1563, 1564], [1563, 1572], [1601, 1602], [1601, 1618], [1605, 1601], [1605, 1606], [1606, 1605], [1606, 1607], [1609, 1610], [1609, 1611], [1611, 1612], [1611, 1613], [1626, 1627], [1626, 1680], [1630, 1631], [1630, 1658], [1643, 1644], [1643, 1648], [1645, 1643], [1645, 1646], [1650, 1651], [1650, 1658], [1658, 1659], [1658, 1680], [1666, 1668], [1666, 1680], [1668, 1670], [1668, 1674], [1671, 1668], [1671, 1672], [1674, 1675], [1674, 1680], [1697, 1698], [1697, 1712], [1698, 1699], [1698, 1701], [1704, 1697], [1704, 1705], [1705, 1704], [1705, 1706], [1708, 1709], [1708, 1710], [1716, 1717], [1716, 1721], [1768, 1769], [1768, 1771], [1771, 1772], [1771, 1777], [1779, 1780], [1779, 1782], [1782, 1783], [1782, 1788], [1804, 1805], [1804, 1888], [1805, 1806], [1805, 1809], [1809, 1810], [1809, 1812], [1826, 1827], [1826, 1833], [1827, 1826], [1827, 1828], [1828, 1826], [1828, 1829], [1833, 1834], [1833, 1837], [1843, 1844], [1843, 1850], [1853, 1854], [1853, 1867], [1854, 1855], [1854, 1856], [1856, 1857], [1856, 1862], [1862, 1853], [1862, 1863], [1888, 1889], [1888, 1892], [1896, 1897], [1896, 1917], [1898, 1896], [1898, 1900], [1913, 1896], [1913, 1914], [1918, 1919], [1918, 1934], [1920, 1918], [1920, 1922], [1960, 1961], [1960, 1967], [1987, 1988], [1987, 2054], [1997, 1998], [1997, 2001], [2012, 2014], [2012, 2034], [2014, 2015], [2014, 2021], [2021, 2022], [2021, 2027], [2027, 2028], [2027, 2031], [2034, 2035], [2034, 2040], [2049, 2050], [2049, 2052], [2074, 2075], [2074, 2077], [2106, 2107], [2106, 2109], [2114, 2115], [2114, 2153], [2118, 2119], [2118, 2122], [2122, 2124], [2122, 2153], [2124, 2125], [2124, 2128], [2128, 2129], [2128, 2132], [2132, 2133], [2132, 2146], [2137, 2139], [2137, 2146], [2140, 2141], [2140, 2146], [2141, 2140], [2141, 2142], [2146, 2122], [2146, 2147], [2185, 2186], [2185, 2188], [2188, 2189], [2188, 2191], [2310, 2311], [2310, 2317], [2312, 2313], [2312, 2317], [2313, 2312], [2313, 2314], [2318, 2319], [2318, 2333], [2319, 2320], [2319, 2322], [2325, 2318], [2325, 2326], [2327, 2328], [2327, 2330], [2333, 2334], [2333, 2337], [2337, 2338], [2337, 2349], [2338, 2339], [2338, 2341], [2344, 2337], [2344, 2345], [2349, 2350], [2349, 2351], [2351, 2352], [2351, 2354], [2444, 2445], [2444, 2447], [2480, 2481], [2480, 2483], [2489, -2450], [2489, 2490]]}}}}, "totals": {"covered_lines": 782, "num_statements": 4179, "percent_covered": 14.160206718346254, "percent_covered_display": "14.16", "missing_lines": 3397, "excluded_lines": 4, "num_branches": 1626, "num_partial_branches": 28, "covered_branches": 40, "missing_branches": 1586}}