{"meta": {"format": 3, "version": "7.11.0", "timestamp": "2025-11-05T20:47:39.811216", "branch_coverage": true, "show_contexts": false}, "files": {"squiggy/__init__.py": {"executed_lines": [1, 26, 29, 33, 34, 35, 44, 72, 79, 80, 83, 97, 98, 103, 104, 109, 156, 157, 158, 161, 169, 170, 171, 174, 175, 176, 177, 180, 182, 183, 186, 187, 188, 191, 193, 199, 206, 208, 209, 213, 215, 216, 219, 224, 235, 240, 241, 244, 246, 248, 251, 291, 292, 293, 296, 304, 305, 306, 308, 309, 312, 313, 316, 317, 318, 321, 324, 325, 326, 329, 332, 338, 339, 340, 346, 378, 384, 385, 388, 390, 392, 395, 536, 723, 758, 759, 760, 763, 764, 767, 768, 769, 770, 771, 772, 775, 776, 779, 782, 783, 789, 790, 794, 797, 798, 801, 804, 806, 808, 809, 810, 811, 815, 823, 826, 829, 831, 839, 847, 849, 853, 854, 857, 860, 861, 864, 874, 877, 878, 881, 883, 885, 888, 1090], "summary": {"covered_lines": 133, "num_statements": 314, "percent_covered": 40.497737556561084, "percent_covered_display": "40.50", "missing_lines": 181, "excluded_lines": 0, "num_branches": 128, "num_partial_branches": 12, "covered_branches": 46, "missing_branches": 82}, "missing_lines": [99, 100, 105, 106, 163, 164, 165, 166, 217, 298, 299, 300, 301, 327, 348, 349, 353, 355, 356, 357, 360, 361, 362, 364, 369, 451, 452, 453, 463, 464, 465, 466, 471, 472, 475, 482, 483, 487, 490, 491, 497, 498, 501, 504, 514, 525, 526, 529, 531, 533, 585, 589, 590, 591, 592, 600, 601, 602, 603, 606, 607, 608, 609, 615, 616, 619, 621, 622, 625, 626, 628, 629, 631, 642, 644, 645, 647, 649, 651, 652, 657, 661, 664, 672, 673, 674, 677, 678, 679, 680, 683, 685, 688, 694, 703, 705, 708, 709, 716, 718, 720, 780, 795, 799, 816, 817, 820, 848, 850, 862, 927, 928, 929, 930, 933, 934, 939, 940, 941, 942, 943, 944, 947, 948, 949, 950, 951, 957, 958, 961, 963, 964, 966, 967, 968, 970, 973, 974, 975, 979, 980, 982, 983, 989, 991, 993, 994, 995, 996, 1000, 1001, 1002, 1005, 1008, 1011, 1014, 1015, 1017, 1018, 1026, 1027, 1032, 1034, 1036, 1046, 1051, 1052, 1054, 1056, 1057, 1063, 1064, 1065, 1067, 1070, 1076, 1079, 1080, 1083, 1085, 1087], "excluded_lines": [], "executed_branches": [[161, 169], [170, 171], [170, 174], [174, 175], [174, 176], [176, 177], [176, 180], [182, 183], [182, 186], [191, 193], [191, 206], [206, 208], [206, 235], [208, 209], [208, 213], [216, 219], [296, 304], [305, 306], [305, 308], [308, 309], [308, 312], [312, 313], [312, 316], [325, 326], [325, 332], [326, 329], [338, 339], [338, 346], [346, 378], [763, 764], [763, 767], [768, 769], [768, 775], [770, 771], [770, 772], [779, 782], [782, 783], [782, 789], [794, 797], [798, 801], [804, 806], [809, 810], [809, 823], [847, 849], [849, 853], [861, 864]], "missing_branches": [[161, 163], [164, 165], [164, 166], [216, 217], [296, 298], [299, 300], [299, 301], [326, 327], [346, 348], [348, 349], [348, 353], [356, 357], [356, 364], [360, 361], [360, 362], [463, 464], [463, 465], [465, 466], [465, 471], [482, 483], [482, 487], [600, 601], [600, 602], [602, 603], [602, 606], [606, 607], [606, 608], [608, 609], [608, 615], [621, 622], [621, 625], [628, 629], [628, 651], [642, 628], [642, 644], [651, 652], [651, 657], [678, 679], [678, 683], [779, 780], [794, 795], [798, 799], [804, 829], [847, 848], [849, 850], [861, 862], [933, 934], [933, 939], [940, 941], [940, 947], [942, 943], [942, 944], [947, 948], [947, 957], [948, 949], [948, 950], [950, 947], [950, 951], [961, 963], [961, 973], [963, 964], [963, 966], [967, 968], [967, 970], [973, 974], [973, 989], [974, 975], [974, 979], [982, 973], [982, 983], [989, 991], [989, 1014], [994, 995], [994, 1008], [1017, 1018], [1017, 1051], [1026, 1027], [1026, 1032], [1052, 1054], [1052, 1070], [1063, 1064], [1063, 1070]], "functions": {"plot_read": {"executed_lines": [156, 157, 158, 161, 169, 170, 171, 174, 175, 176, 177, 180, 182, 183, 186, 187, 188, 191, 193, 199, 206, 208, 209, 213, 215, 216, 219, 224, 235, 240, 241, 244, 246, 248], "summary": {"covered_lines": 34, "num_statements": 39, "percent_covered": 84.7457627118644, "percent_covered_display": "84.75", "missing_lines": 5, "excluded_lines": 0, "num_branches": 20, "num_partial_branches": 2, "covered_branches": 16, "missing_branches": 4}, "missing_lines": [163, 164, 165, 166, 217], "excluded_lines": [], "executed_branches": [[161, 169], [170, 171], [170, 174], [174, 175], [174, 176], [176, 177], [176, 180], [182, 183], [182, 186], [191, 193], [191, 206], [206, 208], [206, 235], [208, 209], [208, 213], [216, 219]], "missing_branches": [[161, 163], [164, 165], [164, 166], [216, 217]]}, "plot_reads": {"executed_lines": [291, 292, 293, 296, 304, 305, 306, 308, 309, 312, 313, 316, 317, 318, 321, 324, 325, 326, 329, 332, 338, 339, 340, 346, 378, 384, 385, 388, 390, 392], "summary": {"covered_lines": 30, "num_statements": 46, "percent_covered": 61.42857142857143, "percent_covered_display": "61.43", "missing_lines": 16, "excluded_lines": 0, "num_branches": 24, "num_partial_branches": 3, "covered_branches": 13, "missing_branches": 11}, "missing_lines": [298, 299, 300, 301, 327, 348, 349, 353, 355, 356, 357, 360, 361, 362, 364, 369], "excluded_lines": [], "executed_branches": [[296, 304], [305, 306], [305, 308], [308, 309], [308, 312], [312, 313], [312, 316], [325, 326], [325, 332], [326, 329], [338, 339], [338, 346], [346, 378]], "missing_branches": [[296, 298], [299, 300], [299, 301], [326, 327], [346, 348], [348, 349], [348, 353], [356, 357], [356, 364], [360, 361], [360, 362]]}, "plot_aggregate": {"executed_lines": [], "summary": {"covered_lines": 0, "num_statements": 25, "percent_covered": 0.0, "percent_covered_display": "0.00", "missing_lines": 25, "excluded_lines": 0, "num_branches": 6, "num_partial_branches": 0, "covered_branches": 0, "missing_branches": 6}, "missing_lines": [451, 452, 453, 463, 464, 465, 466, 471, 472, 475, 482, 483, 487, 490, 491, 497, 498, 501, 504, 514, 525, 526, 529, 531, 533], "excluded_lines": [], "executed_branches": [], "missing_branches": [[463, 464], [463, 465], [465, 466], [465, 471], [482, 483], [482, 487]]}, "plot_motif_aggregate_all": {"executed_lines": [], "summary": {"covered_lines": 0, "num_statements": 51, "percent_covered": 0.0, "percent_covered_display": "0.00", "missing_lines": 51, "excluded_lines": 0, "num_branches": 18, "num_partial_branches": 0, "covered_branches": 0, "missing_branches": 18}, "missing_lines": [585, 589, 590, 591, 592, 600, 601, 602, 603, 606, 607, 608, 609, 615, 616, 619, 621, 622, 625, 626, 628, 629, 631, 642, 644, 645, 647, 649, 651, 652, 657, 661, 664, 672, 673, 674, 677, 678, 679, 680, 683, 685, 688, 694, 703, 705, 708, 709, 716, 718, 720], "excluded_lines": [], "executed_branches": [], "missing_branches": [[600, 601], [600, 602], [602, 603], [602, 606], [606, 607], [606, 608], [608, 609], [608, 615], [621, 622], [621, 625], [628, 629], [628, 651], [642, 628], [642, 644], [651, 652], [651, 657], [678, 679], [678, 683]]}, "plot_delta_comparison": {"executed_lines": [758, 759, 760, 763, 764, 767, 768, 769, 770, 771, 772, 775, 776, 779, 782, 783, 789, 790, 794, 797, 798, 801, 804, 806, 808, 809, 810, 811, 815, 823, 826, 829, 831, 839, 847, 849, 853, 854, 857, 860, 861, 864, 874, 877, 878, 881, 883, 885], "summary": {"covered_lines": 48, "num_statements": 57, "percent_covered": 80.24691358024691, "percent_covered_display": "80.25", "missing_lines": 9, "excluded_lines": 0, "num_branches": 24, "num_partial_branches": 7, "covered_branches": 17, "missing_branches": 7}, "missing_lines": [780, 795, 799, 816, 817, 820, 848, 850, 862], "excluded_lines": [], "executed_branches": [[763, 764], [763, 767], [768, 769], [768, 775], [770, 771], [770, 772], [779, 782], [782, 783], [782, 789], [794, 797], [798, 801], [804, 806], [809, 810], [809, 823], [847, 849], [849, 853], [861, 864]], "missing_branches": [[779, 780], [794, 795], [798, 799], [804, 829], [847, 848], [849, 850], [861, 862]]}, "plot_signal_overlay_comparison": {"executed_lines": [], "summary": {"covered_lines": 0, "num_statements": 71, "percent_covered": 0.0, "percent_covered_display": "0.00", "missing_lines": 71, "excluded_lines": 0, "num_branches": 36, "num_partial_branches": 0, "covered_branches": 0, "missing_branches": 36}, "missing_lines": [927, 928, 929, 930, 933, 934, 939, 940, 941, 942, 943, 944, 947, 948, 949, 950, 951, 957, 958, 961, 963, 964, 966, 967, 968, 970, 973, 974, 975, 979, 980, 982, 983, 989, 991, 993, 994, 995, 996, 1000, 1001, 1002, 1005, 1008, 1011, 1014, 1015, 1017, 1018, 1026, 1027, 1032, 1034, 1036, 1046, 1051, 1052, 1054, 1056, 1057, 1063, 1064, 1065, 1067, 1070, 1076, 1079, 1080, 1083, 1085, 1087], "excluded_lines": [], "executed_branches": [], "missing_branches": [[933, 934], [933, 939], [940, 941], [940, 947], [942, 943], [942, 944], [947, 948], [947, 957], [948, 949], [948, 950], [950, 947], [950, 951], [961, 963], [961, 973], [963, 964], [963, 966], [967, 968], [967, 970], [973, 974], [973, 989], [974, 975], [974, 979], [982, 973], [982, 983], [989, 991], [989, 1014], [994, 995], [994, 1008], [1017, 1018], [1017, 1051], [1026, 1027], [1026, 1032], [1052, 1054], [1052, 1070], [1063, 1064], [1063, 1070]]}, "": {"executed_lines": [1, 26, 29, 33, 34, 35, 44, 72, 79, 80, 83, 97, 98, 103, 104, 109, 251, 395, 536, 723, 888, 1090], "summary": {"covered_lines": 21, "num_statements": 25, "percent_covered": 84.0, "percent_covered_display": "84.00", "missing_lines": 4, "excluded_lines": 0, "num_branches": 0, "num_partial_branches": 0, "covered_branches": 0, "missing_branches": 0}, "missing_lines": [99, 100, 105, 106], "excluded_lines": [], "executed_branches": [], "missing_branches": []}}, "classes": {"": {"executed_lines": [1, 26, 29, 33, 34, 35, 44, 72, 79, 80, 83, 97, 98, 103, 104, 109, 156, 157, 158, 161, 169, 170, 171, 174, 175, 176, 177, 180, 182, 183, 186, 187, 188, 191, 193, 199, 206, 208, 209, 213, 215, 216, 219, 224, 235, 240, 241, 244, 246, 248, 251, 291, 292, 293, 296, 304, 305, 306, 308, 309, 312, 313, 316, 317, 318, 321, 324, 325, 326, 329, 332, 338, 339, 340, 346, 378, 384, 385, 388, 390, 392, 395, 536, 723, 758, 759, 760, 763, 764, 767, 768, 769, 770, 771, 772, 775, 776, 779, 782, 783, 789, 790, 794, 797, 798, 801, 804, 806, 808, 809, 810, 811, 815, 823, 826, 829, 831, 839, 847, 849, 853, 854, 857, 860, 861, 864, 874, 877, 878, 881, 883, 885, 888, 1090], "summary": {"covered_lines": 133, "num_statements": 314, "percent_covered": 40.497737556561084, "percent_covered_display": "40.50", "missing_lines": 181, "excluded_lines": 0, "num_branches": 128, "num_partial_branches": 12, "covered_branches": 46, "missing_branches": 82}, "missing_lines": [99, 100, 105, 106, 163, 164, 165, 166, 217, 298, 299, 300, 301, 327, 348, 349, 353, 355, 356, 357, 360, 361, 362, 364, 369, 451, 452, 453, 463, 464, 465, 466, 471, 472, 475, 482, 483, 487, 490, 491, 497, 498, 501, 504, 514, 525, 526, 529, 531, 533, 585, 589, 590, 591, 592, 600, 601, 602, 603, 606, 607, 608, 609, 615, 616, 619, 621, 622, 625, 626, 628, 629, 631, 642, 644, 645, 647, 649, 651, 652, 657, 661, 664, 672, 673, 674, 677, 678, 679, 680, 683, 685, 688, 694, 703, 705, 708, 709, 716, 718, 720, 780, 795, 799, 816, 817, 820, 848, 850, 862, 927, 928, 929, 930, 933, 934, 939, 940, 941, 942, 943, 944, 947, 948, 949, 950, 951, 957, 958, 961, 963, 964, 966, 967, 968, 970, 973, 974, 975, 979, 980, 982, 983, 989, 991, 993, 994, 995, 996, 1000, 1001, 1002, 1005, 1008, 1011, 1014, 1015, 1017, 1018, 1026, 1027, 1032, 1034, 1036, 1046, 1051, 1052, 1054, 1056, 1057, 1063, 1064, 1065, 1067, 1070, 1076, 1079, 1080, 1083, 1085, 1087], "excluded_lines": [], "executed_branches": [[161, 169], [170, 171], [170, 174], [174, 175], [174, 176], [176, 177], [176, 180], [182, 183], [182, 186], [191, 193], [191, 206], [206, 208], [206, 235], [208, 209], [208, 213], [216, 219], [296, 304], [305, 306], [305, 308], [308, 309], [308, 312], [312, 313], [312, 316], [325, 326], [325, 332], [326, 329], [338, 339], [338, 346], [346, 378], [763, 764], [763, 767], [768, 769], [768, 775], [770, 771], [770, 772], [779, 782], [782, 783], [782, 789], [794, 797], [798, 801], [804, 806], [809, 810], [809, 823], [847, 849], [849, 853], [861, 864]], "missing_branches": [[161, 163], [164, 165], [164, 166], [216, 217], [296, 298], [299, 300], [299, 301], [326, 327], [346, 348], [348, 349], [348, 353], [356, 357], [356, 364], [360, 361], [360, 362], [463, 464], [463, 465], [465, 466], [465, 471], [482, 483], [482, 487], [600, 601], [600, 602], [602, 603], [602, 606], [606, 607], [606, 608], [608, 609], [608, 615], [621, 622], [621, 625], [628, 629], [628, 651], [642, 628], [642, 644], [651, 652], [651, 657], [678, 679], [678, 683], [779, 780], [794, 795], [798, 799], [804, 829], [847, 848], [849, 850], [861, 862], [933, 934], [933, 939], [940, 941], [940, 947], [942, 943], [942, 944], [947, 948], [947, 957], [948, 949], [948, 950], [950, 947], [950, 951], [961, 963], [961, 973], [963, 964], [963, 966], [967, 968], [967, 970], [973, 974], [973, 989], [974, 975], [974, 979], [982, 973], [982, 983], [989, 991], [989, 1014], [994, 995], [994, 1008], [1017, 1018], [1017, 1051], [1026, 1027], [1026, 1032], [1052, 1054], [1052, 1070], [1063, 1064], [1063, 1070]]}}}, "squiggy/alignment.py": {"executed_lines": [1, 3, 4, 6, 7, 10, 11, 12, 14, 15, 16, 17, 18, 19, 22, 23, 24, 26, 27, 28, 29, 30, 31, 32, 33, 34, 39, 49, 50, 51, 52, 53, 54, 55, 57, 60, 70, 71, 72, 75, 76, 78, 83, 84, 87, 88, 89, 91, 92, 93, 96, 98, 99, 101, 102, 105, 108, 109, 110, 113, 114, 115, 117, 125, 126, 128, 131, 132, 133, 134, 137, 138, 139, 141, 146, 159, 168, 169, 171], "summary": {"covered_lines": 76, "num_statements": 78, "percent_covered": 95.0, "percent_covered_display": "95.00", "missing_lines": 2, "excluded_lines": 0, "num_branches": 22, "num_partial_branches": 3, "covered_branches": 19, "missing_branches": 3}, "missing_lines": [142, 144], "excluded_lines": [], "executed_branches": [[51, 52], [51, 57], [52, 51], [52, 53], [71, 72], [71, 75], [75, 76], [75, 78], [91, 92], [91, 131], [92, 93], [92, 128], [93, 96], [98, 99], [98, 105], [99, 98], [99, 101], [109, 110], [114, 115]], "missing_branches": [[93, 128], [109, 113], [114, 117]], "functions": {"extract_alignment_from_bam": {"executed_lines": [49, 50, 51, 52, 53, 54, 55, 57], "summary": {"covered_lines": 8, "num_statements": 8, "percent_covered": 100.0, "percent_covered_display": "100.00", "missing_lines": 0, "excluded_lines": 0, "num_branches": 4, "num_partial_branches": 0, "covered_branches": 4, "missing_branches": 0}, "missing_lines": [], "excluded_lines": [], "executed_branches": [[51, 52], [51, 57], [52, 51], [52, 53]], "missing_branches": []}, "_parse_alignment": {"executed_lines": [70, 71, 72, 75, 76, 78, 83, 84, 87, 88, 89, 91, 92, 93, 96, 98, 99, 101, 102, 105, 108, 109, 110, 113, 114, 115, 117, 125, 126, 128, 131, 132, 133, 134, 137, 138, 139, 141, 146], "summary": {"covered_lines": 39, "num_statements": 41, "percent_covered": 91.52542372881356, "percent_covered_display": "91.53", "missing_lines": 2, "excluded_lines": 0, "num_branches": 18, "num_partial_branches": 3, "covered_branches": 15, "missing_branches": 3}, "missing_lines": [142, 144], "excluded_lines": [], "executed_branches": [[71, 72], [71, 75], [75, 76], [75, 78], [91, 92], [91, 131], [92, 93], [92, 128], [93, 96], [98, 99], [98, 105], [99, 98], [99, 101], [109, 110], [114, 115]], "missing_branches": [[93, 128], [109, 113], [114, 117]]}, "get_base_to_signal_mapping": {"executed_lines": [168, 169, 171], "summary": {"covered_lines": 3, "num_statements": 3, "percent_covered": 100.0, "percent_covered_display": "100.00", "missing_lines": 0, "excluded_lines": 0, "num_branches": 0, "num_partial_branches": 0, "covered_branches": 0, "missing_branches": 0}, "missing_lines": [], "excluded_lines": [], "executed_branches": [], "missing_branches": []}, "": {"executed_lines": [1, 3, 4, 6, 7, 10, 11, 12, 14, 15, 16, 17, 18, 19, 22, 23, 24, 26, 27, 28, 29, 30, 31, 32, 33, 34, 39, 60, 159], "summary": {"covered_lines": 26, "num_statements": 26, "percent_covered": 100.0, "percent_covered_display": "100.00", "missing_lines": 0, "excluded_lines": 0, "num_branches": 0, "num_partial_branches": 0, "covered_branches": 0, "missing_branches": 0}, "missing_lines": [], "excluded_lines": [], "executed_branches": [], "missing_branches": []}}, "classes": {"BaseAnnotation": {"executed_lines": [], "summary": {"covered_lines": 0, "num_statements": 0, "percent_covered": 100.0, "percent_covered_display": "100.00", "missing_lines": 0, "excluded_lines": 0, "num_branches": 0, "num_partial_branches": 0, "covered_branches": 0, "missing_branches": 0}, "missing_lines": [], "excluded_lines": [], "executed_branches": [], "missing_branches": []}, "AlignedRead": {"executed_lines": [], "summary": {"covered_lines": 0, "num_statements": 0, "percent_covered": 100.0, "percent_covered_display": "100.00", "missing_lines": 0, "excluded_lines": 0, "num_branches": 0, "num_partial_branches": 0, "covered_branches": 0, "missing_branches": 0}, "missing_lines": [], "excluded_lines": [], "executed_branches": [], "missing_branches": []}, "": {"executed_lines": [1, 3, 4, 6, 7, 10, 11, 12, 14, 15, 16, 17, 18, 19, 22, 23, 24, 26, 27, 28, 29, 30, 31, 32, 33, 34, 39, 49, 50, 51, 52, 53, 54, 55, 57, 60, 70, 71, 72, 75, 76, 78, 83, 84, 87, 88, 89, 91, 92, 93, 96, 98, 99, 101, 102, 105, 108, 109, 110, 113, 114, 115, 117, 125, 126, 128, 131, 132, 133, 134, 137, 138, 139, 141, 146, 159, 168, 169, 171], "summary": {"covered_lines": 76, "num_statements": 78, "percent_covered": 95.0, "percent_covered_display": "95.00", "missing_lines": 2, "excluded_lines": 0, "num_branches": 22, "num_partial_branches": 3, "covered_branches": 19, "missing_branches": 3}, "missing_lines": [142, 144], "excluded_lines": [], "executed_branches": [[51, 52], [51, 57], [52, 51], [52, 53], [71, 72], [71, 75], [75, 76], [75, 78], [91, 92], [91, 131], [92, 93], [92, 128], [93, 96], [98, 99], [98, 105], [99, 98], [99, 101], [109, 110], [114, 115]], "missing_branches": [[93, 128], [109, 113], [114, 117]]}}}, "squiggy/api.py": {"executed_lines": [1, 38, 39, 41, 42, 43, 44, 46, 47, 48, 49, 50, 53, 54, 69, 71, 73, 74, 77, 80, 83, 85, 86, 88, 89, 90, 92, 94, 96, 109, 110, 111, 113, 115, 129, 130, 131, 132, 133, 134, 136, 138, 139, 140, 142, 144, 146, 148, 149, 151, 152, 155, 156, 167, 175, 178, 179, 180, 182, 183, 185, 187, 188, 190, 192, 193, 195, 197, 212, 213, 215, 217, 236, 237, 239, 240, 242, 283, 286, 287, 288, 289, 292, 293, 294, 297, 299, 300, 301, 303, 304, 310, 311, 316, 322, 323, 327, 337, 338, 340, 342, 343, 346, 347, 362, 364, 366, 367, 370, 373, 374, 381, 384, 385, 387, 388, 390, 391, 394, 396, 412, 414, 432, 434, 439, 455, 459, 461, 462, 464, 493, 496, 497, 499, 502, 505, 507, 509, 512, 515, 516, 517, 518, 520, 521, 523, 525, 527, 528, 529, 531, 533, 535, 537, 538, 540, 541, 542, 545, 546, 562, 564, 566, 567, 570, 573, 574, 575, 581, 584, 586, 587, 589, 590, 591, 593, 612, 614, 638, 640, 662, 664, 666, 667, 668, 670, 672, 674, 676, 677, 679, 684, 704, 705, 707, 710], "summary": {"covered_lines": 191, "num_statements": 202, "percent_covered": 89.92537313432835, "percent_covered_display": "89.93", "missing_lines": 11, "excluded_lines": 1, "num_branches": 66, "num_partial_branches": 12, "covered_branches": 50, "missing_branches": 16}, "missing_lines": [305, 335, 376, 377, 378, 435, 436, 437, 456, 680, 681], "excluded_lines": [546], "executed_branches": [[73, 74], [73, 77], [88, 89], [88, 90], [109, 110], [109, 113], [110, 109], [110, 111], [130, -115], [130, 131], [131, 132], [131, 133], [138, 139], [212, 213], [236, 237], [236, 239], [286, 287], [286, 288], [288, 289], [299, 300], [299, 310], [300, 301], [300, 303], [304, 310], [310, 311], [310, 322], [322, 323], [366, 367], [366, 370], [374, 381], [390, 391], [390, 394], [434, -414], [455, 459], [496, 497], [496, 499], [507, 509], [507, 523], [515, 516], [515, 520], [517, 518], [520, 521], [527, 528], [566, 567], [566, 570], [574, 575], [574, 581], [589, 590], [589, 591], [666, 667]], "missing_branches": [[138, -136], [212, 215], [288, 292], [304, 305], [322, 335], [374, 376], [377, 378], [377, 381], [434, 435], [436, 434], [436, 437], [455, 456], [517, 515], [520, 507], [527, -525], [666, -664]], "functions": {"Pod5File.__init__": {"executed_lines": [71, 73, 74, 77, 80, 83], "summary": {"covered_lines": 6, "num_statements": 6, "percent_covered": 100.0, "percent_covered_display": "100.00", "missing_lines": 0, "excluded_lines": 0, "num_branches": 2, "num_partial_branches": 0, "covered_branches": 2, "missing_branches": 0}, "missing_lines": [], "excluded_lines": [], "executed_branches": [[73, 74], [73, 77]], "missing_branches": []}, "Pod5File.read_ids": {"executed_lines": [88, 89, 90], "summary": {"covered_lines": 3, "num_statements": 3, "percent_covered": 100.0, "percent_covered_display": "100.00", "missing_lines": 0, "excluded_lines": 0, "num_branches": 2, "num_partial_branches": 0, "covered_branches": 2, "missing_branches": 0}, "missing_lines": [], "excluded_lines": [], "executed_branches": [[88, 89], [88, 90]], "missing_branches": []}, "Pod5File.__len__": {"executed_lines": [94], "summary": {"covered_lines": 1, "num_statements": 1, "percent_covered": 100.0, "percent_covered_display": "100.00", "missing_lines": 0, "excluded_lines": 0, "num_branches": 0, "num_partial_branches": 0, "covered_branches": 0, "missing_branches": 0}, "missing_lines": [], "excluded_lines": [], "executed_branches": [], "missing_branches": []}, "Pod5File.get_read": {"executed_lines": [109, 110, 111, 113], "summary": {"covered_lines": 4, "num_statements": 4, "percent_covered": 100.0, "percent_covered_display": "100.00", "missing_lines": 0, "excluded_lines": 0, "num_branches": 4, "num_partial_branches": 0, "covered_branches": 4, "missing_branches": 0}, "missing_lines": [], "excluded_lines": [], "executed_branches": [[109, 110], [109, 113], [110, 109], [110, 111]], "missing_branches": []}, "Pod5File.iter_reads": {"executed_lines": [129, 130, 131, 132, 133, 134], "summary": {"covered_lines": 6, "num_statements": 6, "percent_covered": 100.0, "percent_covered_display": "100.00", "missing_lines": 0, "excluded_lines": 0, "num_branches": 4, "num_partial_branches": 0, "covered_branches": 4, "missing_branches": 0}, "missing_lines": [], "excluded_lines": [], "executed_branches": [[130, -115], [130, 131], [131, 132], [131, 133]], "missing_branches": []}, "Pod5File.close": {"executed_lines": [138, 139, 140], "summary": {"covered_lines": 3, "num_statements": 3, "percent_covered": 80.0, "percent_covered_display": "80.00", "missing_lines": 0, "excluded_lines": 0, "num_branches": 2, "num_partial_branches": 1, "covered_branches": 1, "missing_branches": 1}, "missing_lines": [], "excluded_lines": [], "executed_branches": [[138, 139]], "missing_branches": [[138, -136]]}, "Pod5File.__enter__": {"executed_lines": [144], "summary": {"covered_lines": 1, "num_statements": 1, "percent_covered": 100.0, "percent_covered_display": "100.00", "missing_lines": 0, "excluded_lines": 0, "num_branches": 0, "num_partial_branches": 0, "covered_branches": 0, "missing_branches": 0}, "missing_lines": [], "excluded_lines": [], "executed_branches": [], "missing_branches": []}, "Pod5File.__exit__": {"executed_lines": [148, 149], "summary": {"covered_lines": 2, "num_statements": 2, "percent_covered": 100.0, "percent_covered_display": "100.00", "missing_lines": 0, "excluded_lines": 0, "num_branches": 0, "num_partial_branches": 0, "covered_branches": 0, "missing_branches": 0}, "missing_lines": [], "excluded_lines": [], "executed_branches": [], "missing_branches": []}, "Pod5File.__repr__": {"executed_lines": [152], "summary": {"covered_lines": 1, "num_statements": 1, "percent_covered": 100.0, "percent_covered_display": "100.00", "missing_lines": 0, "excluded_lines": 0, "num_branches": 0, "num_partial_branches": 0, "covered_branches": 0, "missing_branches": 0}, "missing_lines": [], "excluded_lines": [], "executed_branches": [], "missing_branches": []}, "Read.__init__": {"executed_lines": [175, 178, 179, 180], "summary": {"covered_lines": 4, "num_statements": 4, "percent_covered": 100.0, "percent_covered_display": "100.00", "missing_lines": 0, "excluded_lines": 0, "num_branches": 0, "num_partial_branches": 0, "covered_branches": 0, "missing_branches": 0}, "missing_lines": [], "excluded_lines": [], "executed_branches": [], "missing_branches": []}, "Read.read_id": {"executed_lines": [185], "summary": {"covered_lines": 1, "num_statements": 1, "percent_covered": 100.0, "percent_covered_display": "100.00", "missing_lines": 0, "excluded_lines": 0, "num_branches": 0, "num_partial_branches": 0, "covered_branches": 0, "missing_branches": 0}, "missing_lines": [], "excluded_lines": [], "executed_branches": [], "missing_branches": []}, "Read.signal": {"executed_lines": [190], "summary": {"covered_lines": 1, "num_statements": 1, "percent_covered": 100.0, "percent_covered_display": "100.00", "missing_lines": 0, "excluded_lines": 0, "num_branches": 0, "num_partial_branches": 0, "covered_branches": 0, "missing_branches": 0}, "missing_lines": [], "excluded_lines": [], "executed_branches": [], "missing_branches": []}, "Read.sample_rate": {"executed_lines": [195], "summary": {"covered_lines": 1, "num_statements": 1, "percent_covered": 100.0, "percent_covered_display": "100.00", "missing_lines": 0, "excluded_lines": 0, "num_branches": 0, "num_partial_branches": 0, "covered_branches": 0, "missing_branches": 0}, "missing_lines": [], "excluded_lines": [], "executed_branches": [], "missing_branches": []}, "Read.get_normalized": {"executed_lines": [212, 213, 215], "summary": {"covered_lines": 3, "num_statements": 3, "percent_covered": 80.0, "percent_covered_display": "80.00", "missing_lines": 0, "excluded_lines": 0, "num_branches": 2, "num_partial_branches": 1, "covered_branches": 1, "missing_branches": 1}, "missing_lines": [], "excluded_lines": [], "executed_branches": [[212, 213]], "missing_branches": [[212, 215]]}, "Read.get_alignment": {"executed_lines": [236, 237, 239, 240], "summary": {"covered_lines": 4, "num_statements": 4, "percent_covered": 100.0, "percent_covered_display": "100.00", "missing_lines": 0, "excluded_lines": 0, "num_branches": 2, "num_partial_branches": 0, "covered_branches": 2, "missing_branches": 0}, "missing_lines": [], "excluded_lines": [], "executed_branches": [[236, 237], [236, 239]], "missing_branches": []}, "Read.plot": {"executed_lines": [283, 286, 287, 288, 289, 292, 293, 294, 297, 299, 300, 301, 303, 304, 310, 311, 316, 322, 323, 327, 337, 338, 340], "summary": {"covered_lines": 23, "num_statements": 25, "percent_covered": 87.17948717948718, "percent_covered_display": "87.18", "missing_lines": 2, "excluded_lines": 0, "num_branches": 14, "num_partial_branches": 3, "covered_branches": 11, "missing_branches": 3}, "missing_lines": [305, 335], "excluded_lines": [], "executed_branches": [[286, 287], [286, 288], [288, 289], [299, 300], [299, 310], [300, 301], [300, 303], [304, 310], [310, 311], [310, 322], [322, 323]], "missing_branches": [[288, 292], [304, 305], [322, 335]]}, "Read.__repr__": {"executed_lines": [343], "summary": {"covered_lines": 1, "num_statements": 1, "percent_covered": 100.0, "percent_covered_display": "100.00", "missing_lines": 0, "excluded_lines": 0, "num_branches": 0, "num_partial_branches": 0, "covered_branches": 0, "missing_branches": 0}, "missing_lines": [], "excluded_lines": [], "executed_branches": [], "missing_branches": []}, "BamFile.__init__": {"executed_lines": [364, 366, 367, 370, 373, 374, 381, 384, 385], "summary": {"covered_lines": 9, "num_statements": 12, "percent_covered": 66.66666666666667, "percent_covered_display": "66.67", "missing_lines": 3, "excluded_lines": 0, "num_branches": 6, "num_partial_branches": 1, "covered_branches": 3, "missing_branches": 3}, "missing_lines": [376, 377, 378], "excluded_lines": [], "executed_branches": [[366, 367], [366, 370], [374, 381]], "missing_branches": [[374, 376], [377, 378], [377, 381]]}, "BamFile.references": {"executed_lines": [390, 391, 394], "summary": {"covered_lines": 3, "num_statements": 3, "percent_covered": 100.0, "percent_covered_display": "100.00", "missing_lines": 0, "excluded_lines": 0, "num_branches": 2, "num_partial_branches": 0, "covered_branches": 2, "missing_branches": 0}, "missing_lines": [], "excluded_lines": [], "executed_branches": [[390, 391], [390, 394]], "missing_branches": []}, "BamFile.get_alignment": {"executed_lines": [412], "summary": {"covered_lines": 1, "num_statements": 1, "percent_covered": 100.0, "percent_covered_display": "100.00", "missing_lines": 0, "excluded_lines": 0, "num_branches": 0, "num_partial_branches": 0, "covered_branches": 0, "missing_branches": 0}, "missing_lines": [], "excluded_lines": [], "executed_branches": [], "missing_branches": []}, "BamFile.iter_region": {"executed_lines": [432, 434], "summary": {"covered_lines": 2, "num_statements": 5, "percent_covered": 33.333333333333336, "percent_covered_display": "33.33", "missing_lines": 3, "excluded_lines": 0, "num_branches": 4, "num_partial_branches": 1, "covered_branches": 1, "missing_branches": 3}, "missing_lines": [435, 436, 437], "excluded_lines": [], "executed_branches": [[434, -414]], "missing_branches": [[434, 435], [436, 434], [436, 437]]}, "BamFile.get_modifications_info": {"executed_lines": [455, 459, 461, 462], "summary": {"covered_lines": 4, "num_statements": 5, "percent_covered": 71.42857142857143, "percent_covered_display": "71.43", "missing_lines": 1, "excluded_lines": 0, "num_branches": 2, "num_partial_branches": 1, "covered_branches": 1, "missing_branches": 1}, "missing_lines": [456], "excluded_lines": [], "executed_branches": [[455, 459]], "missing_branches": [[455, 456]]}, "BamFile.get_reads_overlapping_motif": {"executed_lines": [493, 496, 497, 499, 502, 505, 507, 509, 512, 515, 516, 517, 518, 520, 521, 523], "summary": {"covered_lines": 16, "num_statements": 16, "percent_covered": 92.3076923076923, "percent_covered_display": "92.31", "missing_lines": 0, "excluded_lines": 0, "num_branches": 10, "num_partial_branches": 2, "covered_branches": 8, "missing_branches": 2}, "missing_lines": [], "excluded_lines": [], "executed_branches": [[496, 497], [496, 499], [507, 509], [507, 523], [515, 516], [515, 520], [517, 518], [520, 521]], "missing_branches": [[517, 515], [520, 507]]}, "BamFile.close": {"executed_lines": [527, 528, 529], "summary": {"covered_lines": 3, "num_statements": 3, "percent_covered": 80.0, "percent_covered_display": "80.00", "missing_lines": 0, "excluded_lines": 0, "num_branches": 2, "num_partial_branches": 1, "covered_branches": 1, "missing_branches": 1}, "missing_lines": [], "excluded_lines": [], "executed_branches": [[527, 528]], "missing_branches": [[527, -525]]}, "BamFile.__enter__": {"executed_lines": [533], "summary": {"covered_lines": 1, "num_statements": 1, "percent_covered": 100.0, "percent_covered_display": "100.00", "missing_lines": 0, "excluded_lines": 0, "num_branches": 0, "num_partial_branches": 0, "covered_branches": 0, "missing_branches": 0}, "missing_lines": [], "excluded_lines": [], "executed_branches": [], "missing_branches": []}, "BamFile.__exit__": {"executed_lines": [537, 538], "summary": {"covered_lines": 2, "num_statements": 2, "percent_covered": 100.0, "percent_covered_display": "100.00", "missing_lines": 0, "excluded_lines": 0, "num_branches": 0, "num_partial_branches": 0, "covered_branches": 0, "missing_branches": 0}, "missing_lines": [], "excluded_lines": [], "executed_branches": [], "missing_branches": []}, "BamFile.__repr__": {"executed_lines": [541, 542], "summary": {"covered_lines": 2, "num_statements": 2, "percent_covered": 100.0, "percent_covered_display": "100.00", "missing_lines": 0, "excluded_lines": 0, "num_branches": 0, "num_partial_branches": 0, "covered_branches": 0, "missing_branches": 0}, "missing_lines": [], "excluded_lines": [], "executed_branches": [], "missing_branches": []}, "FastaFile.__init__": {"executed_lines": [564, 566, 567, 570, 573, 574, 575, 581, 584], "summary": {"covered_lines": 9, "num_statements": 9, "percent_covered": 100.0, "percent_covered_display": "100.00", "missing_lines": 0, "excluded_lines": 0, "num_branches": 4, "num_partial_branches": 0, "covered_branches": 4, "missing_branches": 0}, "missing_lines": [], "excluded_lines": [], "executed_branches": [[566, 567], [566, 570], [574, 575], [574, 581]], "missing_branches": []}, "FastaFile.references": {"executed_lines": [589, 590, 591], "summary": {"covered_lines": 3, "num_statements": 3, "percent_covered": 100.0, "percent_covered_display": "100.00", "missing_lines": 0, "excluded_lines": 0, "num_branches": 2, "num_partial_branches": 0, "covered_branches": 2, "missing_branches": 0}, "missing_lines": [], "excluded_lines": [], "executed_branches": [[589, 590], [589, 591]], "missing_branches": []}, "FastaFile.fetch": {"executed_lines": [612], "summary": {"covered_lines": 1, "num_statements": 1, "percent_covered": 100.0, "percent_covered_display": "100.00", "missing_lines": 0, "excluded_lines": 0, "num_branches": 0, "num_partial_branches": 0, "covered_branches": 0, "missing_branches": 0}, "missing_lines": [], "excluded_lines": [], "executed_branches": [], "missing_branches": []}, "FastaFile.search_motif": {"executed_lines": [638], "summary": {"covered_lines": 1, "num_statements": 1, "percent_covered": 100.0, "percent_covered_display": "100.00", "missing_lines": 0, "excluded_lines": 0, "num_branches": 0, "num_partial_branches": 0, "covered_branches": 0, "missing_branches": 0}, "missing_lines": [], "excluded_lines": [], "executed_branches": [], "missing_branches": []}, "FastaFile.count_motifs": {"executed_lines": [662], "summary": {"covered_lines": 1, "num_statements": 1, "percent_covered": 100.0, "percent_covered_display": "100.00", "missing_lines": 0, "excluded_lines": 0, "num_branches": 0, "num_partial_branches": 0, "covered_branches": 0, "missing_branches": 0}, "missing_lines": [], "excluded_lines": [], "executed_branches": [], "missing_branches": []}, "FastaFile.close": {"executed_lines": [666, 667, 668], "summary": {"covered_lines": 3, "num_statements": 3, "percent_covered": 80.0, "percent_covered_display": "80.00", "missing_lines": 0, "excluded_lines": 0, "num_branches": 2, "num_partial_branches": 1, "covered_branches": 1, "missing_branches": 1}, "missing_lines": [], "excluded_lines": [], "executed_branches": [[666, 667]], "missing_branches": [[666, -664]]}, "FastaFile.__enter__": {"executed_lines": [672], "summary": {"covered_lines": 1, "num_statements": 1, "percent_covered": 100.0, "percent_covered_display": "100.00", "missing_lines": 0, "excluded_lines": 0, "num_branches": 0, "num_partial_branches": 0, "covered_branches": 0, "missing_branches": 0}, "missing_lines": [], "excluded_lines": [], "executed_branches": [], "missing_branches": []}, "FastaFile.__exit__": {"executed_lines": [676, 677], "summary": {"covered_lines": 2, "num_statements": 2, "percent_covered": 100.0, "percent_covered_display": "100.00", "missing_lines": 0, "excluded_lines": 0, "num_branches": 0, "num_partial_branches": 0, "covered_branches": 0, "missing_branches": 0}, "missing_lines": [], "excluded_lines": [], "executed_branches": [], "missing_branches": []}, "FastaFile.__repr__": {"executed_lines": [], "summary": {"covered_lines": 0, "num_statements": 2, "percent_covered": 0.0, "percent_covered_display": "0.00", "missing_lines": 2, "excluded_lines": 0, "num_branches": 0, "num_partial_branches": 0, "covered_branches": 0, "missing_branches": 0}, "missing_lines": [680, 681], "excluded_lines": [], "executed_branches": [], "missing_branches": []}, "figure_to_html": {"executed_lines": [704, 705, 707], "summary": {"covered_lines": 3, "num_statements": 3, "percent_covered": 100.0, "percent_covered_display": "100.00", "missing_lines": 0, "excluded_lines": 0, "num_branches": 0, "num_partial_branches": 0, "covered_branches": 0, "missing_branches": 0}, "missing_lines": [], "excluded_lines": [], "executed_branches": [], "missing_branches": []}, "": {"executed_lines": [1, 38, 39, 41, 42, 43, 44, 46, 47, 48, 49, 50, 53, 54, 69, 85, 86, 92, 96, 115, 136, 142, 146, 151, 155, 156, 167, 182, 183, 187, 188, 192, 193, 197, 217, 242, 342, 346, 347, 362, 387, 388, 396, 414, 439, 464, 525, 531, 535, 540, 545, 546, 562, 586, 587, 593, 614, 640, 664, 670, 674, 679, 684, 710], "summary": {"covered_lines": 59, "num_statements": 59, "percent_covered": 100.0, "percent_covered_display": "100.00", "missing_lines": 0, "excluded_lines": 1, "num_branches": 0, "num_partial_branches": 0, "covered_branches": 0, "missing_branches": 0}, "missing_lines": [], "excluded_lines": [546], "executed_branches": [], "missing_branches": []}}, "classes": {"Pod5File": {"executed_lines": [71, 73, 74, 77, 80, 83, 88, 89, 90, 94, 109, 110, 111, 113, 129, 130, 131, 132, 133, 134, 138, 139, 140, 144, 148, 149, 152], "summary": {"covered_lines": 27, "num_statements": 27, "percent_covered": 97.5609756097561, "percent_covered_display": "97.56", "missing_lines": 0, "excluded_lines": 0, "num_branches": 14, "num_partial_branches": 1, "covered_branches": 13, "missing_branches": 1}, "missing_lines": [], "excluded_lines": [], "executed_branches": [[73, 74], [73, 77], [88, 89], [88, 90], [109, 110], [109, 113], [110, 109], [110, 111], [130, -115], [130, 131], [131, 132], [131, 133], [138, 139]], "missing_branches": [[138, -136]]}, "Read": {"executed_lines": [175, 178, 179, 180, 185, 190, 195, 212, 213, 215, 236, 237, 239, 240, 283, 286, 287, 288, 289, 292, 293, 294, 297, 299, 300, 301, 303, 304, 310, 311, 316, 322, 323, 327, 337, 338, 340, 343], "summary": {"covered_lines": 38, "num_statements": 40, "percent_covered": 89.65517241379311, "percent_covered_display": "89.66", "missing_lines": 2, "excluded_lines": 0, "num_branches": 18, "num_partial_branches": 4, "covered_branches": 14, "missing_branches": 4}, "missing_lines": [305, 335], "excluded_lines": [], "executed_branches": [[212, 213], [236, 237], [236, 239], [286, 287], [286, 288], [288, 289], [299, 300], [299, 310], [300, 301], [300, 303], [304, 310], [310, 311], [310, 322], [322, 323]], "missing_branches": [[212, 215], [288, 292], [304, 305], [322, 335]]}, "BamFile": {"executed_lines": [364, 366, 367, 370, 373, 374, 381, 384, 385, 390, 391, 394, 412, 432, 434, 455, 459, 461, 462, 493, 496, 497, 499, 502, 505, 507, 509, 512, 515, 516, 517, 518, 520, 521, 523, 527, 528, 529, 533, 537, 538, 541, 542], "summary": {"covered_lines": 43, "num_statements": 50, "percent_covered": 77.63157894736842, "percent_covered_display": "77.63", "missing_lines": 7, "excluded_lines": 0, "num_branches": 26, "num_partial_branches": 6, "covered_branches": 16, "missing_branches": 10}, "missing_lines": [376, 377, 378, 435, 436, 437, 456], "excluded_lines": [], "executed_branches": [[366, 367], [366, 370], [374, 381], [390, 391], [390, 394], [434, -414], [455, 459], [496, 497], [496, 499], [507, 509], [507, 523], [515, 516], [515, 520], [517, 518], [520, 521], [527, 528]], "missing_branches": [[374, 376], [377, 378], [377, 381], [434, 435], [436, 434], [436, 437], [455, 456], [517, 515], [520, 507], [527, -525]]}, "FastaFile": {"executed_lines": [564, 566, 567, 570, 573, 574, 575, 581, 584, 589, 590, 591, 612, 638, 662, 666, 667, 668, 672, 676, 677], "summary": {"covered_lines": 21, "num_statements": 23, "percent_covered": 90.3225806451613, "percent_covered_display": "90.32", "missing_lines": 2, "excluded_lines": 0, "num_branches": 8, "num_partial_branches": 1, "covered_branches": 7, "missing_branches": 1}, "missing_lines": [680, 681], "excluded_lines": [], "executed_branches": [[566, 567], [566, 570], [574, 575], [574, 581], [589, 590], [589, 591], [666, 667]], "missing_branches": [[666, -664]]}, "": {"executed_lines": [1, 38, 39, 41, 42, 43, 44, 46, 47, 48, 49, 50, 53, 54, 69, 85, 86, 92, 96, 115, 136, 142, 146, 151, 155, 156, 167, 182, 183, 187, 188, 192, 193, 197, 217, 242, 342, 346, 347, 362, 387, 388, 396, 414, 439, 464, 525, 531, 535, 540, 545, 546, 562, 586, 587, 593, 614, 640, 664, 670, 674, 679, 684, 704, 705, 707, 710], "summary": {"covered_lines": 62, "num_statements": 62, "percent_covered": 100.0, "percent_covered_display": "100.00", "missing_lines": 0, "excluded_lines": 1, "num_branches": 0, "num_partial_branches": 0, "covered_branches": 0, "missing_branches": 0}, "missing_lines": [], "excluded_lines": [546], "executed_branches": [], "missing_branches": []}}}, "squiggy/cache.py": {"executed_lines": [1, 8, 9, 10, 11, 12, 14, 17, 18, 38, 46, 47, 49, 50, 51, 53, 66, 67, 69, 80, 81, 82, 83, 85, 95, 98, 99, 100, 101, 103, 104, 105, 108, 109, 113, 116, 122, 133, 136, 138, 139, 148, 149, 151, 156, 192, 222, 259, 296, 321, 324, 325, 326, 327, 329, 330, 331, 334, 335, 339, 344, 350, 373, 376, 378, 379, 387, 388, 390, 399], "summary": {"covered_lines": 68, "num_statements": 153, "percent_covered": 41.361256544502616, "percent_covered_display": "41.36", "missing_lines": 85, "excluded_lines": 1, "num_branches": 38, "num_partial_branches": 7, "covered_branches": 11, "missing_branches": 27}, "missing_lines": [96, 110, 111, 118, 119, 120, 134, 153, 154, 166, 167, 169, 170, 171, 173, 174, 175, 178, 179, 180, 181, 183, 186, 188, 189, 190, 200, 201, 203, 205, 206, 214, 215, 217, 219, 220, 232, 233, 235, 236, 237, 238, 240, 241, 242, 245, 246, 247, 248, 250, 253, 255, 256, 257, 269, 270, 272, 274, 275, 276, 285, 286, 288, 293, 294, 322, 336, 337, 346, 347, 348, 374, 396, 397, 406, 407, 409, 410, 411, 412, 413, 414, 415, 417, 418], "excluded_lines": [18], "executed_branches": [[49, 50], [95, 98], [99, 100], [99, 103], [109, 113], [133, 136], [321, 324], [325, 326], [325, 329], [335, 339], [373, 376]], "missing_branches": [[49, -38], [95, 96], [109, 110], [133, 134], [166, 167], [166, 169], [170, 171], [170, 173], [179, 180], [179, 183], [200, 201], [200, 203], [232, 233], [232, 235], [236, 237], [236, 240], [246, 247], [246, 250], [269, 270], [269, 272], [321, 322], [335, 336], [373, 374], [406, 407], [406, 409], [410, 411], [410, 417]], "functions": {"SquiggyCache.__init__": {"executed_lines": [46, 47, 49, 50, 51], "summary": {"covered_lines": 5, "num_statements": 5, "percent_covered": 85.71428571428571, "percent_covered_display": "85.71", "missing_lines": 0, "excluded_lines": 0, "num_branches": 2, "num_partial_branches": 1, "covered_branches": 1, "missing_branches": 1}, "missing_lines": [], "excluded_lines": [], "executed_branches": [[49, 50]], "missing_branches": [[49, -38]]}, "SquiggyCache._get_cache_path": {"executed_lines": [66, 67], "summary": {"covered_lines": 2, "num_statements": 2, "percent_covered": 100.0, "percent_covered_display": "100.00", "missing_lines": 0, "excluded_lines": 0, "num_branches": 0, "num_partial_branches": 0, "covered_branches": 0, "missing_branches": 0}, "missing_lines": [], "excluded_lines": [], "executed_branches": [], "missing_branches": []}, "SquiggyCache._file_hash": {"executed_lines": [80, 81, 82, 83], "summary": {"covered_lines": 4, "num_statements": 4, "percent_covered": 100.0, "percent_covered_display": "100.00", "missing_lines": 0, "excluded_lines": 0, "num_branches": 0, "num_partial_branches": 0, "covered_branches": 0, "missing_branches": 0}, "missing_lines": [], "excluded_lines": [], "executed_branches": [], "missing_branches": []}, "SquiggyCache.load_pod5_index": {"executed_lines": [95, 98, 99, 100, 101, 103, 104, 105, 108, 109, 113, 116], "summary": {"covered_lines": 12, "num_statements": 18, "percent_covered": 66.66666666666667, "percent_covered_display": "66.67", "missing_lines": 6, "excluded_lines": 0, "num_branches": 6, "num_partial_branches": 2, "covered_branches": 4, "missing_branches": 2}, "missing_lines": [96, 110, 111, 118, 119, 120], "excluded_lines": [], "executed_branches": [[95, 98], [99, 100], [99, 103], [109, 113]], "missing_branches": [[95, 96], [109, 110]]}, "SquiggyCache.save_pod5_index": {"executed_lines": [133, 136, 138, 139, 148, 149, 151], "summary": {"covered_lines": 7, "num_statements": 10, "percent_covered": 66.66666666666667, "percent_covered_display": "66.67", "missing_lines": 3, "excluded_lines": 0, "num_branches": 2, "num_partial_branches": 1, "covered_branches": 1, "missing_branches": 1}, "missing_lines": [134, 153, 154], "excluded_lines": [], "executed_branches": [[133, 136]], "missing_branches": [[133, 134]]}, "SquiggyCache.load_pod5_read_ids": {"executed_lines": [], "summary": {"covered_lines": 0, "num_statements": 17, "percent_covered": 0.0, "percent_covered_display": "0.00", "missing_lines": 17, "excluded_lines": 0, "num_branches": 6, "num_partial_branches": 0, "covered_branches": 0, "missing_branches": 6}, "missing_lines": [166, 167, 169, 170, 171, 173, 174, 175, 178, 179, 180, 181, 183, 186, 188, 189, 190], "excluded_lines": [], "executed_branches": [], "missing_branches": [[166, 167], [166, 169], [170, 171], [170, 173], [179, 180], [179, 183]]}, "SquiggyCache.save_pod5_read_ids": {"executed_lines": [], "summary": {"covered_lines": 0, "num_statements": 10, "percent_covered": 0.0, "percent_covered_display": "0.00", "missing_lines": 10, "excluded_lines": 0, "num_branches": 2, "num_partial_branches": 0, "covered_branches": 0, "missing_branches": 2}, "missing_lines": [200, 201, 203, 205, 206, 214, 215, 217, 219, 220], "excluded_lines": [], "executed_branches": [], "missing_branches": [[200, 201], [200, 203]]}, "SquiggyCache.load_bam_ref_mapping": {"executed_lines": [], "summary": {"covered_lines": 0, "num_statements": 18, "percent_covered": 0.0, "percent_covered_display": "0.00", "missing_lines": 18, "excluded_lines": 0, "num_branches": 6, "num_partial_branches": 0, "covered_branches": 0, "missing_branches": 6}, "missing_lines": [232, 233, 235, 236, 237, 238, 240, 241, 242, 245, 246, 247, 248, 250, 253, 255, 256, 257], "excluded_lines": [], "executed_branches": [], "missing_branches": [[232, 233], [232, 235], [236, 237], [236, 240], [246, 247], [246, 250]]}, "SquiggyCache.save_bam_ref_mapping": {"executed_lines": [], "summary": {"covered_lines": 0, "num_statements": 11, "percent_covered": 0.0, "percent_covered_display": "0.00", "missing_lines": 11, "excluded_lines": 0, "num_branches": 2, "num_partial_branches": 0, "covered_branches": 0, "missing_branches": 2}, "missing_lines": [269, 270, 272, 274, 275, 276, 285, 286, 288, 293, 294], "excluded_lines": [], "executed_branches": [], "missing_branches": [[269, 270], [269, 272]]}, "SquiggyCache.load_bam_metadata": {"executed_lines": [321, 324, 325, 326, 327, 329, 330, 331, 334, 335, 339, 344], "summary": {"covered_lines": 12, "num_statements": 18, "percent_covered": 66.66666666666667, "percent_covered_display": "66.67", "missing_lines": 6, "excluded_lines": 0, "num_branches": 6, "num_partial_branches": 2, "covered_branches": 4, "missing_branches": 2}, "missing_lines": [322, 336, 337, 346, 347, 348], "excluded_lines": [], "executed_branches": [[321, 324], [325, 326], [325, 329], [335, 339]], "missing_branches": [[321, 322], [335, 336]]}, "SquiggyCache.save_bam_metadata": {"executed_lines": [373, 376, 378, 379, 387, 388, 390], "summary": {"covered_lines": 7, "num_statements": 10, "percent_covered": 66.66666666666667, "percent_covered_display": "66.67", "missing_lines": 3, "excluded_lines": 0, "num_branches": 2, "num_partial_branches": 1, "covered_branches": 1, "missing_branches": 1}, "missing_lines": [374, 396, 397], "excluded_lines": [], "executed_branches": [[373, 376]], "missing_branches": [[373, 374]]}, "SquiggyCache.clear_cache": {"executed_lines": [], "summary": {"covered_lines": 0, "num_statements": 11, "percent_covered": 0.0, "percent_covered_display": "0.00", "missing_lines": 11, "excluded_lines": 0, "num_branches": 4, "num_partial_branches": 0, "covered_branches": 0, "missing_branches": 4}, "missing_lines": [406, 407, 409, 410, 411, 412, 413, 414, 415, 417, 418], "excluded_lines": [], "executed_branches": [], "missing_branches": [[406, 407], [406, 409], [410, 411], [410, 417]]}, "": {"executed_lines": [1, 8, 9, 10, 11, 12, 14, 17, 18, 38, 53, 69, 85, 122, 156, 192, 222, 259, 296, 350, 399], "summary": {"covered_lines": 19, "num_statements": 19, "percent_covered": 100.0, "percent_covered_display": "100.00", "missing_lines": 0, "excluded_lines": 1, "num_branches": 0, "num_partial_branches": 0, "covered_branches": 0, "missing_branches": 0}, "missing_lines": [], "excluded_lines": [18], "executed_branches": [], "missing_branches": []}}, "classes": {"SquiggyCache": {"executed_lines": [46, 47, 49, 50, 51, 66, 67, 80, 81, 82, 83, 95, 98, 99, 100, 101, 103, 104, 105, 108, 109, 113, 116, 133, 136, 138, 139, 148, 149, 151, 321, 324, 325, 326, 327, 329, 330, 331, 334, 335, 339, 344, 373, 376, 378, 379, 387, 388, 390], "summary": {"covered_lines": 49, "num_statements": 134, "percent_covered": 34.883720930232556, "percent_covered_display": "34.88", "missing_lines": 85, "excluded_lines": 0, "num_branches": 38, "num_partial_branches": 7, "covered_branches": 11, "missing_branches": 27}, "missing_lines": [96, 110, 111, 118, 119, 120, 134, 153, 154, 166, 167, 169, 170, 171, 173, 174, 175, 178, 179, 180, 181, 183, 186, 188, 189, 190, 200, 201, 203, 205, 206, 214, 215, 217, 219, 220, 232, 233, 235, 236, 237, 238, 240, 241, 242, 245, 246, 247, 248, 250, 253, 255, 256, 257, 269, 270, 272, 274, 275, 276, 285, 286, 288, 293, 294, 322, 336, 337, 346, 347, 348, 374, 396, 397, 406, 407, 409, 410, 411, 412, 413, 414, 415, 417, 418], "excluded_lines": [], "executed_branches": [[49, 50], [95, 98], [99, 100], [99, 103], [109, 113], [133, 136], [321, 324], [325, 326], [325, 329], [335, 339], [373, 376]], "missing_branches": [[49, -38], [95, 96], [109, 110], [133, 134], [166, 167], [166, 169], [170, 171], [170, 173], [179, 180], [179, 183], [200, 201], [200, 203], [232, 233], [232, 235], [236, 237], [236, 240], [246, 247], [246, 250], [269, 270], [269, 272], [321, 322], [335, 336], [373, 374], [406, 407], [406, 409], [410, 411], [410, 417]]}, "": {"executed_lines": [1, 8, 9, 10, 11, 12, 14, 17, 18, 38, 53, 69, 85, 122, 156, 192, 222, 259, 296, 350, 399], "summary": {"covered_lines": 19, "num_statements": 19, "percent_covered": 100.0, "percent_covered_display": "100.00", "missing_lines": 0, "excluded_lines": 1, "num_branches": 0, "num_partial_branches": 0, "covered_branches": 0, "missing_branches": 0}, "missing_lines": [], "excluded_lines": [18], "executed_branches": [], "missing_branches": []}}}, "squiggy/constants.py": {"executed_lines": [1, 3, 10, 18, 28, 38, 41, 49, 50, 52, 53, 54, 55, 56, 57, 58, 64, 65, 67, 68, 69, 70, 78, 81, 82, 89, 108, 109, 111, 112, 116, 139, 170, 201, 236, 237, 240, 241, 242, 243, 244, 245], "summary": {"covered_lines": 38, "num_statements": 38, "percent_covered": 100.0, "percent_covered_display": "100.00", "missing_lines": 0, "excluded_lines": 0, "num_branches": 0, "num_partial_branches": 0, "covered_branches": 0, "missing_branches": 0}, "missing_lines": [], "excluded_lines": [], "executed_branches": [], "missing_branches": [], "functions": {"": {"executed_lines": [1, 3, 10, 18, 28, 38, 41, 49, 50, 52, 53, 54, 55, 56, 57, 58, 64, 65, 67, 68, 69, 70, 78, 81, 82, 89, 108, 109, 111, 112, 116, 139, 170, 201, 236, 237, 240, 241, 242, 243, 244, 245], "summary": {"covered_lines": 38, "num_statements": 38, "percent_covered": 100.0, "percent_covered_display": "100.00", "missing_lines": 0, "excluded_lines": 0, "num_branches": 0, "num_partial_branches": 0, "covered_branches": 0, "missing_branches": 0}, "missing_lines": [], "excluded_lines": [], "executed_branches": [], "missing_branches": []}}, "classes": {"PlotMode": {"executed_lines": [], "summary": {"covered_lines": 0, "num_statements": 0, "percent_covered": 100.0, "percent_covered_display": "100.00", "missing_lines": 0, "excluded_lines": 0, "num_branches": 0, "num_partial_branches": 0, "covered_branches": 0, "missing_branches": 0}, "missing_lines": [], "excluded_lines": [], "executed_branches": [], "missing_branches": []}, "NormalizationMethod": {"executed_lines": [], "summary": {"covered_lines": 0, "num_statements": 0, "percent_covered": 100.0, "percent_covered_display": "100.00", "missing_lines": 0, "excluded_lines": 0, "num_branches": 0, "num_partial_branches": 0, "covered_branches": 0, "missing_branches": 0}, "missing_lines": [], "excluded_lines": [], "executed_branches": [], "missing_branches": []}, "Theme": {"executed_lines": [], "summary": {"covered_lines": 0, "num_statements": 0, "percent_covered": 100.0, "percent_covered_display": "100.00", "missing_lines": 0, "excluded_lines": 0, "num_branches": 0, "num_partial_branches": 0, "covered_branches": 0, "missing_branches": 0}, "missing_lines": [], "excluded_lines": [], "executed_branches": [], "missing_branches": []}, "": {"executed_lines": [1, 3, 10, 18, 28, 38, 41, 49, 50, 52, 53, 54, 55, 56, 57, 58, 64, 65, 67, 68, 69, 70, 78, 81, 82, 89, 108, 109, 111, 112, 116, 139, 170, 201, 236, 237, 240, 241, 242, 243, 244, 245], "summary": {"covered_lines": 38, "num_statements": 38, "percent_covered": 100.0, "percent_covered_display": "100.00", "missing_lines": 0, "excluded_lines": 0, "num_branches": 0, "num_partial_branches": 0, "covered_branches": 0, "missing_branches": 0}, "missing_lines": [], "excluded_lines": [], "executed_branches": [], "missing_branches": []}}}, "squiggy/io.py": {"executed_lines": [1, 7, 8, 9, 10, 11, 13, 14, 16, 24, 25, 48, 49, 50, 51, 53, 55, 56, 59, 60, 61, 62, 64, 89, 91, 94, 95, 97, 114, 115, 134, 135, 137, 144, 145, 146, 147, 149, 159, 161, 173, 175, 178, 202, 205, 206, 208, 209, 210, 211, 212, 213, 214, 215, 217, 218, 219, 221, 224, 248, 252, 256, 257, 258, 261, 262, 263, 274, 275, 299, 301, 302, 303, 304, 305, 306, 307, 308, 309, 311, 313, 315, 316, 317, 319, 324, 331, 332, 334, 336, 338, 339, 340, 341, 342, 343, 344, 345, 346, 347, 350, 351, 381, 383, 386, 387, 388, 389, 390, 391, 392, 393, 396, 399, 401, 402, 404, 406, 408, 409, 410, 411, 412, 413, 414, 417, 419, 420, 421, 423, 424, 425, 426, 428, 429, 430, 433, 434, 435, 437, 444, 445, 447, 451, 476, 480, 483, 484, 487, 488, 489, 491, 492, 496, 497, 498, 499, 502, 503, 504, 507, 512, 515, 520, 534, 535, 538, 539, 540, 542, 543, 545, 557, 558, 561, 569, 637, 640, 641, 645, 647, 661, 664, 665, 666, 670, 673, 675, 687, 689, 700, 701, 702, 706, 708, 709, 710, 711, 712, 713, 715, 717, 718, 719, 721, 723, 724, 726, 729, 730, 731, 734, 735, 736, 740, 743, 772, 774, 775, 778, 781, 784, 787, 788, 789, 790, 793, 794, 796, 797, 798, 801, 802, 805, 806, 808, 813, 814, 815, 817, 820, 840, 842, 843, 845, 847, 848, 850, 851, 855, 856, 857, 868, 887, 888, 890, 892, 893, 894, 895, 896, 898, 899, 901, 902, 903, 905, 909, 910, 914, 921, 924, 925, 927, 940, 942, 950, 983, 986, 987, 988, 989, 990, 991, 992, 994, 996, 997, 998, 1003, 1004, 1007, 1010, 1013, 1014, 1017, 1020, 1022, 1023, 1024, 1029, 1032, 1033, 1036, 1037, 1040, 1041, 1044, 1047, 1050, 1051, 1053, 1065, 1098, 1100, 1101, 1104, 1105, 1106, 1107, 1110, 1111, 1112, 1113, 1119, 1120, 1122, 1128, 1139, 1142, 1143, 1144, 1146, 1149, 1202, 1271, 1287, 1288, 1290, 1294, 1297, 1299, 1300, 1301, 1304, 1305, 1307, 1308, 1310, 1313, 1316, 1318, 1321, 1328, 1334, 1341, 1342, 1345, 1346, 1350, 1363, 1366, 1381, 1384, 1403, 1428, 1431, 1445, 1448, 1460, 1463, 1474, 1477, 1485, 1491, 1511, 1512, 1515, 1516, 1520, 1523, 1524, 1525, 1526, 1527, 1529, 1532, 1555, 1556, 1557, 1559, 1562, 1564, 1569, 1570, 1571, 1573, 1575, 1578, 1600, 1603, 1604, 1605, 1607, 1614, 1615, 1616, 1623, 1624, 1625, 1626, 1627, 1628, 1629, 1634, 1635, 1636, 1637, 1638, 1639, 1640, 1641, 1645, 1646, 1647, 1648, 1649, 1650, 1651, 1655], "summary": {"covered_lines": 425, "num_statements": 546, "percent_covered": 73.91857506361323, "percent_covered_display": "73.92", "missing_lines": 121, "excluded_lines": 1, "num_branches": 240, "num_partial_branches": 42, "covered_branches": 156, "missing_branches": 84}, "missing_lines": [57, 67, 68, 70, 72, 73, 74, 75, 76, 77, 78, 79, 82, 83, 84, 85, 86, 87, 92, 104, 105, 106, 109, 110, 111, 171, 203, 249, 264, 267, 268, 269, 270, 271, 320, 321, 322, 325, 326, 329, 438, 439, 442, 477, 485, 505, 546, 551, 562, 570, 571, 572, 575, 576, 577, 583, 585, 587, 588, 591, 599, 601, 602, 605, 607, 608, 609, 611, 612, 618, 625, 626, 629, 630, 810, 852, 859, 861, 862, 863, 865, 929, 930, 931, 1008, 1183, 1184, 1188, 1189, 1190, 1195, 1197, 1198, 1199, 1229, 1231, 1232, 1235, 1236, 1237, 1238, 1239, 1240, 1241, 1242, 1248, 1250, 1252, 1253, 1256, 1264, 1267, 1268, 1291, 1302, 1347, 1399, 1517, 1572, 1652, 1653], "excluded_lines": [115], "executed_branches": [[55, 56], [55, 62], [56, 59], [91, 94], [94, -89], [94, 95], [145, 146], [145, 147], [202, 205], [209, 210], [209, 217], [211, 209], [211, 212], [213, 209], [213, 214], [217, 218], [217, 221], [248, 252], [252, 256], [257, 258], [257, 261], [261, 262], [262, 261], [262, 263], [315, 316], [315, 319], [319, 324], [324, 331], [331, 332], [331, 334], [338, 339], [406, 408], [406, 417], [409, 410], [409, 414], [411, 412], [419, 420], [419, 423], [423, 424], [423, 437], [428, 429], [429, 430], [434, 435], [437, 444], [444, 445], [444, 447], [476, 480], [484, 487], [502, 503], [502, 569], [504, 507], [539, 540], [539, 542], [545, 557], [561, 569], [569, 637], [665, 666], [665, 670], [700, -689], [700, 701], [708, 709], [708, 711], [729, 730], [729, 731], [774, 775], [774, 778], [788, 789], [793, 794], [794, 796], [794, 801], [805, 806], [842, 843], [842, 845], [850, 851], [851, 855], [855, 856], [887, 888], [887, 890], [901, 902], [902, 903], [902, 905], [909, 910], [914, 921], [914, 924], [924, 925], [997, 998], [997, 1003], [1003, 1004], [1003, 1040], [1007, 1010], [1013, 1014], [1020, 1003], [1020, 1022], [1022, 1023], [1024, 1029], [1024, 1032], [1032, 1033], [1036, 1037], [1040, 1041], [1040, 1044], [1050, 1051], [1100, 1101], [1100, 1104], [1105, 1106], [1110, 1111], [1110, 1122], [1119, 1120], [1287, 1288], [1287, 1290], [1290, 1294], [1300, 1301], [1300, 1313], [1301, 1304], [1307, 1308], [1307, 1310], [1341, 1342], [1341, 1345], [1345, 1346], [1511, 1512], [1511, 1515], [1516, 1520], [1523, 1524], [1523, 1529], [1525, 1526], [1525, 1527], [1556, 1557], [1556, 1559], [1562, 1564], [1562, 1569], [1569, 1570], [1569, 1575], [1571, 1573], [1603, 1604], [1603, 1607], [1604, 1603], [1604, 1605], [1614, 1615], [1614, 1623], [1623, 1624], [1623, 1634], [1624, 1625], [1624, 1634], [1625, 1624], [1625, 1626], [1634, 1635], [1634, 1655], [1636, 1637], [1636, 1645], [1637, 1636], [1637, 1638], [1640, 1637], [1640, 1641], [1645, 1646], [1645, 1655], [1647, 1648], [1647, 1655]], "missing_branches": [[56, 57], [67, 68], [67, 70], [70, 72], [70, 82], [74, 75], [74, 79], [75, 76], [75, 77], [77, 74], [77, 78], [82, 83], [82, 84], [84, 85], [84, 87], [85, 84], [85, 86], [91, 92], [104, 105], [104, 111], [202, 203], [248, 249], [252, 267], [261, 264], [268, 269], [268, 271], [269, 268], [269, 270], [319, 320], [324, 325], [338, 341], [411, 409], [428, 437], [429, 434], [434, 437], [437, 438], [476, 477], [484, 485], [504, 505], [545, 546], [561, 562], [569, 570], [571, 572], [571, 575], [576, 577], [576, 583], [605, 607], [605, 637], [611, 612], [611, 625], [629, 630], [629, 637], [788, 793], [793, 810], [805, 808], [850, 859], [851, 852], [855, 850], [901, 927], [909, 924], [924, 901], [1007, 1008], [1013, 1017], [1022, 1032], [1032, 1036], [1036, 1003], [1050, 1053], [1105, 1110], [1119, 1128], [1183, 1184], [1183, 1188], [1188, 1189], [1188, 1195], [1197, 1198], [1197, 1199], [1231, 1232], [1231, 1235], [1236, 1237], [1236, 1248], [1290, 1291], [1301, 1302], [1345, 1347], [1516, 1517], [1571, 1572]], "functions": {"LazyReadList.__init__": {"executed_lines": [49, 50, 51], "summary": {"covered_lines": 3, "num_statements": 3, "percent_covered": 100.0, "percent_covered_display": "100.00", "missing_lines": 0, "excluded_lines": 0, "num_branches": 0, "num_partial_branches": 0, "covered_branches": 0, "missing_branches": 0}, "missing_lines": [], "excluded_lines": [], "executed_branches": [], "missing_branches": []}, "LazyReadList.__len__": {"executed_lines": [55, 56, 59, 60, 61, 62], "summary": {"covered_lines": 6, "num_statements": 7, "percent_covered": 81.81818181818181, "percent_covered_display": "81.82", "missing_lines": 1, "excluded_lines": 0, "num_branches": 4, "num_partial_branches": 1, "covered_branches": 3, "missing_branches": 1}, "missing_lines": [57], "excluded_lines": [], "executed_branches": [[55, 56], [55, 62], [56, 59]], "missing_branches": [[56, 57]]}, "LazyReadList.__getitem__": {"executed_lines": [], "summary": {"covered_lines": 0, "num_statements": 17, "percent_covered": 0.0, "percent_covered_display": "0.00", "missing_lines": 17, "excluded_lines": 0, "num_branches": 16, "num_partial_branches": 0, "covered_branches": 0, "missing_branches": 16}, "missing_lines": [67, 68, 70, 72, 73, 74, 75, 76, 77, 78, 79, 82, 83, 84, 85, 86, 87], "excluded_lines": [], "executed_branches": [], "missing_branches": [[67, 68], [67, 70], [70, 72], [70, 82], [74, 75], [74, 79], [75, 76], [75, 77], [77, 74], [77, 78], [82, 83], [82, 84], [84, 85], [84, 87], [85, 84], [85, 86]]}, "LazyReadList.__iter__": {"executed_lines": [91, 94, 95], "summary": {"covered_lines": 3, "num_statements": 4, "percent_covered": 75.0, "percent_covered_display": "75.00", "missing_lines": 1, "excluded_lines": 0, "num_branches": 4, "num_partial_branches": 1, "covered_branches": 3, "missing_branches": 1}, "missing_lines": [92], "excluded_lines": [], "executed_branches": [[91, 94], [94, -89], [94, 95]], "missing_branches": [[91, 92]]}, "LazyReadList.materialize": {"executed_lines": [], "summary": {"covered_lines": 0, "num_statements": 6, "percent_covered": 0.0, "percent_covered_display": "0.00", "missing_lines": 6, "excluded_lines": 0, "num_branches": 2, "num_partial_branches": 0, "covered_branches": 0, "missing_branches": 2}, "missing_lines": [104, 105, 106, 109, 110, 111], "excluded_lines": [], "executed_branches": [], "missing_branches": [[104, 105], [104, 111]]}, "Pod5Index.__init__": {"executed_lines": [135], "summary": {"covered_lines": 1, "num_statements": 1, "percent_covered": 100.0, "percent_covered_display": "100.00", "missing_lines": 0, "excluded_lines": 0, "num_branches": 0, "num_partial_branches": 0, "covered_branches": 0, "missing_branches": 0}, "missing_lines": [], "excluded_lines": [], "executed_branches": [], "missing_branches": []}, "Pod5Index.build": {"executed_lines": [144, 145, 146, 147], "summary": {"covered_lines": 4, "num_statements": 4, "percent_covered": 100.0, "percent_covered_display": "100.00", "missing_lines": 0, "excluded_lines": 0, "num_branches": 2, "num_partial_branches": 0, "covered_branches": 2, "missing_branches": 0}, "missing_lines": [], "excluded_lines": [], "executed_branches": [[145, 146], [145, 147]], "missing_branches": []}, "Pod5Index.get_position": {"executed_lines": [159], "summary": {"covered_lines": 1, "num_statements": 1, "percent_covered": 100.0, "percent_covered_display": "100.00", "missing_lines": 0, "excluded_lines": 0, "num_branches": 0, "num_partial_branches": 0, "covered_branches": 0, "missing_branches": 0}, "missing_lines": [], "excluded_lines": [], "executed_branches": [], "missing_branches": []}, "Pod5Index.has_read": {"executed_lines": [], "summary": {"covered_lines": 0, "num_statements": 1, "percent_covered": 0.0, "percent_covered_display": "0.00", "missing_lines": 1, "excluded_lines": 0, "num_branches": 0, "num_partial_branches": 0, "covered_branches": 0, "missing_branches": 0}, "missing_lines": [171], "excluded_lines": [], "executed_branches": [], "missing_branches": []}, "Pod5Index.__len__": {"executed_lines": [175], "summary": {"covered_lines": 1, "num_statements": 1, "percent_covered": 100.0, "percent_covered_display": "100.00", "missing_lines": 0, "excluded_lines": 0, "num_branches": 0, "num_partial_branches": 0, "covered_branches": 0, "missing_branches": 0}, "missing_lines": [], "excluded_lines": [], "executed_branches": [], "missing_branches": []}, "get_reads_batch": {"executed_lines": [202, 205, 206, 208, 209, 210, 211, 212, 213, 214, 215, 217, 218, 219, 221], "summary": {"covered_lines": 15, "num_statements": 16, "percent_covered": 92.3076923076923, "percent_covered_display": "92.31", "missing_lines": 1, "excluded_lines": 0, "num_branches": 10, "num_partial_branches": 1, "covered_branches": 9, "missing_branches": 1}, "missing_lines": [203], "excluded_lines": [], "executed_branches": [[202, 205], [209, 210], [209, 217], [211, 209], [211, 212], [213, 209], [213, 214], [217, 218], [217, 221]], "missing_branches": [[202, 203]]}, "get_read_by_id": {"executed_lines": [248, 252, 256, 257, 258, 261, 262, 263], "summary": {"covered_lines": 8, "num_statements": 15, "percent_covered": 51.724137931034484, "percent_covered_display": "51.72", "missing_lines": 7, "excluded_lines": 0, "num_branches": 14, "num_partial_branches": 3, "covered_branches": 7, "missing_branches": 7}, "missing_lines": [249, 264, 267, 268, 269, 270, 271], "excluded_lines": [], "executed_branches": [[248, 252], [252, 256], [257, 258], [257, 261], [261, 262], [262, 261], [262, 263]], "missing_branches": [[248, 249], [252, 267], [261, 264], [268, 269], [268, 271], [269, 268], [269, 270]]}, "Sample.__init__": {"executed_lines": [301, 302, 303, 304, 305, 306, 307, 308, 309], "summary": {"covered_lines": 9, "num_statements": 9, "percent_covered": 100.0, "percent_covered_display": "100.00", "missing_lines": 0, "excluded_lines": 0, "num_branches": 0, "num_partial_branches": 0, "covered_branches": 0, "missing_branches": 0}, "missing_lines": [], "excluded_lines": [], "executed_branches": [], "missing_branches": []}, "Sample.__repr__": {"executed_lines": [313, 315, 316, 317, 319, 324, 331, 332, 334], "summary": {"covered_lines": 9, "num_statements": 15, "percent_covered": 65.21739130434783, "percent_covered_display": "65.22", "missing_lines": 6, "excluded_lines": 0, "num_branches": 8, "num_partial_branches": 2, "covered_branches": 6, "missing_branches": 2}, "missing_lines": [320, 321, 322, 325, 326, 329], "excluded_lines": [], "executed_branches": [[315, 316], [315, 319], [319, 324], [324, 331], [331, 332], [331, 334]], "missing_branches": [[319, 320], [324, 325]]}, "Sample.close": {"executed_lines": [338, 339, 340, 341, 342, 343, 344, 345, 346, 347], "summary": {"covered_lines": 10, "num_statements": 10, "percent_covered": 91.66666666666667, "percent_covered_display": "91.67", "missing_lines": 0, "excluded_lines": 0, "num_branches": 2, "num_partial_branches": 1, "covered_branches": 1, "missing_branches": 1}, "missing_lines": [], "excluded_lines": [], "executed_branches": [[338, 339]], "missing_branches": [[338, 341]]}, "SquiggySession.__init__": {"executed_lines": [383, 386, 387, 388, 389, 390, 391, 392, 393, 396, 399, 401, 402], "summary": {"covered_lines": 13, "num_statements": 13, "percent_covered": 100.0, "percent_covered_display": "100.00", "missing_lines": 0, "excluded_lines": 0, "num_branches": 0, "num_partial_branches": 0, "covered_branches": 0, "missing_branches": 0}, "missing_lines": [], "excluded_lines": [], "executed_branches": [], "missing_branches": []}, "SquiggySession.__repr__": {"executed_lines": [406, 408, 409, 410, 411, 412, 413, 414, 417, 419, 420, 421, 423, 424, 425, 426, 428, 429, 430, 433, 434, 435, 437, 444, 445, 447], "summary": {"covered_lines": 26, "num_statements": 29, "percent_covered": 83.6734693877551, "percent_covered_display": "83.67", "missing_lines": 3, "excluded_lines": 0, "num_branches": 20, "num_partial_branches": 5, "covered_branches": 15, "missing_branches": 5}, "missing_lines": [438, 439, 442], "excluded_lines": [], "executed_branches": [[406, 408], [406, 417], [409, 410], [409, 414], [411, 412], [419, 420], [419, 423], [423, 424], [423, 437], [428, 429], [429, 430], [434, 435], [437, 444], [444, 445], [444, 447]], "missing_branches": [[411, 409], [428, 437], [429, 434], [434, 437], [437, 438]]}, "SquiggySession.load_sample": {"executed_lines": [476, 480, 483, 484, 487, 488, 489, 491, 492, 496, 497, 498, 499, 502, 503, 504, 507, 512, 515, 520, 534, 535, 538, 539, 540, 542, 543, 545, 557, 558, 561, 569, 637, 640, 641, 645], "summary": {"covered_lines": 36, "num_statements": 67, "percent_covered": 49.46236559139785, "percent_covered_display": "49.46", "missing_lines": 31, "excluded_lines": 0, "num_branches": 26, "num_partial_branches": 6, "covered_branches": 10, "missing_branches": 16}, "missing_lines": [477, 485, 505, 546, 551, 562, 570, 571, 572, 575, 576, 577, 583, 585, 587, 588, 591, 599, 601, 602, 605, 607, 608, 609, 611, 612, 618, 625, 626, 629, 630], "excluded_lines": [], "executed_branches": [[476, 480], [484, 487], [502, 503], [502, 569], [504, 507], [539, 540], [539, 542], [545, 557], [561, 569], [569, 637]], "missing_branches": [[476, 477], [484, 485], [504, 505], [545, 546], [561, 562], [569, 570], [571, 572], [571, 575], [576, 577], [576, 583], [605, 607], [605, 637], [611, 612], [611, 625], [629, 630], [629, 637]]}, "SquiggySession.get_sample": {"executed_lines": [661, 664, 665, 666, 670, 673], "summary": {"covered_lines": 6, "num_statements": 6, "percent_covered": 100.0, "percent_covered_display": "100.00", "missing_lines": 0, "excluded_lines": 0, "num_branches": 2, "num_partial_branches": 0, "covered_branches": 2, "missing_branches": 0}, "missing_lines": [], "excluded_lines": [], "executed_branches": [[665, 666], [665, 670]], "missing_branches": []}, "SquiggySession.list_samples": {"executed_lines": [687], "summary": {"covered_lines": 1, "num_statements": 1, "percent_covered": 100.0, "percent_covered_display": "100.00", "missing_lines": 0, "excluded_lines": 0, "num_branches": 0, "num_partial_branches": 0, "covered_branches": 0, "missing_branches": 0}, "missing_lines": [], "excluded_lines": [], "executed_branches": [], "missing_branches": []}, "SquiggySession.remove_sample": {"executed_lines": [700, 701, 702], "summary": {"covered_lines": 3, "num_statements": 3, "percent_covered": 100.0, "percent_covered_display": "100.00", "missing_lines": 0, "excluded_lines": 0, "num_branches": 2, "num_partial_branches": 0, "covered_branches": 2, "missing_branches": 0}, "missing_lines": [], "excluded_lines": [], "executed_branches": [[700, -689], [700, 701]], "missing_branches": []}, "SquiggySession.close_pod5": {"executed_lines": [708, 709, 710, 711, 712, 713], "summary": {"covered_lines": 6, "num_statements": 6, "percent_covered": 100.0, "percent_covered_display": "100.00", "missing_lines": 0, "excluded_lines": 0, "num_branches": 2, "num_partial_branches": 0, "covered_branches": 2, "missing_branches": 0}, "missing_lines": [], "excluded_lines": [], "executed_branches": [[708, 709], [708, 711]], "missing_branches": []}, "SquiggySession.close_bam": {"executed_lines": [717, 718, 719], "summary": {"covered_lines": 3, "num_statements": 3, "percent_covered": 100.0, "percent_covered_display": "100.00", "missing_lines": 0, "excluded_lines": 0, "num_branches": 0, "num_partial_branches": 0, "covered_branches": 0, "missing_branches": 0}, "missing_lines": [], "excluded_lines": [], "executed_branches": [], "missing_branches": []}, "SquiggySession.close_fasta": {"executed_lines": [723, 724], "summary": {"covered_lines": 2, "num_statements": 2, "percent_covered": 100.0, "percent_covered_display": "100.00", "missing_lines": 0, "excluded_lines": 0, "num_branches": 0, "num_partial_branches": 0, "covered_branches": 0, "missing_branches": 0}, "missing_lines": [], "excluded_lines": [], "executed_branches": [], "missing_branches": []}, "SquiggySession.close_all": {"executed_lines": [729, 730, 731, 734, 735, 736], "summary": {"covered_lines": 6, "num_statements": 6, "percent_covered": 100.0, "percent_covered_display": "100.00", "missing_lines": 0, "excluded_lines": 0, "num_branches": 2, "num_partial_branches": 0, "covered_branches": 2, "missing_branches": 0}, "missing_lines": [], "excluded_lines": [], "executed_branches": [[729, 730], [729, 731]], "missing_branches": []}, "load_pod5": {"executed_lines": [772, 774, 775, 778, 781, 784, 787, 788, 789, 790, 793, 794, 796, 797, 798, 801, 802, 805, 806, 808, 813, 814, 815, 817], "summary": {"covered_lines": 24, "num_statements": 25, "percent_covered": 88.57142857142857, "percent_covered_display": "88.57", "missing_lines": 1, "excluded_lines": 0, "num_branches": 10, "num_partial_branches": 3, "covered_branches": 7, "missing_branches": 3}, "missing_lines": [810], "excluded_lines": [], "executed_branches": [[774, 775], [774, 778], [788, 789], [793, 794], [794, 796], [794, 801], [805, 806]], "missing_branches": [[788, 793], [793, 810], [805, 808]]}, "get_bam_event_alignment_status": {"executed_lines": [840, 842, 843, 845, 847, 848, 850, 851, 855, 856, 857], "summary": {"covered_lines": 11, "num_statements": 17, "percent_covered": 64.0, "percent_covered_display": "64.00", "missing_lines": 6, "excluded_lines": 0, "num_branches": 8, "num_partial_branches": 3, "covered_branches": 5, "missing_branches": 3}, "missing_lines": [852, 859, 861, 862, 863, 865], "excluded_lines": [], "executed_branches": [[842, 843], [842, 845], [850, 851], [851, 855], [855, 856]], "missing_branches": [[850, 859], [851, 852], [855, 850]]}, "get_bam_modification_info": {"executed_lines": [887, 888, 890, 892, 893, 894, 895, 896, 898, 899, 901, 902, 903, 905, 909, 910, 914, 921, 924, 925, 927, 940, 942], "summary": {"covered_lines": 23, "num_statements": 26, "percent_covered": 84.21052631578948, "percent_covered_display": "84.21", "missing_lines": 3, "excluded_lines": 0, "num_branches": 12, "num_partial_branches": 3, "covered_branches": 9, "missing_branches": 3}, "missing_lines": [929, 930, 931], "excluded_lines": [], "executed_branches": [[887, 888], [887, 890], [901, 902], [902, 903], [902, 905], [909, 910], [914, 921], [914, 924], [924, 925]], "missing_branches": [[901, 927], [909, 924], [924, 901]]}, "_collect_bam_metadata_single_pass": {"executed_lines": [983, 986, 987, 988, 989, 990, 991, 992, 994, 996, 997, 998, 1003, 1004, 1007, 1010, 1013, 1014, 1017, 1020, 1022, 1023, 1024, 1029, 1032, 1033, 1036, 1037, 1040, 1041, 1044, 1047, 1050, 1051, 1053], "summary": {"covered_lines": 35, "num_statements": 36, "percent_covered": 87.93103448275862, "percent_covered_display": "87.93", "missing_lines": 1, "excluded_lines": 0, "num_branches": 22, "num_partial_branches": 6, "covered_branches": 16, "missing_branches": 6}, "missing_lines": [1008], "excluded_lines": [], "executed_branches": [[997, 998], [997, 1003], [1003, 1004], [1003, 1040], [1007, 1010], [1013, 1014], [1020, 1003], [1020, 1022], [1022, 1023], [1024, 1029], [1024, 1032], [1032, 1033], [1036, 1037], [1040, 1041], [1040, 1044], [1050, 1051]], "missing_branches": [[1007, 1008], [1013, 1017], [1022, 1032], [1032, 1036], [1036, 1003], [1050, 1053]]}, "load_bam": {"executed_lines": [1098, 1100, 1101, 1104, 1105, 1106, 1107, 1110, 1111, 1112, 1113, 1119, 1120, 1122, 1128, 1139, 1142, 1143, 1144, 1146], "summary": {"covered_lines": 20, "num_statements": 20, "percent_covered": 92.85714285714286, "percent_covered_display": "92.86", "missing_lines": 0, "excluded_lines": 0, "num_branches": 8, "num_partial_branches": 2, "covered_branches": 6, "missing_branches": 2}, "missing_lines": [], "excluded_lines": [], "executed_branches": [[1100, 1101], [1100, 1104], [1105, 1106], [1110, 1111], [1110, 1122], [1119, 1120]], "missing_branches": [[1105, 1110], [1119, 1128]]}, "get_reads_for_reference_paginated": {"executed_lines": [], "summary": {"covered_lines": 0, "num_statements": 9, "percent_covered": 0.0, "percent_covered_display": "0.00", "missing_lines": 9, "excluded_lines": 0, "num_branches": 6, "num_partial_branches": 0, "covered_branches": 0, "missing_branches": 6}, "missing_lines": [1183, 1184, 1188, 1189, 1190, 1195, 1197, 1198, 1199], "excluded_lines": [], "executed_branches": [], "missing_branches": [[1183, 1184], [1183, 1188], [1188, 1189], [1188, 1195], [1197, 1198], [1197, 1199]]}, "load_fasta": {"executed_lines": [], "summary": {"covered_lines": 0, "num_statements": 19, "percent_covered": 0.0, "percent_covered_display": "0.00", "missing_lines": 19, "excluded_lines": 0, "num_branches": 4, "num_partial_branches": 0, "covered_branches": 0, "missing_branches": 4}, "missing_lines": [1229, 1231, 1232, 1235, 1236, 1237, 1238, 1239, 1240, 1241, 1242, 1248, 1250, 1252, 1253, 1256, 1264, 1267, 1268], "excluded_lines": [], "executed_branches": [], "missing_branches": [[1231, 1232], [1231, 1235], [1236, 1237], [1236, 1248]]}, "get_read_to_reference_mapping": {"executed_lines": [1287, 1288, 1290, 1294, 1297, 1299, 1300, 1301, 1304, 1305, 1307, 1308, 1310, 1313, 1316, 1318], "summary": {"covered_lines": 16, "num_statements": 18, "percent_covered": 85.71428571428571, "percent_covered_display": "85.71", "missing_lines": 2, "excluded_lines": 0, "num_branches": 10, "num_partial_branches": 2, "covered_branches": 8, "missing_branches": 2}, "missing_lines": [1291, 1302], "excluded_lines": [], "executed_branches": [[1287, 1288], [1287, 1290], [1290, 1294], [1300, 1301], [1300, 1313], [1301, 1304], [1307, 1308], [1307, 1310]], "missing_branches": [[1290, 1291], [1301, 1302]]}, "get_current_files": {"executed_lines": [1328], "summary": {"covered_lines": 1, "num_statements": 1, "percent_covered": 100.0, "percent_covered_display": "100.00", "missing_lines": 0, "excluded_lines": 0, "num_branches": 0, "num_partial_branches": 0, "covered_branches": 0, "missing_branches": 0}, "missing_lines": [], "excluded_lines": [], "executed_branches": [], "missing_branches": []}, "get_read_ids": {"executed_lines": [1341, 1342, 1345, 1346], "summary": {"covered_lines": 4, "num_statements": 5, "percent_covered": 77.77777777777777, "percent_covered_display": "77.78", "missing_lines": 1, "excluded_lines": 0, "num_branches": 4, "num_partial_branches": 1, "covered_branches": 3, "missing_branches": 1}, "missing_lines": [1347], "excluded_lines": [], "executed_branches": [[1341, 1342], [1341, 1345], [1345, 1346]], "missing_branches": [[1345, 1347]]}, "close_pod5": {"executed_lines": [1363], "summary": {"covered_lines": 1, "num_statements": 1, "percent_covered": 100.0, "percent_covered_display": "100.00", "missing_lines": 0, "excluded_lines": 0, "num_branches": 0, "num_partial_branches": 0, "covered_branches": 0, "missing_branches": 0}, "missing_lines": [], "excluded_lines": [], "executed_branches": [], "missing_branches": []}, "close_bam": {"executed_lines": [1381], "summary": {"covered_lines": 1, "num_statements": 1, "percent_covered": 100.0, "percent_covered_display": "100.00", "missing_lines": 0, "excluded_lines": 0, "num_branches": 0, "num_partial_branches": 0, "covered_branches": 0, "missing_branches": 0}, "missing_lines": [], "excluded_lines": [], "executed_branches": [], "missing_branches": []}, "close_fasta": {"executed_lines": [], "summary": {"covered_lines": 0, "num_statements": 1, "percent_covered": 0.0, "percent_covered_display": "0.00", "missing_lines": 1, "excluded_lines": 0, "num_branches": 0, "num_partial_branches": 0, "covered_branches": 0, "missing_branches": 0}, "missing_lines": [1399], "excluded_lines": [], "executed_branches": [], "missing_branches": []}, "load_sample": {"executed_lines": [1428], "summary": {"covered_lines": 1, "num_statements": 1, "percent_covered": 100.0, "percent_covered_display": "100.00", "missing_lines": 0, "excluded_lines": 0, "num_branches": 0, "num_partial_branches": 0, "covered_branches": 0, "missing_branches": 0}, "missing_lines": [], "excluded_lines": [], "executed_branches": [], "missing_branches": []}, "get_sample": {"executed_lines": [1445], "summary": {"covered_lines": 1, "num_statements": 1, "percent_covered": 100.0, "percent_covered_display": "100.00", "missing_lines": 0, "excluded_lines": 0, "num_branches": 0, "num_partial_branches": 0, "covered_branches": 0, "missing_branches": 0}, "missing_lines": [], "excluded_lines": [], "executed_branches": [], "missing_branches": []}, "list_samples": {"executed_lines": [1460], "summary": {"covered_lines": 1, "num_statements": 1, "percent_covered": 100.0, "percent_covered_display": "100.00", "missing_lines": 0, "excluded_lines": 0, "num_branches": 0, "num_partial_branches": 0, "covered_branches": 0, "missing_branches": 0}, "missing_lines": [], "excluded_lines": [], "executed_branches": [], "missing_branches": []}, "remove_sample": {"executed_lines": [1474], "summary
[...]
hes": 0, "covered_branches": 0, "missing_branches": 30}, "missing_lines": [1539, 1541, 1542, 1545, 1546, 1547, 1549, 1550, 1551, 1552, 1553, 1555, 1557, 1563, 1564, 1567, 1568, 1569, 1571, 1573, 1574, 1577, 1580, 1581, 1582, 1583, 1585, 1587, 1588, 1589, 1590, 1592, 1595, 1596, 1598, 1599, 1603, 1605, 1607, 1608, 1609, 1611, 1612, 1613, 1615, 1617], "excluded_lines": [], "executed_branches": [], "missing_branches": [[1541, 1542], [1541, 1555], [1545, 1541], [1545, 1546], [1546, 1545], [1546, 1547], [1549, 1550], [1549, 1551], [1551, 1552], [1551, 1553], [1563, 1564], [1563, 1617], [1567, 1568], [1567, 1595], [1580, 1581], [1580, 1585], [1582, 1580], [1582, 1583], [1587, 1588], [1587, 1595], [1595, 1596], [1595, 1617], [1603, 1605], [1603, 1617], [1605, 1607], [1605, 1611], [1608, 1605], [1608, 1609], [1611, 1612], [1611, 1617]]}, "calculate_quality_by_position": {"executed_lines": [], "summary": {"covered_lines": 0, "num_statements": 19, "percent_covered": 0.0, "percent_covered_display": "0.00", "missing_lines": 19, "excluded_lines": 0, "num_branches": 12, "num_partial_branches": 0, "covered_branches": 0, "missing_branches": 12}, "missing_lines": [1632, 1634, 1635, 1636, 1638, 1641, 1642, 1643, 1645, 1646, 1647, 1649, 1650, 1651, 1653, 1654, 1655, 1656, 1658], "excluded_lines": [], "executed_branches": [], "missing_branches": [[1634, 1635], [1634, 1649], [1635, 1636], [1635, 1638], [1641, 1634], [1641, 1642], [1642, 1641], [1642, 1643], [1645, 1646], [1645, 1647], [1653, 1654], [1653, 1658]]}, "extract_reads_for_motif": {"executed_lines": [1702, 1705, 1706, 1707, 1708, 1714, 1716, 1719, 1720, 1725, 1728, 1729, 1730, 1733, 1735, 1737, 1738, 1740, 1741, 1742, 1746, 1749, 1750, 1751, 1756, 1760, 1761, 1763, 1764, 1765, 1766, 1767, 1770, 1774, 1775, 1778, 1779, 1780, 1781, 1787, 1788, 1789, 1790, 1791, 1792, 1793, 1794, 1797, 1799, 1800, 1804, 1825, 1826, 1829, 1830, 1832, 1833, 1834, 1835, 1837, 1840, 1841, 1844, 1850, 1851, 1854, 1855, 1856, 1857, 1859, 1864, 1871], "summary": {"covered_lines": 72, "num_statements": 79, "percent_covered": 86.17886178861788, "percent_covered_display": "86.18", "missing_lines": 7, "excluded_lines": 0, "num_branches": 44, "num_partial_branches": 10, "covered_branches": 34, "missing_branches": 10}, "missing_lines": [1709, 1717, 1743, 1747, 1771, 1873, 1874], "excluded_lines": [], "executed_branches": [[1705, 1706], [1705, 1708], [1708, 1714], [1716, 1719], [1719, 1720], [1719, 1725], [1741, 1742], [1741, 1825], [1742, 1746], [1746, 1749], [1763, 1764], [1763, 1770], [1764, 1763], [1764, 1765], [1765, 1763], [1765, 1766], [1770, 1774], [1780, 1781], [1790, 1791], [1791, 1792], [1791, 1793], [1793, 1794], [1793, 1799], [1799, 1800], [1825, 1826], [1825, 1829], [1833, 1834], [1835, 1833], [1835, 1837], [1850, 1833], [1850, 1851], [1855, 1856], [1855, 1871], [1857, 1859]], "missing_branches": [[1708, 1709], [1716, 1717], [1742, 1743], [1746, 1747], [1770, 1771], [1780, 1787], [1790, 1804], [1799, 1790], [1833, 1854], [1857, 1855]]}, "align_reads_to_motif_center": {"executed_lines": [1895, 1897, 1898, 1900, 1901, 1902, 1904], "summary": {"covered_lines": 7, "num_statements": 7, "percent_covered": 100.0, "percent_covered_display": "100.00", "missing_lines": 0, "excluded_lines": 0, "num_branches": 2, "num_partial_branches": 0, "covered_branches": 2, "missing_branches": 0}, "missing_lines": [], "excluded_lines": [], "executed_branches": [[1897, 1898], [1897, 1904]], "missing_branches": []}, "clip_reads_to_window": {"executed_lines": [], "summary": {"covered_lines": 0, "num_statements": 50, "percent_covered": 0.0, "percent_covered_display": "0.00", "missing_lines": 50, "excluded_lines": 0, "num_branches": 16, "num_partial_branches": 0, "covered_branches": 0, "missing_branches": 16}, "missing_lines": [1922, 1924, 1925, 1926, 1927, 1928, 1929, 1930, 1931, 1934, 1935, 1938, 1939, 1940, 1941, 1942, 1943, 1944, 1945, 1946, 1947, 1949, 1951, 1952, 1953, 1954, 1955, 1958, 1959, 1960, 1961, 1962, 1964, 1965, 1966, 1968, 1971, 1972, 1973, 1974, 1977, 1978, 1979, 1980, 1981, 1984, 1986, 1987, 1989, 1991], "excluded_lines": [], "executed_branches": [], "missing_branches": [[1924, 1925], [1924, 1991], [1934, 1935], [1934, 1938], [1949, 1951], [1949, 1971], [1951, 1952], [1951, 1958], [1958, 1959], [1958, 1964], [1964, 1965], [1964, 1968], [1971, 1972], [1971, 1977], [1986, 1987], [1986, 1989]]}, "_route_to_plots_pane": {"executed_lines": [2007, 2008, 2011, 2012], "summary": {"covered_lines": 4, "num_statements": 9, "percent_covered": 45.45454545454545, "percent_covered_display": "45.45", "missing_lines": 5, "excluded_lines": 0, "num_branches": 2, "num_partial_branches": 1, "covered_branches": 1, "missing_branches": 1}, "missing_lines": [2014, 2015, 2017, 2018, 2020], "excluded_lines": [], "executed_branches": [[2011, 2012]], "missing_branches": [[2011, 2014]]}, "extract_model_provenance": {"executed_lines": [], "summary": {"covered_lines": 0, "num_statements": 28, "percent_covered": 0.0, "percent_covered_display": "0.00", "missing_lines": 28, "excluded_lines": 0, "num_branches": 22, "num_partial_branches": 0, "covered_branches": 0, "missing_branches": 22}, "missing_lines": [2043, 2044, 2046, 2048, 2049, 2051, 2052, 2055, 2056, 2059, 2061, 2062, 2065, 2066, 2069, 2070, 2073, 2074, 2076, 2077, 2078, 2079, 2080, 2083, 2084, 2086, 2088, 2090], "excluded_lines": [], "executed_branches": [], "missing_branches": [[2043, 2044], [2043, 2046], [2051, 2052], [2051, 2090], [2055, 2056], [2055, 2059], [2059, 2061], [2059, 2090], [2061, 2062], [2061, 2065], [2065, 2066], [2065, 2069], [2069, 2070], [2069, 2083], [2074, 2076], [2074, 2083], [2077, 2078], [2077, 2083], [2078, 2077], [2078, 2079], [2083, 2059], [2083, 2084]]}, "validate_sq_headers": {"executed_lines": [2122, 2125, 2128, 2129, 2131, 2133, 2134, 2137, 2138, 2144, 2145, 2147, 2148, 2149, 2151, 2153], "summary": {"covered_lines": 16, "num_statements": 20, "percent_covered": 75.0, "percent_covered_display": "75.00", "missing_lines": 4, "excluded_lines": 0, "num_branches": 4, "num_partial_branches": 2, "covered_branches": 2, "missing_branches": 2}, "missing_lines": [2123, 2126, 2140, 2141], "excluded_lines": [], "executed_branches": [[2122, 2125], [2125, 2128]], "missing_branches": [[2122, 2123], [2125, 2126]]}, "compare_read_sets": {"executed_lines": [2195, 2196, 2198, 2199, 2200, 2203, 2204, 2206], "summary": {"covered_lines": 8, "num_statements": 8, "percent_covered": 100.0, "percent_covered_display": "100.00", "missing_lines": 0, "excluded_lines": 0, "num_branches": 0, "num_partial_branches": 0, "covered_branches": 0, "missing_branches": 0}, "missing_lines": [], "excluded_lines": [], "executed_branches": [], "missing_branches": []}, "calculate_delta_stats": {"executed_lines": [2244, 2247, 2248, 2249, 2250, 2251, 2254, 2255, 2258, 2259, 2261, 2263, 2264, 2265, 2268, 2269, 2270, 2273], "summary": {"covered_lines": 18, "num_statements": 20, "percent_covered": 83.33333333333333, "percent_covered_display": "83.33", "missing_lines": 2, "excluded_lines": 0, "num_branches": 16, "num_partial_branches": 4, "covered_branches": 12, "missing_branches": 4}, "missing_lines": [2256, 2271], "excluded_lines": [], "executed_branches": [[2247, 2248], [2247, 2254], [2249, 2250], [2249, 2254], [2250, 2251], [2254, 2255], [2254, 2268], [2255, 2258], [2261, 2263], [2268, 2269], [2268, 2270], [2270, 2273]], "missing_branches": [[2250, 2249], [2255, 2256], [2261, 2254], [2270, 2271]]}, "compare_signal_distributions": {"executed_lines": [2302], "summary": {"covered_lines": 1, "num_statements": 1, "percent_covered": 100.0, "percent_covered_display": "100.00", "missing_lines": 0, "excluded_lines": 0, "num_branches": 0, "num_partial_branches": 0, "covered_branches": 0, "missing_branches": 0}, "missing_lines": [], "excluded_lines": [], "executed_branches": [], "missing_branches": []}, "": {"executed_lines": [1, 3, 4, 5, 6, 7, 8, 9, 10, 12, 13, 14, 17, 18, 19, 33, 34, 35, 36, 37, 39, 57, 70, 71, 95, 146, 186, 272, 314, 332, 444, 490, 515, 568, 627, 648, 701, 746, 823, 837, 899, 932, 1069, 1148, 1180, 1233, 1335, 1425, 1521, 1620, 1665, 1877, 1907, 1994, 2023, 2093, 2166, 2218, 2276], "summary": {"covered_lines": 57, "num_statements": 57, "percent_covered": 100.0, "percent_covered_display": "100.00", "missing_lines": 0, "excluded_lines": 0, "num_branches": 0, "num_partial_branches": 0, "covered_branches": 0, "missing_branches": 0}, "missing_lines": [], "excluded_lines": [], "executed_branches": [], "missing_branches": []}}, "classes": {"ModelProvenance": {"executed_lines": [], "summary": {"covered_lines": 0, "num_statements": 13, "percent_covered": 0.0, "percent_covered_display": "0.00", "missing_lines": 13, "excluded_lines": 0, "num_branches": 10, "num_partial_branches": 0, "covered_branches": 0, "missing_branches": 10}, "missing_lines": [41, 43, 44, 46, 47, 49, 50, 52, 53, 55, 59, 60, 64], "excluded_lines": [], "executed_branches": [], "missing_branches": [[43, 44], [43, 46], [46, 47], [46, 49], [49, 50], [49, 52], [52, 53], [52, 55], [59, 60], [59, 64]]}, "": {"executed_lines": [1, 3, 4, 5, 6, 7, 8, 9, 10, 12, 13, 14, 17, 18, 19, 33, 34, 35, 36, 37, 39, 57, 70, 71, 84, 85, 86, 88, 89, 90, 92, 95, 105, 107, 108, 114, 120, 121, 123, 124, 125, 126, 127, 133, 134, 135, 139, 140, 143, 146, 154, 160, 161, 163, 164, 165, 166, 167, 173, 174, 175, 179, 180, 183, 186, 272, 293, 295, 297, 298, 301, 302, 305, 308, 314, 332, 444, 490, 503, 505, 508, 509, 512, 515, 527, 528, 530, 531, 534, 535, 537, 540, 541, 546, 547, 550, 551, 552, 553, 554, 555, 557, 558, 560, 562, 563, 565, 568, 590, 591, 593, 596, 597, 598, 599, 601, 602, 605, 606, 607, 608, 609, 610, 611, 612, 613, 614, 617, 618, 619, 624, 627, 639, 640, 642, 643, 648, 663, 664, 666, 668, 669, 671, 672, 679, 680, 681, 683, 684, 692, 693, 698, 701, 746, 823, 837, 899, 912, 913, 914, 915, 916, 920, 921, 922, 924, 932, 957, 960, 962, 963, 964, 965, 969, 970, 971, 974, 977, 978, 979, 982, 987, 988, 989, 991, 992, 993, 1000, 1001, 1002, 1004, 1006, 1007, 1009, 1010, 1012, 1028, 1035, 1036, 1038, 1039, 1040, 1041, 1042, 1046, 1047, 1050, 1051, 1052, 1053, 1054, 1061, 1069, 1122, 1124, 1126, 1132, 1133, 1136, 1137, 1140, 1143, 1145, 1148, 1173, 1174, 1175, 1177, 1180, 1208, 1209, 1212, 1214, 1216, 1218, 1219, 1221, 1222, 1224, 1226, 1227, 1228, 1230, 1233, 1335, 1425, 1440, 1443, 1444, 1446, 1447, 1451, 1452, 1453, 1454, 1458, 1459, 1462, 1464, 1470, 1473, 1477, 1479, 1480, 1481, 1484, 1486, 1487, 1488, 1489, 1490, 1493, 1494, 1497, 1498, 1499, 1500, 1501, 1503, 1504, 1505, 1506, 1507, 1508, 1512, 1521, 1620, 1665, 1702, 1705, 1706, 1707, 1708, 1714, 1716, 1719, 1720, 1725, 1728, 1729, 1730, 1733, 1735, 1737, 1738, 1740, 1741, 1742, 1746, 1749, 1750, 1751, 1756, 1760, 1761, 1763, 1764, 1765, 1766, 1767, 1770, 1774, 1775, 1778, 1779, 1780, 1781, 1787, 1788, 1789, 1790, 1791, 1792, 1793, 1794, 1797, 1799, 1800, 1804, 1825, 1826, 1829, 1830, 1832, 1833, 1834, 1835, 1837, 1840, 1841, 1844, 1850, 1851, 1854, 1855, 1856, 1857, 1859, 1864, 1871, 1877, 1895, 1897, 1898, 1900, 1901, 1902, 1904, 1907, 1994, 2007, 2008, 2011, 2012, 2023, 2093, 2122, 2125, 2128, 2129, 2131, 2133, 2134, 2137, 2138, 2144, 2145, 2147, 2148, 2149, 2151, 2153, 2166, 2195, 2196, 2198, 2199, 2200, 2203, 2204, 2206, 2218, 2244, 2247, 2248, 2249, 2250, 2251, 2254, 2255, 2258, 2259, 2261, 2263, 2264, 2265, 2268, 2269, 2270, 2273, 2276, 2302], "summary": {"covered_lines": 420, "num_statements": 885, "percent_covered": 43.78378378378378, "percent_covered_display": "43.78", "missing_lines": 465, "excluded_lines": 0, "num_branches": 410, "num_partial_branches": 45, "covered_branches": 147, "missing_branches": 263}, "missing_lines": [106, 110, 115, 116, 117, 128, 129, 130, 136, 141, 155, 156, 157, 168, 169, 170, 176, 181, 200, 201, 202, 204, 206, 208, 210, 211, 214, 215, 218, 219, 220, 221, 225, 228, 229, 231, 234, 239, 240, 241, 244, 247, 248, 250, 252, 253, 255, 256, 261, 262, 263, 264, 266, 268, 269, 299, 306, 310, 311, 323, 324, 325, 326, 327, 328, 329, 345, 346, 347, 348, 350, 352, 353, 355, 357, 358, 359, 362, 363, 364, 367, 368, 369, 370, 371, 372, 373, 374, 375, 376, 379, 381, 382, 384, 386, 391, 392, 395, 396, 401, 402, 403, 406, 409, 410, 411, 413, 415, 416, 418, 419, 424, 425, 427, 428, 433, 434, 435, 436, 438, 440, 441, 466, 467, 468, 469, 470, 473, 474, 475, 476, 479, 481, 506, 620, 621, 644, 645, 685, 687, 695, 696, 716, 717, 719, 720, 722, 723, 724, 726, 727, 729, 732, 733, 736, 737, 739, 741, 743, 772, 773, 776, 777, 778, 783, 785, 786, 788, 789, 790, 796, 798, 801, 804, 805, 806, 808, 817, 818, 820, 833, 834, 849, 850, 852, 853, 854, 855, 856, 858, 859, 862, 863, 866, 868, 869, 871, 873, 877, 878, 880, 881, 882, 883, 885, 886, 889, 891, 893, 895, 896, 917, 926, 927, 966, 975, 994, 996, 1029, 1030, 1032, 1063, 1064, 1259, 1261, 1262, 1263, 1264, 1265, 1267, 1268, 1271, 1274, 1276, 1277, 1279, 1280, 1282, 1283, 1284, 1285, 1287, 1290, 1291, 1292, 1293, 1294, 1295, 1296, 1299, 1300, 1302, 1303, 1304, 1306, 1307, 1308, 1311, 1312, 1315, 1317, 1327, 1332, 1353, 1355, 1356, 1357, 1358, 1359, 1362, 1364, 1366, 1369, 1370, 1372, 1373, 1375, 1378, 1380, 1381, 1382, 1383, 1385, 1388, 1389, 1392, 1394, 1395, 1396, 1398, 1400, 1403, 1404, 1405, 1406, 1407, 1409, 1410, 1411, 1412, 1413, 1414, 1416, 1466, 1539, 1541, 1542, 1545, 1546, 1547, 1549, 1550, 1551, 1552, 1553, 1555, 1557, 1563, 1564, 1567, 1568, 1569, 1571, 1573, 1574, 1577, 1580, 1581, 1582, 1583, 1585, 1587, 1588, 1589, 1590, 1592, 1595, 1596, 1598, 1599, 1603, 1605, 1607, 1608, 1609, 1611, 1612, 1613, 1615, 1617, 1632, 1634, 1635, 1636, 1638, 1641, 1642, 1643, 1645, 1646, 1647, 1649, 1650, 1651, 1653, 1654, 1655, 1656, 1658, 1709, 1717, 1743, 1747, 1771, 1873, 1874, 1922, 1924, 1925, 1926, 1927, 1928, 1929, 1930, 1931, 1934, 1935, 1938, 1939, 1940, 1941, 1942, 1943, 1944, 1945, 1946, 1947, 1949, 1951, 1952, 1953, 1954, 1955, 1958, 1959, 1960, 1961, 1962, 1964, 1965, 1966, 1968, 1971, 1972, 1973, 1974, 1977, 1978, 1979, 1980, 1981, 1984, 1986, 1987, 1989, 1991, 2014, 2015, 2017, 2018, 2020, 2043, 2044, 2046, 2048, 2049, 2051, 2052, 2055, 2056, 2059, 2061, 2062, 2065, 2066, 2069, 2070, 2073, 2074, 2076, 2077, 2078, 2079, 2080, 2083, 2084, 2086, 2088, 2090, 2123, 2126, 2140, 2141, 2256, 2271], "excluded_lines": [], "executed_branches": [[105, 107], [107, 108], [114, 120], [125, 126], [127, 133], [135, 139], [140, 143], [154, 160], [165, 166], [167, 173], [175, 179], [180, 183], [298, 301], [305, 308], [505, 508], [508, 509], [508, 512], [527, 528], [527, 530], [534, 535], [534, 560], [535, 534], [535, 537], [540, 541], [552, 553], [552, 557], [553, 554], [553, 555], [590, 591], [590, 593], [596, 597], [596, 624], [598, 599], [598, 601], [605, 606], [605, 617], [607, 608], [607, 609], [639, 640], [639, 642], [663, 664], [663, 666], [671, 672], [671, 698], [680, 681], [692, 671], [692, 693], [915, 916], [915, 924], [916, 920], [921, 915], [921, 922], [964, 965], [964, 1028], [965, 969], [970, 971], [970, 974], [974, 977], [992, 993], [1004, 1006], [1006, 1007], [1009, 1010], [1028, 1035], [1039, 1040], [1041, 1039], [1041, 1042], [1046, 1039], [1046, 1047], [1051, 1052], [1051, 1061], [1053, 1054], [1124, 1126], [1124, 1132], [1136, 1137], [1136, 1140], [1214, 1216], [1214, 1218], [1221, -1180], [1221, 1222], [1222, 1221], [1222, 1224], [1224, 1226], [1224, 1230], [1446, 1447], [1446, 1497], [1464, 1470], [1479, 1446], [1479, 1480], [1484, 1486], [1484, 1493], [1486, 1487], [1486, 1489], [1493, 1479], [1493, 1494], [1503, 1504], [1503, 1512], [1705, 1706], [1705, 1708], [1708, 1714], [1716, 1719], [1719, 1720], [1719, 1725], [1741, 1742], [1741, 1825], [1742, 1746], [1746, 1749], [1763, 1764], [1763, 1770], [1764, 1763], [1764, 1765], [1765, 1763], [1765, 1766], [1770, 1774], [1780, 1781], [1790, 1791], [1791, 1792], [1791, 1793], [1793, 1794], [1793, 1799], [1799, 1800], [1825, 1826], [1825, 1829], [1833, 1834], [1835, 1833], [1835, 1837], [1850, 1833], [1850, 1851], [1855, 1856], [1855, 1871], [1857, 1859], [1897, 1898], [1897, 1904], [2011, 2012], [2122, 2125], [2125, 2128], [2247, 2248], [2247, 2254], [2249, 2250], [2249, 2254], [2250, 2251], [2254, 2255], [2254, 2268], [2255, 2258], [2261, 2263], [2268, 2269], [2268, 2270], [2270, 2273]], "missing_branches": [[105, 106], [107, 110], [114, 115], [116, 117], [116, 120], [125, 133], [127, 128], [135, 136], [140, 141], [154, 155], [156, 157], [156, 160], [165, 173], [167, 168], [175, 176], [180, 181], [214, 215], [214, 218], [218, 219], [218, 221], [225, 228], [225, 247], [231, 234], [231, 244], [239, 240], [239, 241], [250, 252], [250, 266], [255, 256], [255, 264], [261, 262], [261, 263], [298, 299], [305, 306], [362, 363], [362, 367], [367, 368], [367, 370], [370, 371], [370, 376], [379, 381], [379, 409], [384, 386], [384, 406], [391, 392], [391, 395], [395, 396], [395, 403], [401, 402], [401, 403], [413, 415], [413, 438], [418, 419], [418, 436], [424, 425], [424, 427], [427, 428], [427, 435], [433, 434], [433, 435], [469, 470], [469, 473], [475, 476], [475, 479], [505, 506], [540, 534], [680, 692], [716, 717], [716, 719], [724, 726], [724, 743], [726, 727], [726, 729], [732, 733], [732, 736], [772, 773], [772, 776], [777, 778], [777, 783], [788, 789], [788, 796], [796, 798], [796, 801], [804, 805], [804, 820], [805, 806], [805, 808], [853, 854], [853, 858], [854, 853], [854, 855], [858, 859], [858, 862], [866, 868], [866, 877], [868, 869], [868, 877], [869, 868], [869, 871], [871, 868], [871, 873], [880, 881], [880, 891], [881, 880], [881, 882], [883, 885], [883, 889], [916, 917], [965, 966], [974, 975], [992, 1000], [1004, 1012], [1006, 1009], [1009, 1012], [1028, 1029], [1029, 1030], [1029, 1032], [1039, 1050], [1053, 1051], [1261, 1262], [1261, 1290], [1263, 1261], [1263, 1264], [1264, 1265], [1264, 1267], [1274, 1276], [1274, 1282], [1276, 1277], [1276, 1279], [1279, 1280], [1279, 1282], [1282, 1283], [1282, 1284], [1284, 1285], [1284, 1287], [1291, 1292], [1291, 1299], [1293, 1291], [1293, 1294], [1294, 1295], [1294, 1296], [1302, 1303], [1302, 1327], [1306, 1302], [1306, 1307], [1307, 1308], [1307, 1311], [1355, 1356], [1355, 1403], [1364, 1366], [1364, 1369], [1372, 1355], [1372, 1373], [1373, 1375], [1373, 1400], [1375, 1378], [1375, 1400], [1380, 1381], [1380, 1385], [1381, 1380], [1381, 1382], [1394, 1395], [1394, 1396], [1409, 1410], [1409, 1416], [1464, 1466], [1541, 1542], [1541, 1555], [1545, 1541], [1545, 1546], [1546, 1545], [1546, 1547], [1549, 1550], [1549, 1551], [1551, 1552], [1551, 1553], [1563, 1564], [1563, 1617], [1567, 1568], [1567, 1595], [1580, 1581], [1580, 1585], [1582, 1580], [1582, 1583], [1587, 1588], [1587, 1595], [1595, 1596], [1595, 1617], [1603, 1605], [1603, 1617], [1605, 1607], [1605, 1611], [1608, 1605], [1608, 1609], [1611, 1612], [1611, 1617], [1634, 1635], [1634, 1649], [1635, 1636], [1635, 1638], [1641, 1634], [1641, 1642], [1642, 1641], [1642, 1643], [1645, 1646], [1645, 1647], [1653, 1654], [1653, 1658], [1708, 1709], [1716, 1717], [1742, 1743], [1746, 1747], [1770, 1771], [1780, 1787], [1790, 1804], [1799, 1790], [1833, 1854], [1857, 1855], [1924, 1925], [1924, 1991], [1934, 1935], [1934, 1938], [1949, 1951], [1949, 1971], [1951, 1952], [1951, 1958], [1958, 1959], [1958, 1964], [1964, 1965], [1964, 1968], [1971, 1972], [1971, 1977], [1986, 1987], [1986, 1989], [2011, 2014], [2043, 2044], [2043, 2046], [2051, 2052], [2051, 2090], [2055, 2056], [2055, 2059], [2059, 2061], [2059, 2090], [2061, 2062], [2061, 2065], [2065, 2066], [2065, 2069], [2069, 2070], [2069, 2083], [2074, 2076], [2074, 2083], [2077, 2078], [2077, 2083], [2078, 2077], [2078, 2079], [2083, 2059], [2083, 2084], [2122, 2123], [2125, 2126], [2250, 2249], [2255, 2256], [2261, 2254], [2270, 2271]]}}}}, "totals": {"covered_lines": 2514, "num_statements": 3617, "percent_covered": 65.76884422110552, "percent_covered_display": "65.77", "missing_lines": 1103, "excluded_lines": 4, "num_branches": 1358, "num_partial_branches": 172, "covered_branches": 758, "missing_branches": 600}}