{"total": {"lines":{"total":76,"covered":76,"skipped":0,"pct":100},"statements":{"total":84,"covered":84,"skipped":0,"pct":100},"functions":{"total":24,"covered":24,"skipped":0,"pct":100},"branches":{"total":27,"covered":24,"skipped":0,"pct":88.88},"branchesTrue":{"total":0,"covered":0,"skipped":0,"pct":"Unknown"}}
,"/Users/jayhesselberth/devel/rnabioco/squiggy-refactor-improve-test-coverage/src/views/squiggy-file-panel.ts": {"lines":{"total":76,"covered":76,"skipped":0,"pct":100},"functions":{"total":24,"covered":24,"skipped":0,"pct":100},"statements":{"total":84,"covered":84,"skipped":0,"pct":100},"branches":{"total":27,"covered":24,"skipped":0,"pct":88.88}}
}
