{"total": {"lines":{"total":92,"covered":92,"skipped":0,"pct":100},"statements":{"total":92,"covered":92,"skipped":0,"pct":100},"functions":{"total":9,"covered":9,"skipped":0,"pct":100},"branches":{"total":36,"covered":36,"skipped":0,"pct":100},"branchesTrue":{"total":0,"covered":0,"skipped":0,"pct":"Unknown"}}
,"/Users/jayhesselberth/devel/rnabioco/squiggy-refactor-improve-test-coverage/src/views/squiggy-plot-options-view.ts": {"lines":{"total":92,"covered":92,"skipped":0,"pct":100},"functions":{"total":9,"covered":9,"skipped":0,"pct":100},"statements":{"total":92,"covered":92,"skipped":0,"pct":100},"branches":{"total":36,"covered":36,"skipped":0,"pct":100}}
}
