TN:
SF:src/webview/squiggy-plot-panel.ts
FN:17,(anonymous_9)
FN:21,(anonymous_10)
FN:25,(anonymous_11)
FN:40,(anonymous_12)
FN:70,(anonymous_13)
FN:86,(anonymous_14)
FN:94,(anonymous_15)
FN:109,(anonymous_16)
FN:125,(anonymous_17)
FN:171,(anonymous_18)
FNF:10
FNH:10
FNDA:25,(anonymous_9)
FNDA:1,(anonymous_10)
FNDA:2,(anonymous_11)
FNDA:26,(anonymous_12)
FNDA:14,(anonymous_13)
FNDA:6,(anonymous_14)
FNDA:4,(anonymous_15)
FNDA:4,(anonymous_16)
FNDA:14,(anonymous_17)
FNDA:6,(anonymous_18)
DA:7,1
DA:8,1
DA:10,1
DA:13,25
DA:14,25
DA:15,25
DA:18,25
DA:21,25
DA:24,25
DA:26,2
DA:28,1
DA:29,1
DA:41,26
DA:46,26
DA:47,1
DA:48,1
DA:52,25
DA:63,25
DA:64,25
DA:71,14
DA:72,14
DA:76,14
DA:79,14
DA:82,14
DA:86,14
DA:87,6
DA:96,4
DA:98,2
DA:99,1
DA:102,2
DA:110,4
DA:112,4
DA:114,4
DA:115,0
DA:116,0
DA:117,0
DA:126,14
DA:175,6
LF:38
LH:35
BRDA:26,0,0,1
BRDA:41,1,0,1
BRDA:41,1,1,25
BRDA:46,2,0,1
BRDA:46,2,1,25
BRDA:55,3,0,25
BRDA:55,3,1,24
BRDA:76,4,0,13
BRDA:76,4,1,1
BRDA:96,5,0,2
BRDA:96,5,1,2
BRDA:116,6,0,0
BRDA:116,6,1,0
BRF:13
BRH:11
end_of_record
