TN:
SF:src/views/squiggy-motif-panel.ts
FN:23,(anonymous_10)
FN:38,(anonymous_11)
FN:50,(anonymous_12)
FN:333,(anonymous_13)
FN:372,(anonymous_14)
FN:404,(anonymous_15)
FN:420,(anonymous_16)
FN:428,(anonymous_17)
FNF:8
FNH:8
FNDA:21,(anonymous_10)
FNDA:12,(anonymous_11)
FNDA:21,(anonymous_12)
FNDA:7,(anonymous_13)
FNDA:5,(anonymous_14)
FNDA:21,(anonymous_15)
FNDA:6,(anonymous_16)
FNDA:1,(anonymous_17)
DA:7,1
DA:10,1
DA:11,1
DA:14,23
DA:15,23
DA:16,23
DA:19,23
DA:20,23
DA:28,21
DA:30,21
DA:35,21
DA:38,21
DA:39,12
DA:41,7
DA:42,7
DA:44,5
DA:45,5
DA:51,21
DA:334,7
DA:335,1
DA:336,1
DA:339,6
DA:340,6
DA:341,6
DA:343,6
DA:344,6
DA:345,5
DA:351,3
DA:353,1
DA:356,1
DA:359,2
DA:362,2
DA:364,6
DA:365,6
DA:377,5
DA:378,1
DA:379,1
DA:382,4
DA:383,1
DA:384,1
DA:387,3
DA:388,3
DA:395,2
DA:405,21
DA:406,1
DA:409,20
DA:421,6
DA:422,6
DA:429,1
DA:430,1
DA:431,1
DA:432,1
LF:52
LH:52
BRDA:39,0,0,7
BRDA:39,0,1,5
BRDA:41,1,0,7
BRDA:41,1,1,1
BRDA:333,2,0,0
BRDA:334,3,0,1
BRDA:334,3,1,6
BRDA:344,4,0,5
BRDA:344,4,1,1
BRDA:344,5,0,6
BRDA:344,5,1,5
BRDA:360,6,0,1
BRDA:360,6,1,1
BRDA:377,7,0,1
BRDA:377,7,1,4
BRDA:382,8,0,1
BRDA:382,8,1,3
BRDA:382,9,0,4
BRDA:382,9,1,4
BRDA:396,10,0,1
BRDA:396,10,1,1
BRDA:405,11,0,1
BRDA:405,11,1,20
BRF:23
BRH:22
end_of_record
